This file contains any messages produced by compilers while
running configure, to aid debugging if configure makes a mistake.

It was created by configure, which was
generated by GNU Autoconf 2.68.  Invocation command line was

  $ ./configure --with-apr=../../bin/apr-1-config --prefix=/Developer/Projects/cube2/sauerbomber/trunk/src/xcode/Libs

## --------- ##
## Platform. ##
## --------- ##

hostname = femputer.local
uname -m = i386
uname -r = 10.8.0
uname -s = Darwin
uname -v = Darwin Kernel Version 10.8.0: Tue Jun  7 16:33:36 PDT 2011; root:xnu-1504.15.3~1/RELEASE_I386

/usr/bin/uname -p = i386
/bin/uname -X     = unknown

/bin/arch              = unknown
/usr/bin/arch -k       = unknown
/usr/convex/getsysinfo = unknown
/usr/bin/hostinfo      = Mach kernel version:
	 Darwin Kernel Version 10.8.0: Tue Jun  7 16:33:36 PDT 2011; root:xnu-1504.15.3~1/RELEASE_I386
Kernel configured for up to 2 processors.
2 processors are physically available.
2 processors are logically available.
Processor type: i486 (Intel 80486)
Processors active: 0 1
Primary memory available: 2.00 gigabytes
Default processor set: 94 tasks, 353 threads, 2 processors
Load average: 0.64, Mach factor: 1.35
/bin/machine           = unknown
/usr/bin/oslevel       = unknown
/bin/universe          = unknown

PATH: /Users/michael/usr/sbin
PATH: /sbin
PATH: /usr/sbin
PATH: /Users/michael/usr/bin
PATH: .
PATH: /opt/mapc/bin
PATH: /opt/mapc/sbin
PATH: /opt/cuscus/bin
PATH: /opt/cuscus/sbin
PATH: /usr/local/bin
PATH: /usr/local/sbin
PATH: /opt/local/bin
PATH: /opt/local/sbin
PATH: /Developer/usr/bin
PATH: /Developer/usr/sbin
PATH: /bin
PATH: /sbin
PATH: /usr/bin
PATH: /usr/sbin
PATH: /opt/X11/bin
PATH: /opt/X11/sbin
PATH: /usr/X11/bin
PATH: /usr/X11/sbin
PATH: /opt/sw/bin
PATH: /opt/sw/sbin
PATH: /Developer/SDKs/Android/tools
PATH: /usr/texbin
PATH: /var/root/.local/bin
PATH: .
PATH: /Users/michael/usr/games
PATH: /usr/local/games


## ----------- ##
## Core tests. ##
## ----------- ##

configure:2587: checking build system type
configure:2601: result: x86_64-apple-darwin10.8.0
configure:2621: checking host system type
configure:2634: result: x86_64-apple-darwin10.8.0
configure:2654: checking target system type
configure:2667: result: x86_64-apple-darwin10.8.0
configure:2709: checking for a BSD-compatible install
configure:2777: result: /usr/bin/install -c
configure:2805: checking for working mkdir -p
configure:2821: result: yes
configure:2915: checking for chosen layout
configure:2917: result: apr-util
configure:3089: checking for gcc
configure:3116: result: gcc-4.2
configure:3345: checking for C compiler version
configure:3354: gcc-4.2 --version >&5
i686-apple-darwin10-gcc-4.2.1 (GCC) 4.2.1 (Apple Inc. build 5666) (dot 3)
Copyright (C) 2007 Free Software Foundation, Inc.
This is free software; see the source for copying conditions.  There is NO
warranty; not even for MERCHANTABILITY or FITNESS FOR A PARTICULAR PURPOSE.

configure:3365: $? = 0
configure:3354: gcc-4.2 -v >&5
Using built-in specs.
Target: i686-apple-darwin10
Configured with: /var/tmp/gcc/gcc-5666.3~6/src/configure --disable-checking --enable-werror --prefix=/usr --mandir=/share/man --enable-languages=c,objc,c++,obj-c++ --program-transform-name=/^[cg][^.-]*$/s/$/-4.2/ --with-slibdir=/usr/lib --build=i686-apple-darwin10 --program-prefix=i686-apple-darwin10- --host=x86_64-apple-darwin10 --target=i686-apple-darwin10 --with-gxx-include-dir=/include/c++/4.2.1
Thread model: posix
gcc version 4.2.1 (Apple Inc. build 5666) (dot 3)
configure:3365: $? = 0
configure:3354: gcc-4.2 -V >&5
gcc-4.2: argument to `-V' is missing
configure:3365: $? = 1
configure:3354: gcc-4.2 -qversion >&5
i686-apple-darwin10-gcc-4.2.1: no input files
configure:3365: $? = 1
configure:3385: checking whether the C compiler works
configure:3407: gcc-4.2 -Wall -force_cpusubtype_ALL -mmacosx-version-min=10.4 -arch i386 -arch ppc -arch x86_64 -I/opt/mapc/include:/opt/cuscus/include:/usr/local/include:/opt/local/include:/Developer/usr/include:/include:/usr/include:/opt/X11/include:/usr/X11/include:/opt/sw/include -L/opt/mapc/lib:/opt/cuscus/lib:/usr/local/lib:/opt/local/lib:/Developer/usr/lib:/lib:/usr/lib:/opt/X11/lib:/usr/X11/lib:/opt/sw/lib conftest.c -lstdc++ >&5
ld: warning: directory '/opt/mapc/lib:/opt/cuscus/lib:/usr/local/lib:/opt/local/lib:/Developer/usr/lib:/lib:/usr/lib:/opt/X11/lib:/usr/X11/lib:/opt/sw/lib' following -L not found
ld: warning: directory '/opt/mapc/lib:/opt/cuscus/lib:/usr/local/lib:/opt/local/lib:/Developer/usr/lib:/lib:/usr/lib:/opt/X11/lib:/usr/X11/lib:/opt/sw/lib' following -L not found
ld: warning: directory '/opt/mapc/lib:/opt/cuscus/lib:/usr/local/lib:/opt/local/lib:/Developer/usr/lib:/lib:/usr/lib:/opt/X11/lib:/usr/X11/lib:/opt/sw/lib' following -L not found
configure:3411: $? = 0
configure:3459: result: yes
configure:3462: checking for C compiler default output file name
configure:3464: result: a.out
configure:3470: checking for suffix of executables
configure:3477: gcc-4.2 -o conftest -Wall -force_cpusubtype_ALL -mmacosx-version-min=10.4 -arch i386 -arch ppc -arch x86_64 -I/opt/mapc/include:/opt/cuscus/include:/usr/local/include:/opt/local/include:/Developer/usr/include:/include:/usr/include:/opt/X11/include:/usr/X11/include:/opt/sw/include -L/opt/mapc/lib:/opt/cuscus/lib:/usr/local/lib:/opt/local/lib:/Developer/usr/lib:/lib:/usr/lib:/opt/X11/lib:/usr/X11/lib:/opt/sw/lib conftest.c -lstdc++ >&5
ld: warning: directory '/opt/mapc/lib:/opt/cuscus/lib:/usr/local/lib:/opt/local/lib:/Developer/usr/lib:/lib:/usr/lib:/opt/X11/lib:/usr/X11/lib:/opt/sw/lib' following -L not found
ld: warning: directory '/opt/mapc/lib:/opt/cuscus/lib:/usr/local/lib:/opt/local/lib:/Developer/usr/lib:/lib:/usr/lib:/opt/X11/lib:/usr/X11/lib:/opt/sw/lib' following -L not found
ld: warning: directory '/opt/mapc/lib:/opt/cuscus/lib:/usr/local/lib:/opt/local/lib:/Developer/usr/lib:/lib:/usr/lib:/opt/X11/lib:/usr/X11/lib:/opt/sw/lib' following -L not found
configure:3481: $? = 0
configure:3503: result: 
configure:3525: checking whether we are cross compiling
configure:3533: gcc-4.2 -o conftest -Wall -force_cpusubtype_ALL -mmacosx-version-min=10.4 -arch i386 -arch ppc -arch x86_64 -I/opt/mapc/include:/opt/cuscus/include:/usr/local/include:/opt/local/include:/Developer/usr/include:/include:/usr/include:/opt/X11/include:/usr/X11/include:/opt/sw/include -L/opt/mapc/lib:/opt/cuscus/lib:/usr/local/lib:/opt/local/lib:/Developer/usr/lib:/lib:/usr/lib:/opt/X11/lib:/usr/X11/lib:/opt/sw/lib conftest.c -lstdc++ >&5
ld: warning: directory '/opt/mapc/lib:/opt/cuscus/lib:/usr/local/lib:/opt/local/lib:/Developer/usr/lib:/lib:/usr/lib:/opt/X11/lib:/usr/X11/lib:/opt/sw/lib' following -L not found
ld: warning: directory '/opt/mapc/lib:/opt/cuscus/lib:/usr/local/lib:/opt/local/lib:/Developer/usr/lib:/lib:/usr/lib:/opt/X11/lib:/usr/X11/lib:/opt/sw/lib' following -L not found
ld: warning: directory '/opt/mapc/lib:/opt/cuscus/lib:/usr/local/lib:/opt/local/lib:/Developer/usr/lib:/lib:/usr/lib:/opt/X11/lib:/usr/X11/lib:/opt/sw/lib' following -L not found
configure:3537: $? = 0
configure:3544: ./conftest
configure:3548: $? = 0
configure:3563: result: no
configure:3568: checking for suffix of object files
configure:3590: gcc-4.2 -c -Wall -force_cpusubtype_ALL -mmacosx-version-min=10.4 -arch i386 -arch ppc -arch x86_64 -I/opt/mapc/include:/opt/cuscus/include:/usr/local/include:/opt/local/include:/Developer/usr/include:/include:/usr/include:/opt/X11/include:/usr/X11/include:/opt/sw/include conftest.c >&5
configure:3594: $? = 0
configure:3615: result: o
configure:3619: checking whether we are using the GNU C compiler
configure:3638: gcc-4.2 -c -Wall -force_cpusubtype_ALL -mmacosx-version-min=10.4 -arch i386 -arch ppc -arch x86_64 -I/opt/mapc/include:/opt/cuscus/include:/usr/local/include:/opt/local/include:/Developer/usr/include:/include:/usr/include:/opt/X11/include:/usr/X11/include:/opt/sw/include conftest.c >&5
configure:3638: $? = 0
configure:3647: result: yes
configure:3656: checking whether gcc-4.2 accepts -g
configure:3676: gcc-4.2 -c -g -I/opt/mapc/include:/opt/cuscus/include:/usr/local/include:/opt/local/include:/Developer/usr/include:/include:/usr/include:/opt/X11/include:/usr/X11/include:/opt/sw/include conftest.c >&5
configure:3676: $? = 0
configure:3717: result: yes
configure:3734: checking for gcc-4.2 option to accept ISO C89
configure:3798: gcc-4.2  -c -Wall -force_cpusubtype_ALL -mmacosx-version-min=10.4 -arch i386 -arch ppc -arch x86_64 -I/opt/mapc/include:/opt/cuscus/include:/usr/local/include:/opt/local/include:/Developer/usr/include:/include:/usr/include:/opt/X11/include:/usr/X11/include:/opt/sw/include conftest.c >&5
configure:3798: $? = 0
configure:3811: result: none needed
configure:3988: checking for APR
configure:4067: result: yes
configure:4334: checking how to run the C preprocessor
configure:4404: result: gcc-4.2 -E
configure:4424: gcc-4.2 -E -I/opt/mapc/include:/opt/cuscus/include:/usr/local/include:/opt/local/include:/Developer/usr/include:/include:/usr/include:/opt/X11/include:/usr/X11/include:/opt/sw/include -DDARWIN -DSIGPROCMASK_SETS_THREAD_MASK -no-cpp-precomp -DDARWIN_10 conftest.c
configure:4424: $? = 0
configure:4438: gcc-4.2 -E -I/opt/mapc/include:/opt/cuscus/include:/usr/local/include:/opt/local/include:/Developer/usr/include:/include:/usr/include:/opt/X11/include:/usr/X11/include:/opt/sw/include -DDARWIN -DSIGPROCMASK_SETS_THREAD_MASK -no-cpp-precomp -DDARWIN_10 conftest.c
conftest.c:9:28: error: ac_nonexistent.h: No such file or directory
configure:4438: $? = 1
configure: failed program was:
| /* confdefs.h */
| #define PACKAGE_NAME ""
| #define PACKAGE_TARNAME ""
| #define PACKAGE_VERSION ""
| #define PACKAGE_STRING ""
| #define PACKAGE_BUGREPORT ""
| #define PACKAGE_URL ""
| /* end confdefs.h.  */
| #include <ac_nonexistent.h>
configure:4467: checking for grep that handles long lines and -e
configure:4525: result: /usr/bin/grep
configure:4530: checking for egrep
configure:4592: result: /usr/bin/grep -E
configure:4597: checking for ANSI C header files
configure:4617: gcc-4.2 -c -Wall -force_cpusubtype_ALL -mmacosx-version-min=10.4 -arch i386 -arch ppc -arch x86_64 -I/opt/mapc/include:/opt/cuscus/include:/usr/local/include:/opt/local/include:/Developer/usr/include:/include:/usr/include:/opt/X11/include:/usr/X11/include:/opt/sw/include -DDARWIN -DSIGPROCMASK_SETS_THREAD_MASK -no-cpp-precomp -DDARWIN_10 conftest.c >&5
configure:4617: $? = 0
configure:4690: gcc-4.2 -o conftest -Wall -force_cpusubtype_ALL -mmacosx-version-min=10.4 -arch i386 -arch ppc -arch x86_64 -I/opt/mapc/include:/opt/cuscus/include:/usr/local/include:/opt/local/include:/Developer/usr/include:/include:/usr/include:/opt/X11/include:/usr/X11/include:/opt/sw/include -DDARWIN -DSIGPROCMASK_SETS_THREAD_MASK -no-cpp-precomp -DDARWIN_10 -L/opt/mapc/lib:/opt/cuscus/lib:/usr/local/lib:/opt/local/lib:/Developer/usr/lib:/lib:/usr/lib:/opt/X11/lib:/usr/X11/lib:/opt/sw/lib conftest.c -lstdc++ >&5
ld: warning: directory '/opt/mapc/lib:/opt/cuscus/lib:/usr/local/lib:/opt/local/lib:/Developer/usr/lib:/lib:/usr/lib:/opt/X11/lib:/usr/X11/lib:/opt/sw/lib' following -L not found
ld: warning: directory '/opt/mapc/lib:/opt/cuscus/lib:/usr/local/lib:/opt/local/lib:/Developer/usr/lib:/lib:/usr/lib:/opt/X11/lib:/usr/X11/lib:/opt/sw/lib' following -L not found
ld: warning: directory '/opt/mapc/lib:/opt/cuscus/lib:/usr/local/lib:/opt/local/lib:/Developer/usr/lib:/lib:/usr/lib:/opt/X11/lib:/usr/X11/lib:/opt/sw/lib' following -L not found
configure:4690: $? = 0
configure:4690: ./conftest
configure:4690: $? = 0
configure:4701: result: yes
configure:4714: checking for sys/types.h
configure:4714: gcc-4.2 -c -Wall -force_cpusubtype_ALL -mmacosx-version-min=10.4 -arch i386 -arch ppc -arch x86_64 -I/opt/mapc/include:/opt/cuscus/include:/usr/local/include:/opt/local/include:/Developer/usr/include:/include:/usr/include:/opt/X11/include:/usr/X11/include:/opt/sw/include -DDARWIN -DSIGPROCMASK_SETS_THREAD_MASK -no-cpp-precomp -DDARWIN_10 conftest.c >&5
configure:4714: $? = 0
configure:4714: result: yes
configure:4714: checking for sys/stat.h
configure:4714: gcc-4.2 -c -Wall -force_cpusubtype_ALL -mmacosx-version-min=10.4 -arch i386 -arch ppc -arch x86_64 -I/opt/mapc/include:/opt/cuscus/include:/usr/local/include:/opt/local/include:/Developer/usr/include:/include:/usr/include:/opt/X11/include:/usr/X11/include:/opt/sw/include -DDARWIN -DSIGPROCMASK_SETS_THREAD_MASK -no-cpp-precomp -DDARWIN_10 conftest.c >&5
configure:4714: $? = 0
configure:4714: result: yes
configure:4714: checking for stdlib.h
configure:4714: gcc-4.2 -c -Wall -force_cpusubtype_ALL -mmacosx-version-min=10.4 -arch i386 -arch ppc -arch x86_64 -I/opt/mapc/include:/opt/cuscus/include:/usr/local/include:/opt/local/include:/Developer/usr/include:/include:/usr/include:/opt/X11/include:/usr/X11/include:/opt/sw/include -DDARWIN -DSIGPROCMASK_SETS_THREAD_MASK -no-cpp-precomp -DDARWIN_10 conftest.c >&5
configure:4714: $? = 0
configure:4714: result: yes
configure:4714: checking for string.h
configure:4714: gcc-4.2 -c -Wall -force_cpusubtype_ALL -mmacosx-version-min=10.4 -arch i386 -arch ppc -arch x86_64 -I/opt/mapc/include:/opt/cuscus/include:/usr/local/include:/opt/local/include:/Developer/usr/include:/include:/usr/include:/opt/X11/include:/usr/X11/include:/opt/sw/include -DDARWIN -DSIGPROCMASK_SETS_THREAD_MASK -no-cpp-precomp -DDARWIN_10 conftest.c >&5
configure:4714: $? = 0
configure:4714: result: yes
configure:4714: checking for memory.h
configure:4714: gcc-4.2 -c -Wall -force_cpusubtype_ALL -mmacosx-version-min=10.4 -arch i386 -arch ppc -arch x86_64 -I/opt/mapc/include:/opt/cuscus/include:/usr/local/include:/opt/local/include:/Developer/usr/include:/include:/usr/include:/opt/X11/include:/usr/X11/include:/opt/sw/include -DDARWIN -DSIGPROCMASK_SETS_THREAD_MASK -no-cpp-precomp -DDARWIN_10 conftest.c >&5
configure:4714: $? = 0
configure:4714: result: yes
configure:4714: checking for strings.h
configure:4714: gcc-4.2 -c -Wall -force_cpusubtype_ALL -mmacosx-version-min=10.4 -arch i386 -arch ppc -arch x86_64 -I/opt/mapc/include:/opt/cuscus/include:/usr/local/include:/opt/local/include:/Developer/usr/include:/include:/usr/include:/opt/X11/include:/usr/X11/include:/opt/sw/include -DDARWIN -DSIGPROCMASK_SETS_THREAD_MASK -no-cpp-precomp -DDARWIN_10 conftest.c >&5
configure:4714: $? = 0
configure:4714: result: yes
configure:4714: checking for inttypes.h
configure:4714: gcc-4.2 -c -Wall -force_cpusubtype_ALL -mmacosx-version-min=10.4 -arch i386 -arch ppc -arch x86_64 -I/opt/mapc/include:/opt/cuscus/include:/usr/local/include:/opt/local/include:/Developer/usr/include:/include:/usr/include:/opt/X11/include:/usr/X11/include:/opt/sw/include -DDARWIN -DSIGPROCMASK_SETS_THREAD_MASK -no-cpp-precomp -DDARWIN_10 conftest.c >&5
configure:4714: $? = 0
configure:4714: result: yes
configure:4714: checking for stdint.h
configure:4714: gcc-4.2 -c -Wall -force_cpusubtype_ALL -mmacosx-version-min=10.4 -arch i386 -arch ppc -arch x86_64 -I/opt/mapc/include:/opt/cuscus/include:/usr/local/include:/opt/local/include:/Developer/usr/include:/include:/usr/include:/opt/X11/include:/usr/X11/include:/opt/sw/include -DDARWIN -DSIGPROCMASK_SETS_THREAD_MASK -no-cpp-precomp -DDARWIN_10 conftest.c >&5
configure:4714: $? = 0
configure:4714: result: yes
configure:4714: checking for unistd.h
configure:4714: gcc-4.2 -c -Wall -force_cpusubtype_ALL -mmacosx-version-min=10.4 -arch i386 -arch ppc -arch x86_64 -I/opt/mapc/include:/opt/cuscus/include:/usr/local/include:/opt/local/include:/Developer/usr/include:/include:/usr/include:/opt/X11/include:/usr/X11/include:/opt/sw/include -DDARWIN -DSIGPROCMASK_SETS_THREAD_MASK -no-cpp-precomp -DDARWIN_10 conftest.c >&5
configure:4714: $? = 0
configure:4714: result: yes
configure:30933: checking for default DBM
configure:30935: result: sdbm (default)
configure:31705: checking for pg_config
configure:31738: result: no
configure:31793: checking libpq-fe.h usability
configure:31793: gcc-4.2 -c -Wall -force_cpusubtype_ALL -mmacosx-version-min=10.4 -arch i386 -arch ppc -arch x86_64 -I/opt/mapc/include:/opt/cuscus/include:/usr/local/include:/opt/local/include:/Developer/usr/include:/include:/usr/include:/opt/X11/include:/usr/X11/include:/opt/sw/include -DDARWIN -DSIGPROCMASK_SETS_THREAD_MASK -no-cpp-precomp -DDARWIN_10 conftest.c >&5
conftest.c:52:22: error: libpq-fe.h: No such file or directory
conftest.c:52:22: error: libpq-fe.h: No such file or directory
conftest.c:52:22: error: libpq-fe.h: No such file or directory
lipo: can't figure out the architecture type of: /var/tmp//ccgjslKt.out
configure:31793: $? = 1
configure: failed program was:
| /* confdefs.h */
| #define PACKAGE_NAME ""
| #define PACKAGE_TARNAME ""
| #define PACKAGE_VERSION ""
| #define PACKAGE_STRING ""
| #define PACKAGE_BUGREPORT ""
| #define PACKAGE_URL ""
| #define STDC_HEADERS 1
| #define HAVE_SYS_TYPES_H 1
| #define HAVE_SYS_STAT_H 1
| #define HAVE_STDLIB_H 1
| #define HAVE_STRING_H 1
| #define HAVE_MEMORY_H 1
| #define HAVE_STRINGS_H 1
| #define HAVE_INTTYPES_H 1
| #define HAVE_STDINT_H 1
| #define HAVE_UNISTD_H 1
| /* end confdefs.h.  */
| #include <stdio.h>
| #ifdef HAVE_SYS_TYPES_H
| # include <sys/types.h>
| #endif
| #ifdef HAVE_SYS_STAT_H
| # include <sys/stat.h>
| #endif
| #ifdef STDC_HEADERS
| # include <stdlib.h>
| # include <stddef.h>
| #else
| # ifdef HAVE_STDLIB_H
| #  include <stdlib.h>
| # endif
| #endif
| #ifdef HAVE_STRING_H
| # if !defined STDC_HEADERS && defined HAVE_MEMORY_H
| #  include <memory.h>
| # endif
| # include <string.h>
| #endif
| #ifdef HAVE_STRINGS_H
| # include <strings.h>
| #endif
| #ifdef HAVE_INTTYPES_H
| # include <inttypes.h>
| #endif
| #ifdef HAVE_STDINT_H
| # include <stdint.h>
| #endif
| #ifdef HAVE_UNISTD_H
| # include <unistd.h>
| #endif
| #include <libpq-fe.h>
configure:31793: result: no
configure:31793: checking libpq-fe.h presence
configure:31793: gcc-4.2 -E -I/opt/mapc/include:/opt/cuscus/include:/usr/local/include:/opt/local/include:/Developer/usr/include:/include:/usr/include:/opt/X11/include:/usr/X11/include:/opt/sw/include -DDARWIN -DSIGPROCMASK_SETS_THREAD_MASK -no-cpp-precomp -DDARWIN_10 conftest.c
conftest.c:19:22: error: libpq-fe.h: No such file or directory
configure:31793: $? = 1
configure: failed program was:
| /* confdefs.h */
| #define PACKAGE_NAME ""
| #define PACKAGE_TARNAME ""
| #define PACKAGE_VERSION ""
| #define PACKAGE_STRING ""
| #define PACKAGE_BUGREPORT ""
| #define PACKAGE_URL ""
| #define STDC_HEADERS 1
| #define HAVE_SYS_TYPES_H 1
| #define HAVE_SYS_STAT_H 1
| #define HAVE_STDLIB_H 1
| #define HAVE_STRING_H 1
| #define HAVE_MEMORY_H 1
| #define HAVE_STRINGS_H 1
| #define HAVE_INTTYPES_H 1
| #define HAVE_STDINT_H 1
| #define HAVE_UNISTD_H 1
| /* end confdefs.h.  */
| #include <libpq-fe.h>
configure:31793: result: no
configure:31793: checking for libpq-fe.h
configure:31793: result: no
configure:31915: checking postgresql/libpq-fe.h usability
configure:31915: gcc-4.2 -c -Wall -force_cpusubtype_ALL -mmacosx-version-min=10.4 -arch i386 -arch ppc -arch x86_64 -I/opt/mapc/include:/opt/cuscus/include:/usr/local/include:/opt/local/include:/Developer/usr/include:/include:/usr/include:/opt/X11/include:/usr/X11/include:/opt/sw/include -DDARWIN -DSIGPROCMASK_SETS_THREAD_MASK -no-cpp-precomp -DDARWIN_10 conftest.c >&5
conftest.c:52:33: error: postgresql/libpq-fe.h: No such file or directory
conftest.c:52:33: error: postgresql/libpq-fe.h: No such file or directory
conftest.c:52:33: error: postgresql/libpq-fe.h: No such file or directory
lipo: can't figure out the architecture type of: /var/tmp//ccJmPLjY.out
configure:31915: $? = 1
configure: failed program was:
| /* confdefs.h */
| #define PACKAGE_NAME ""
| #define PACKAGE_TARNAME ""
| #define PACKAGE_VERSION ""
| #define PACKAGE_STRING ""
| #define PACKAGE_BUGREPORT ""
| #define PACKAGE_URL ""
| #define STDC_HEADERS 1
| #define HAVE_SYS_TYPES_H 1
| #define HAVE_SYS_STAT_H 1
| #define HAVE_STDLIB_H 1
| #define HAVE_STRING_H 1
| #define HAVE_MEMORY_H 1
| #define HAVE_STRINGS_H 1
| #define HAVE_INTTYPES_H 1
| #define HAVE_STDINT_H 1
| #define HAVE_UNISTD_H 1
| /* end confdefs.h.  */
| #include <stdio.h>
| #ifdef HAVE_SYS_TYPES_H
| # include <sys/types.h>
| #endif
| #ifdef HAVE_SYS_STAT_H
| # include <sys/stat.h>
| #endif
| #ifdef STDC_HEADERS
| # include <stdlib.h>
| # include <stddef.h>
| #else
| # ifdef HAVE_STDLIB_H
| #  include <stdlib.h>
| # endif
| #endif
| #ifdef HAVE_STRING_H
| # if !defined STDC_HEADERS && defined HAVE_MEMORY_H
| #  include <memory.h>
| # endif
| # include <string.h>
| #endif
| #ifdef HAVE_STRINGS_H
| # include <strings.h>
| #endif
| #ifdef HAVE_INTTYPES_H
| # include <inttypes.h>
| #endif
| #ifdef HAVE_STDINT_H
| # include <stdint.h>
| #endif
| #ifdef HAVE_UNISTD_H
| # include <unistd.h>
| #endif
| #include <postgresql/libpq-fe.h>
configure:31915: result: no
configure:31915: checking postgresql/libpq-fe.h presence
configure:31915: gcc-4.2 -E -I/opt/mapc/include:/opt/cuscus/include:/usr/local/include:/opt/local/include:/Developer/usr/include:/include:/usr/include:/opt/X11/include:/usr/X11/include:/opt/sw/include -DDARWIN -DSIGPROCMASK_SETS_THREAD_MASK -no-cpp-precomp -DDARWIN_10 conftest.c
conftest.c:19:33: error: postgresql/libpq-fe.h: No such file or directory
configure:31915: $? = 1
configure: failed program was:
| /* confdefs.h */
| #define PACKAGE_NAME ""
| #define PACKAGE_TARNAME ""
| #define PACKAGE_VERSION ""
| #define PACKAGE_STRING ""
| #define PACKAGE_BUGREPORT ""
| #define PACKAGE_URL ""
| #define STDC_HEADERS 1
| #define HAVE_SYS_TYPES_H 1
| #define HAVE_SYS_STAT_H 1
| #define HAVE_STDLIB_H 1
| #define HAVE_STRING_H 1
| #define HAVE_MEMORY_H 1
| #define HAVE_STRINGS_H 1
| #define HAVE_INTTYPES_H 1
| #define HAVE_STDINT_H 1
| #define HAVE_UNISTD_H 1
| /* end confdefs.h.  */
| #include <postgresql/libpq-fe.h>
configure:31915: result: no
configure:31915: checking for postgresql/libpq-fe.h
configure:31915: result: no
configure:32771: checking sqlite3.h usability
configure:32771: gcc-4.2 -c -Wall -force_cpusubtype_ALL -mmacosx-version-min=10.4 -arch i386 -arch ppc -arch x86_64 -I/opt/mapc/include:/opt/cuscus/include:/usr/local/include:/opt/local/include:/Developer/usr/include:/include:/usr/include:/opt/X11/include:/usr/X11/include:/opt/sw/include -DDARWIN -DSIGPROCMASK_SETS_THREAD_MASK -no-cpp-precomp -DDARWIN_10 conftest.c >&5
configure:32771: $? = 0
configure:32771: result: yes
configure:32771: checking sqlite3.h presence
configure:32771: gcc-4.2 -E -I/opt/mapc/include:/opt/cuscus/include:/usr/local/include:/opt/local/include:/Developer/usr/include:/include:/usr/include:/opt/X11/include:/usr/X11/include:/opt/sw/include -DDARWIN -DSIGPROCMASK_SETS_THREAD_MASK -no-cpp-precomp -DDARWIN_10 conftest.c
configure:32771: $? = 0
configure:32771: result: yes
configure:32771: checking for sqlite3.h
configure:32771: result: yes
configure:32776: checking for sqlite3_open in -lsqlite3
configure:32801: gcc-4.2 -o conftest -Wall -force_cpusubtype_ALL -mmacosx-version-min=10.4 -arch i386 -arch ppc -arch x86_64 -I/opt/mapc/include:/opt/cuscus/include:/usr/local/include:/opt/local/include:/Developer/usr/include:/include:/usr/include:/opt/X11/include:/usr/X11/include:/opt/sw/include -DDARWIN -DSIGPROCMASK_SETS_THREAD_MASK -no-cpp-precomp -DDARWIN_10 -L/opt/mapc/lib:/opt/cuscus/lib:/usr/local/lib:/opt/local/lib:/Developer/usr/lib:/lib:/usr/lib:/opt/X11/lib:/usr/X11/lib:/opt/sw/lib conftest.c -lsqlite3  -lstdc++ >&5
ld: warning: directory '/opt/mapc/lib:/opt/cuscus/lib:/usr/local/lib:/opt/local/lib:/Developer/usr/lib:/lib:/usr/lib:/opt/X11/lib:/usr/X11/lib:/opt/sw/lib' following -L not found
ld: warning: directory '/opt/mapc/lib:/opt/cuscus/lib:/usr/local/lib:/opt/local/lib:/Developer/usr/lib:/lib:/usr/lib:/opt/X11/lib:/usr/X11/lib:/opt/sw/lib' following -L not found
ld: warning: directory '/opt/mapc/lib:/opt/cuscus/lib:/usr/local/lib:/opt/local/lib:/Developer/usr/lib:/lib:/usr/lib:/opt/X11/lib:/usr/X11/lib:/opt/sw/lib' following -L not found
configure:32801: $? = 0
configure:32810: result: yes
configure:33029: checking sqlite.h usability
configure:33029: gcc-4.2 -c -Wall -force_cpusubtype_ALL -mmacosx-version-min=10.4 -arch i386 -arch ppc -arch x86_64 -I/opt/mapc/include:/opt/cuscus/include:/usr/local/include:/opt/local/include:/Developer/usr/include:/include:/usr/include:/opt/X11/include:/usr/X11/include:/opt/sw/include -DDARWIN -DSIGPROCMASK_SETS_THREAD_MASK -no-cpp-precomp -DDARWIN_10 conftest.c >&5
conftest.c:53:20: error: sqlite.h: No such file or directory
conftest.c:53:20: error: sqlite.h: No such file or directory
conftest.c:53:20: error: sqlite.h: No such file or directory
lipo: can't figure out the architecture type of: /var/tmp//ccbzYwWZ.out
configure:33029: $? = 1
configure: failed program was:
| /* confdefs.h */
| #define PACKAGE_NAME ""
| #define PACKAGE_TARNAME ""
| #define PACKAGE_VERSION ""
| #define PACKAGE_STRING ""
| #define PACKAGE_BUGREPORT ""
| #define PACKAGE_URL ""
| #define STDC_HEADERS 1
| #define HAVE_SYS_TYPES_H 1
| #define HAVE_SYS_STAT_H 1
| #define HAVE_STDLIB_H 1
| #define HAVE_STRING_H 1
| #define HAVE_MEMORY_H 1
| #define HAVE_STRINGS_H 1
| #define HAVE_INTTYPES_H 1
| #define HAVE_STDINT_H 1
| #define HAVE_UNISTD_H 1
| #define HAVE_SQLITE3_H 1
| /* end confdefs.h.  */
| #include <stdio.h>
| #ifdef HAVE_SYS_TYPES_H
| # include <sys/types.h>
| #endif
| #ifdef HAVE_SYS_STAT_H
| # include <sys/stat.h>
| #endif
| #ifdef STDC_HEADERS
| # include <stdlib.h>
| # include <stddef.h>
| #else
| # ifdef HAVE_STDLIB_H
| #  include <stdlib.h>
| # endif
| #endif
| #ifdef HAVE_STRING_H
| # if !defined STDC_HEADERS && defined HAVE_MEMORY_H
| #  include <memory.h>
| # endif
| # include <string.h>
| #endif
| #ifdef HAVE_STRINGS_H
| # include <strings.h>
| #endif
| #ifdef HAVE_INTTYPES_H
| # include <inttypes.h>
| #endif
| #ifdef HAVE_STDINT_H
| # include <stdint.h>
| #endif
| #ifdef HAVE_UNISTD_H
| # include <unistd.h>
| #endif
| #include <sqlite.h>
configure:33029: result: no
configure:33029: checking sqlite.h presence
configure:33029: gcc-4.2 -E -I/opt/mapc/include:/opt/cuscus/include:/usr/local/include:/opt/local/include:/Developer/usr/include:/include:/usr/include:/opt/X11/include:/usr/X11/include:/opt/sw/include -DDARWIN -DSIGPROCMASK_SETS_THREAD_MASK -no-cpp-precomp -DDARWIN_10 conftest.c
conftest.c:20:20: error: sqlite.h: No such file or directory
configure:33029: $? = 1
configure: failed program was:
| /* confdefs.h */
| #define PACKAGE_NAME ""
| #define PACKAGE_TARNAME ""
| #define PACKAGE_VERSION ""
| #define PACKAGE_STRING ""
| #define PACKAGE_BUGREPORT ""
| #define PACKAGE_URL ""
| #define STDC_HEADERS 1
| #define HAVE_SYS_TYPES_H 1
| #define HAVE_SYS_STAT_H 1
| #define HAVE_STDLIB_H 1
| #define HAVE_STRING_H 1
| #define HAVE_MEMORY_H 1
| #define HAVE_STRINGS_H 1
| #define HAVE_INTTYPES_H 1
| #define HAVE_STDINT_H 1
| #define HAVE_UNISTD_H 1
| #define HAVE_SQLITE3_H 1
| /* end confdefs.h.  */
| #include <sqlite.h>
configure:33029: result: no
configure:33029: checking for sqlite.h
configure:33029: result: no
configure:34003: checking sybdb.h usability
configure:34003: gcc-4.2 -c -Wall -force_cpusubtype_ALL -mmacosx-version-min=10.4 -arch i386 -arch ppc -arch x86_64 -I/opt/mapc/include:/opt/cuscus/include:/usr/local/include:/opt/local/include:/Developer/usr/include:/include:/usr/include:/opt/X11/include:/usr/X11/include:/opt/sw/include -DDARWIN -DSIGPROCMASK_SETS_THREAD_MASK -no-cpp-precomp -DDARWIN_10 conftest.c >&5
conftest.c:53:19: error: sybdb.h: No such file or directory
conftest.c:53:19: error: sybdb.h: No such file or directory
conftest.c:53:19: error: sybdb.h: No such file or directory
lipo: can't figure out the architecture type of: /var/tmp//ccqUe1gp.out
configure:34003: $? = 1
configure: failed program was:
| /* confdefs.h */
| #define PACKAGE_NAME ""
| #define PACKAGE_TARNAME ""
| #define PACKAGE_VERSION ""
| #define PACKAGE_STRING ""
| #define PACKAGE_BUGREPORT ""
| #define PACKAGE_URL ""
| #define STDC_HEADERS 1
| #define HAVE_SYS_TYPES_H 1
| #define HAVE_SYS_STAT_H 1
| #define HAVE_STDLIB_H 1
| #define HAVE_STRING_H 1
| #define HAVE_MEMORY_H 1
| #define HAVE_STRINGS_H 1
| #define HAVE_INTTYPES_H 1
| #define HAVE_STDINT_H 1
| #define HAVE_UNISTD_H 1
| #define HAVE_SQLITE3_H 1
| /* end confdefs.h.  */
| #include <stdio.h>
| #ifdef HAVE_SYS_TYPES_H
| # include <sys/types.h>
| #endif
| #ifdef HAVE_SYS_STAT_H
| # include <sys/stat.h>
| #endif
| #ifdef STDC_HEADERS
| # include <stdlib.h>
| # include <stddef.h>
| #else
| # ifdef HAVE_STDLIB_H
| #  include <stdlib.h>
| # endif
| #endif
| #ifdef HAVE_STRING_H
| # if !defined STDC_HEADERS && defined HAVE_MEMORY_H
| #  include <memory.h>
| # endif
| # include <string.h>
| #endif
| #ifdef HAVE_STRINGS_H
| # include <strings.h>
| #endif
| #ifdef HAVE_INTTYPES_H
| # include <inttypes.h>
| #endif
| #ifdef HAVE_STDINT_H
| # include <stdint.h>
| #endif
| #ifdef HAVE_UNISTD_H
| # include <unistd.h>
| #endif
| #include <sybdb.h>
configure:34003: result: no
configure:34003: checking sybdb.h presence
configure:34003: gcc-4.2 -E -I/opt/mapc/include:/opt/cuscus/include:/usr/local/include:/opt/local/include:/Developer/usr/include:/include:/usr/include:/opt/X11/include:/usr/X11/include:/opt/sw/include -DDARWIN -DSIGPROCMASK_SETS_THREAD_MASK -no-cpp-precomp -DDARWIN_10 conftest.c
conftest.c:20:19: error: sybdb.h: No such file or directory
configure:34003: $? = 1
configure: failed program was:
| /* confdefs.h */
| #define PACKAGE_NAME ""
| #define PACKAGE_TARNAME ""
| #define PACKAGE_VERSION ""
| #define PACKAGE_STRING ""
| #define PACKAGE_BUGREPORT ""
| #define PACKAGE_URL ""
| #define STDC_HEADERS 1
| #define HAVE_SYS_TYPES_H 1
| #define HAVE_SYS_STAT_H 1
| #define HAVE_STDLIB_H 1
| #define HAVE_STRING_H 1
| #define HAVE_MEMORY_H 1
| #define HAVE_STRINGS_H 1
| #define HAVE_INTTYPES_H 1
| #define HAVE_STDINT_H 1
| #define HAVE_UNISTD_H 1
| #define HAVE_SQLITE3_H 1
| /* end confdefs.h.  */
| #include <sybdb.h>
configure:34003: result: no
configure:34003: checking for sybdb.h
configure:34003: result: no
configure:34055: checking freetds/sybdb.h usability
configure:34055: gcc-4.2 -c -Wall -force_cpusubtype_ALL -mmacosx-version-min=10.4 -arch i386 -arch ppc -arch x86_64 -I/opt/mapc/include:/opt/cuscus/include:/usr/local/include:/opt/local/include:/Developer/usr/include:/include:/usr/include:/opt/X11/include:/usr/X11/include:/opt/sw/include -DDARWIN -DSIGPROCMASK_SETS_THREAD_MASK -no-cpp-precomp -DDARWIN_10 conftest.c >&5
conftest.c:53:27: error: freetds/sybdb.h: No such file or directory
conftest.c:53:27: error: freetds/sybdb.h: No such file or directory
conftest.c:53:27: error: freetds/sybdb.h: No such file or directory
lipo: can't figure out the architecture type of: /var/tmp//cc34ZmHG.out
configure:34055: $? = 1
configure: failed program was:
| /* confdefs.h */
| #define PACKAGE_NAME ""
| #define PACKAGE_TARNAME ""
| #define PACKAGE_VERSION ""
| #define PACKAGE_STRING ""
| #define PACKAGE_BUGREPORT ""
| #define PACKAGE_URL ""
| #define STDC_HEADERS 1
| #define HAVE_SYS_TYPES_H 1
| #define HAVE_SYS_STAT_H 1
| #define HAVE_STDLIB_H 1
| #define HAVE_STRING_H 1
| #define HAVE_MEMORY_H 1
| #define HAVE_STRINGS_H 1
| #define HAVE_INTTYPES_H 1
| #define HAVE_STDINT_H 1
| #define HAVE_UNISTD_H 1
| #define HAVE_SQLITE3_H 1
| /* end confdefs.h.  */
| #include <stdio.h>
| #ifdef HAVE_SYS_TYPES_H
| # include <sys/types.h>
| #endif
| #ifdef HAVE_SYS_STAT_H
| # include <sys/stat.h>
| #endif
| #ifdef STDC_HEADERS
| # include <stdlib.h>
| # include <stddef.h>
| #else
| # ifdef HAVE_STDLIB_H
| #  include <stdlib.h>
| # endif
| #endif
| #ifdef HAVE_STRING_H
| # if !defined STDC_HEADERS && defined HAVE_MEMORY_H
| #  include <memory.h>
| # endif
| # include <string.h>
| #endif
| #ifdef HAVE_STRINGS_H
| # include <strings.h>
| #endif
| #ifdef HAVE_INTTYPES_H
| # include <inttypes.h>
| #endif
| #ifdef HAVE_STDINT_H
| # include <stdint.h>
| #endif
| #ifdef HAVE_UNISTD_H
| # include <unistd.h>
| #endif
| #include <freetds/sybdb.h>
configure:34055: result: no
configure:34055: checking freetds/sybdb.h presence
configure:34055: gcc-4.2 -E -I/opt/mapc/include:/opt/cuscus/include:/usr/local/include:/opt/local/include:/Developer/usr/include:/include:/usr/include:/opt/X11/include:/usr/X11/include:/opt/sw/include -DDARWIN -DSIGPROCMASK_SETS_THREAD_MASK -no-cpp-precomp -DDARWIN_10 conftest.c
conftest.c:20:27: error: freetds/sybdb.h: No such file or directory
configure:34055: $? = 1
configure: failed program was:
| /* confdefs.h */
| #define PACKAGE_NAME ""
| #define PACKAGE_TARNAME ""
| #define PACKAGE_VERSION ""
| #define PACKAGE_STRING ""
| #define PACKAGE_BUGREPORT ""
| #define PACKAGE_URL ""
| #define STDC_HEADERS 1
| #define HAVE_SYS_TYPES_H 1
| #define HAVE_SYS_STAT_H 1
| #define HAVE_STDLIB_H 1
| #define HAVE_STRING_H 1
| #define HAVE_MEMORY_H 1
| #define HAVE_STRINGS_H 1
| #define HAVE_INTTYPES_H 1
| #define HAVE_STDINT_H 1
| #define HAVE_UNISTD_H 1
| #define HAVE_SQLITE3_H 1
| /* end confdefs.h.  */
| #include <freetds/sybdb.h>
configure:34055: result: no
configure:34055: checking for freetds/sybdb.h
configure:34055: result: no
configure:34626: checking for odbc_config
configure:34659: result: no
configure:34736: checking sql.h usability
configure:34736: gcc-4.2 -c -Wall -force_cpusubtype_ALL -mmacosx-version-min=10.4 -arch i386 -arch ppc -arch x86_64 -I/opt/mapc/include:/opt/cuscus/include:/usr/local/include:/opt/local/include:/Developer/usr/include:/include:/usr/include:/opt/X11/include:/usr/X11/include:/opt/sw/include -DDARWIN -DSIGPROCMASK_SETS_THREAD_MASK -no-cpp-precomp -DDARWIN_10 conftest.c >&5
configure:34736: $? = 0
configure:34736: result: yes
configure:34736: checking sql.h presence
configure:34736: gcc-4.2 -E -I/opt/mapc/include:/opt/cuscus/include:/usr/local/include:/opt/local/include:/Developer/usr/include:/include:/usr/include:/opt/X11/include:/usr/X11/include:/opt/sw/include -DDARWIN -DSIGPROCMASK_SETS_THREAD_MASK -no-cpp-precomp -DDARWIN_10 conftest.c
configure:34736: $? = 0
configure:34736: result: yes
configure:34736: checking for sql.h
configure:34736: result: yes
configure:34741: checking for SQLAllocHandle in -lodbc
configure:34766: gcc-4.2 -o conftest -Wall -force_cpusubtype_ALL -mmacosx-version-min=10.4 -arch i386 -arch ppc -arch x86_64 -I/opt/mapc/include:/opt/cuscus/include:/usr/local/include:/opt/local/include:/Developer/usr/include:/include:/usr/include:/opt/X11/include:/usr/X11/include:/opt/sw/include -DDARWIN -DSIGPROCMASK_SETS_THREAD_MASK -no-cpp-precomp -DDARWIN_10 -L/opt/mapc/lib:/opt/cuscus/lib:/usr/local/lib:/opt/local/lib:/Developer/usr/lib:/lib:/usr/lib:/opt/X11/lib:/usr/X11/lib:/opt/sw/lib conftest.c -lodbc  -lstdc++ >&5
ld: warning: directory '/opt/mapc/lib:/opt/cuscus/lib:/usr/local/lib:/opt/local/lib:/Developer/usr/lib:/lib:/usr/lib:/opt/X11/lib:/usr/X11/lib:/opt/sw/lib' following -L not found
Undefined symbols for architecture i386:
  "_CFURLCopyFileSystemPath", referenced from:
      _SQLDriverConnect_Internal in libodbc.a(connect.o)
  "_CFBundleCopyResourceURL", referenced from:
      _SQLDriverConnect_Internal in libodbc.a(connect.o)
  "___CFConstantStringClassReference", referenced from:
      cfstring=org.iodbc.core in libodbc.a(connect.o)
      cfstring=iODBCadm.bundle in libodbc.a(connect.o)
  "_CFBundleGetBundleWithIdentifier", referenced from:
      _SQLDriverConnect_Internal in libodbc.a(connect.o)
  "_CFStringGetCString", referenced from:
      _SQLDriverConnect_Internal in libodbc.a(connect.o)
  "_CFRelease", referenced from:
      _SQLDriverConnect_Internal in libodbc.a(connect.o)
      _SQLDriverConnect_Internal in libodbc.a(connect.o)
ld: symbol(s) not found for architecture i386
collect2: ld returned 1 exit status
ld: warning: directory '/opt/mapc/lib:/opt/cuscus/lib:/usr/local/lib:/opt/local/lib:/Developer/usr/lib:/lib:/usr/lib:/opt/X11/lib:/usr/X11/lib:/opt/sw/lib' following -L not found
Undefined symbols for architecture ppc:
  "_CFURLCopyFileSystemPath", referenced from:
      _SQLDriverConnect_Internal in libodbc.a(connect.o)
  "_CFBundleCopyResourceURL", referenced from:
      _SQLDriverConnect_Internal in libodbc.a(connect.o)
  "___CFConstantStringClassReference", referenced from:
      cfstring=org.iodbc.core in libodbc.a(connect.o)
      cfstring=iODBCadm.bundle in libodbc.a(connect.o)
  "_CFBundleGetBundleWithIdentifier", referenced from:
      _SQLDriverConnect_Internal in libodbc.a(connect.o)
  "_CFStringGetCString", referenced from:
      _SQLDriverConnect_Internal in libodbc.a(connect.o)
  "_CFRelease", referenced from:
      _SQLDriverConnect_Internal in libodbc.a(connect.o)
      _SQLDriverConnect_Internal in libodbc.a(connect.o)
ld: symbol(s) not found for architecture ppc
collect2: ld returned 1 exit status
ld: warning: directory '/opt/mapc/lib:/opt/cuscus/lib:/usr/local/lib:/opt/local/lib:/Developer/usr/lib:/lib:/usr/lib:/opt/X11/lib:/usr/X11/lib:/opt/sw/lib' following -L not found
lipo: can't open input file: /var/tmp//ccR7pCr5.out (No such file or directory)
configure:34766: $? = 1
configure: failed program was:
| /* confdefs.h */
| #define PACKAGE_NAME ""
| #define PACKAGE_TARNAME ""
| #define PACKAGE_VERSION ""
| #define PACKAGE_STRING ""
| #define PACKAGE_BUGREPORT ""
| #define PACKAGE_URL ""
| #define STDC_HEADERS 1
| #define HAVE_SYS_TYPES_H 1
| #define HAVE_SYS_STAT_H 1
| #define HAVE_STDLIB_H 1
| #define HAVE_STRING_H 1
| #define HAVE_MEMORY_H 1
| #define HAVE_STRINGS_H 1
| #define HAVE_INTTYPES_H 1
| #define HAVE_STDINT_H 1
| #define HAVE_UNISTD_H 1
| #define HAVE_SQLITE3_H 1
| #define HAVE_SQL_H 1
| /* end confdefs.h.  */
| 
| /* Override any GCC internal prototype to avoid an error.
|    Use char because int might match the return type of a GCC
|    builtin and then its argument prototype would still apply.  */
| #ifdef __cplusplus
| extern "C"
| #endif
| char SQLAllocHandle ();
| int
| main ()
| {
| return SQLAllocHandle ();
|   ;
|   return 0;
| }
configure:34775: result: no
configure:34788: checking odbc/sql.h usability
configure:34788: gcc-4.2 -c -Wall -force_cpusubtype_ALL -mmacosx-version-min=10.4 -arch i386 -arch ppc -arch x86_64 -I/opt/mapc/include:/opt/cuscus/include:/usr/local/include:/opt/local/include:/Developer/usr/include:/include:/usr/include:/opt/X11/include:/usr/X11/include:/opt/sw/include -DDARWIN -DSIGPROCMASK_SETS_THREAD_MASK -no-cpp-precomp -DDARWIN_10 conftest.c >&5
conftest.c:54:22: error: odbc/sql.h: No such file or directory
conftest.c:54:22: error: odbc/sql.h: No such file or directory
conftest.c:54:22: error: odbc/sql.h: No such file or directory
lipo: can't figure out the architecture type of: /var/tmp//ccLuysgw.out
configure:34788: $? = 1
configure: failed program was:
| /* confdefs.h */
| #define PACKAGE_NAME ""
| #define PACKAGE_TARNAME ""
| #define PACKAGE_VERSION ""
| #define PACKAGE_STRING ""
| #define PACKAGE_BUGREPORT ""
| #define PACKAGE_URL ""
| #define STDC_HEADERS 1
| #define HAVE_SYS_TYPES_H 1
| #define HAVE_SYS_STAT_H 1
| #define HAVE_STDLIB_H 1
| #define HAVE_STRING_H 1
| #define HAVE_MEMORY_H 1
| #define HAVE_STRINGS_H 1
| #define HAVE_INTTYPES_H 1
| #define HAVE_STDINT_H 1
| #define HAVE_UNISTD_H 1
| #define HAVE_SQLITE3_H 1
| #define HAVE_SQL_H 1
| /* end confdefs.h.  */
| #include <stdio.h>
| #ifdef HAVE_SYS_TYPES_H
| # include <sys/types.h>
| #endif
| #ifdef HAVE_SYS_STAT_H
| # include <sys/stat.h>
| #endif
| #ifdef STDC_HEADERS
| # include <stdlib.h>
| # include <stddef.h>
| #else
| # ifdef HAVE_STDLIB_H
| #  include <stdlib.h>
| # endif
| #endif
| #ifdef HAVE_STRING_H
| # if !defined STDC_HEADERS && defined HAVE_MEMORY_H
| #  include <memory.h>
| # endif
| # include <string.h>
| #endif
| #ifdef HAVE_STRINGS_H
| # include <strings.h>
| #endif
| #ifdef HAVE_INTTYPES_H
| # include <inttypes.h>
| #endif
| #ifdef HAVE_STDINT_H
| # include <stdint.h>
| #endif
| #ifdef HAVE_UNISTD_H
| # include <unistd.h>
| #endif
| #include <odbc/sql.h>
configure:34788: result: no
configure:34788: checking odbc/sql.h presence
configure:34788: gcc-4.2 -E -I/opt/mapc/include:/opt/cuscus/include:/usr/local/include:/opt/local/include:/Developer/usr/include:/include:/usr/include:/opt/X11/include:/usr/X11/include:/opt/sw/include -DDARWIN -DSIGPROCMASK_SETS_THREAD_MASK -no-cpp-precomp -DDARWIN_10 conftest.c
conftest.c:21:22: error: odbc/sql.h: No such file or directory
configure:34788: $? = 1
configure: failed program was:
| /* confdefs.h */
| #define PACKAGE_NAME ""
| #define PACKAGE_TARNAME ""
| #define PACKAGE_VERSION ""
| #define PACKAGE_STRING ""
| #define PACKAGE_BUGREPORT ""
| #define PACKAGE_URL ""
| #define STDC_HEADERS 1
| #define HAVE_SYS_TYPES_H 1
| #define HAVE_SYS_STAT_H 1
| #define HAVE_STDLIB_H 1
| #define HAVE_STRING_H 1
| #define HAVE_MEMORY_H 1
| #define HAVE_STRINGS_H 1
| #define HAVE_INTTYPES_H 1
| #define HAVE_STDINT_H 1
| #define HAVE_UNISTD_H 1
| #define HAVE_SQLITE3_H 1
| #define HAVE_SQL_H 1
| /* end confdefs.h.  */
| #include <odbc/sql.h>
configure:34788: result: no
configure:34788: checking for odbc/sql.h
configure:34788: result: no
configure:35004: checking Expat 1.95.x
configure:35024: gcc-4.2 -o conftest -Wall -force_cpusubtype_ALL -mmacosx-version-min=10.4 -arch i386 -arch ppc -arch x86_64 -I/opt/mapc/include:/opt/cuscus/include:/usr/local/include:/opt/local/include:/Developer/usr/include:/include:/usr/include:/opt/X11/include:/usr/X11/include:/opt/sw/include -DDARWIN -DSIGPROCMASK_SETS_THREAD_MASK -no-cpp-precomp -DDARWIN_10 -L/opt/mapc/lib:/opt/cuscus/lib:/usr/local/lib:/opt/local/lib:/Developer/usr/lib:/lib:/usr/lib:/opt/X11/lib:/usr/X11/lib:/opt/sw/lib conftest.c -lstdc++ -lexpat >&5
ld: warning: directory '/opt/mapc/lib:/opt/cuscus/lib:/usr/local/lib:/opt/local/lib:/Developer/usr/lib:/lib:/usr/lib:/opt/X11/lib:/usr/X11/lib:/opt/sw/lib' following -L not found
ld: warning: directory '/opt/mapc/lib:/opt/cuscus/lib:/usr/local/lib:/opt/local/lib:/Developer/usr/lib:/lib:/usr/lib:/opt/X11/lib:/usr/X11/lib:/opt/sw/lib' following -L not found
ld: warning: directory '/opt/mapc/lib:/opt/cuscus/lib:/usr/local/lib:/opt/local/lib:/Developer/usr/lib:/lib:/usr/lib:/opt/X11/lib:/usr/X11/lib:/opt/sw/lib' following -L not found
configure:35024: $? = 0
configure:35034: result: yes
configure:35725: checking iconv.h usability
configure:35725: gcc-4.2 -c -Wall -force_cpusubtype_ALL -mmacosx-version-min=10.4 -arch i386 -arch ppc -arch x86_64 -I/opt/mapc/include:/opt/cuscus/include:/usr/local/include:/opt/local/include:/Developer/usr/include:/include:/usr/include:/opt/X11/include:/usr/X11/include:/opt/sw/include -DDARWIN -DSIGPROCMASK_SETS_THREAD_MASK -no-cpp-precomp -DDARWIN_10 conftest.c >&5
configure:35725: $? = 0
configure:35725: result: yes
configure:35725: checking iconv.h presence
configure:35725: gcc-4.2 -E -I/opt/mapc/include:/opt/cuscus/include:/usr/local/include:/opt/local/include:/Developer/usr/include:/include:/usr/include:/opt/X11/include:/usr/X11/include:/opt/sw/include -DDARWIN -DSIGPROCMASK_SETS_THREAD_MASK -no-cpp-precomp -DDARWIN_10 conftest.c
configure:35725: $? = 0
configure:35725: result: yes
configure:35725: checking for iconv.h
configure:35725: result: yes
configure:35746: gcc-4.2 -o conftest -Wall -force_cpusubtype_ALL -mmacosx-version-min=10.4 -arch i386 -arch ppc -arch x86_64 -I/opt/mapc/include:/opt/cuscus/include:/usr/local/include:/opt/local/include:/Developer/usr/include:/include:/usr/include:/opt/X11/include:/usr/X11/include:/opt/sw/include -DDARWIN -DSIGPROCMASK_SETS_THREAD_MASK -no-cpp-precomp -DDARWIN_10 -L/opt/mapc/lib:/opt/cuscus/lib:/usr/local/lib:/opt/local/lib:/Developer/usr/lib:/lib:/usr/lib:/opt/X11/lib:/usr/X11/lib:/opt/sw/lib conftest.c -lstdc++ >&5
ld: warning: directory '/opt/mapc/lib:/opt/cuscus/lib:/usr/local/lib:/opt/local/lib:/Developer/usr/lib:/lib:/usr/lib:/opt/X11/lib:/usr/X11/lib:/opt/sw/lib' following -L not found
Undefined symbols for architecture i386:
  "_iconv", referenced from:
      _main in cc3a1gEq.o
  "_iconv_open", referenced from:
      _main in cc3a1gEq.o
ld: symbol(s) not found for architecture i386
collect2: ld returned 1 exit status
ld: warning: directory '/opt/mapc/lib:/opt/cuscus/lib:/usr/local/lib:/opt/local/lib:/Developer/usr/lib:/lib:/usr/lib:/opt/X11/lib:/usr/X11/lib:/opt/sw/lib' following -L not found
Undefined symbols for architecture ppc:
  "_iconv", referenced from:
      _main in ccDQZqgx.o
  "_iconv_open", referenced from:
      _main in ccDQZqgx.o
ld: symbol(s) not found for architecture ppc
collect2: ld returned 1 exit status
ld: warning: directory '/opt/mapc/lib:/opt/cuscus/lib:/usr/local/lib:/opt/local/lib:/Developer/usr/lib:/lib:/usr/lib:/opt/X11/lib:/usr/X11/lib:/opt/sw/lib' following -L not found
Undefined symbols for architecture x86_64:
  "_iconv", referenced from:
      _main in cc95sr3P.o
  "_iconv_open", referenced from:
      _main in cc95sr3P.o
ld: symbol(s) not found for architecture x86_64
collect2: ld returned 1 exit status
lipo: can't open input file: /var/tmp//ccVUmY2n.out (No such file or directory)
configure:35746: $? = 1
configure: failed program was:
| /* confdefs.h */
| #define PACKAGE_NAME ""
| #define PACKAGE_TARNAME ""
| #define PACKAGE_VERSION ""
| #define PACKAGE_STRING ""
| #define PACKAGE_BUGREPORT ""
| #define PACKAGE_URL ""
| #define STDC_HEADERS 1
| #define HAVE_SYS_TYPES_H 1
| #define HAVE_SYS_STAT_H 1
| #define HAVE_STDLIB_H 1
| #define HAVE_STRING_H 1
| #define HAVE_MEMORY_H 1
| #define HAVE_STRINGS_H 1
| #define HAVE_INTTYPES_H 1
| #define HAVE_STDINT_H 1
| #define HAVE_UNISTD_H 1
| #define HAVE_SQLITE3_H 1
| #define HAVE_SQL_H 1
| #define HAVE_EXPAT_H 1
| /* end confdefs.h.  */
| 
| #include <stdlib.h>
| #include <iconv.h>
| 
| int
| main ()
| {
| 
|   iconv_t cd = iconv_open("", "");
|   iconv(cd, NULL, NULL, NULL, NULL);
| 
|   ;
|   return 0;
| }
configure:35791: gcc-4.2 -o conftest -Wall -force_cpusubtype_ALL -mmacosx-version-min=10.4 -arch i386 -arch ppc -arch x86_64 -I/opt/mapc/include:/opt/cuscus/include:/usr/local/include:/opt/local/include:/Developer/usr/include:/include:/usr/include:/opt/X11/include:/usr/X11/include:/opt/sw/include -DDARWIN -DSIGPROCMASK_SETS_THREAD_MASK -no-cpp-precomp -DDARWIN_10 -L/opt/mapc/lib:/opt/cuscus/lib:/usr/local/lib:/opt/local/lib:/Developer/usr/lib:/lib:/usr/lib:/opt/X11/lib:/usr/X11/lib:/opt/sw/lib conftest.c -lstdc++ -liconv >&5
ld: warning: directory '/opt/mapc/lib:/opt/cuscus/lib:/usr/local/lib:/opt/local/lib:/Developer/usr/lib:/lib:/usr/lib:/opt/X11/lib:/usr/X11/lib:/opt/sw/lib' following -L not found
ld: warning: directory '/opt/mapc/lib:/opt/cuscus/lib:/usr/local/lib:/opt/local/lib:/Developer/usr/lib:/lib:/usr/lib:/opt/X11/lib:/usr/X11/lib:/opt/sw/lib' following -L not found
ld: warning: directory '/opt/mapc/lib:/opt/cuscus/lib:/usr/local/lib:/opt/local/lib:/Developer/usr/lib:/lib:/usr/lib:/opt/X11/lib:/usr/X11/lib:/opt/sw/lib' following -L not found
configure:35791: $? = 0
configure:35969: checking for type of inbuf parameter to iconv
configure:35991: gcc-4.2 -c -Wall -force_cpusubtype_ALL -mmacosx-version-min=10.4 -arch i386 -arch ppc -arch x86_64  -Werror -I/opt/mapc/include:/opt/cuscus/include:/usr/local/include:/opt/local/include:/Developer/usr/include:/include:/usr/include:/opt/X11/include:/usr/X11/include:/opt/sw/include -DDARWIN -DSIGPROCMASK_SETS_THREAD_MASK -no-cpp-precomp -DDARWIN_10 conftest.c >&5
configure:35991: $? = 0
configure:36008: result: char **
configure:36017: checking for iconv.h
configure:36017: result: yes
configure:36017: checking langinfo.h usability
configure:36017: gcc-4.2 -c -Wall -force_cpusubtype_ALL -mmacosx-version-min=10.4 -arch i386 -arch ppc -arch x86_64 -I/opt/mapc/include:/opt/cuscus/include:/usr/local/include:/opt/local/include:/Developer/usr/include:/include:/usr/include:/opt/X11/include:/usr/X11/include:/opt/sw/include -DDARWIN -DSIGPROCMASK_SETS_THREAD_MASK -no-cpp-precomp -DDARWIN_10 conftest.c >&5
configure:36017: $? = 0
configure:36017: result: yes
configure:36017: checking langinfo.h presence
configure:36017: gcc-4.2 -E -I/opt/mapc/include:/opt/cuscus/include:/usr/local/include:/opt/local/include:/Developer/usr/include:/include:/usr/include:/opt/X11/include:/usr/X11/include:/opt/sw/include -DDARWIN -DSIGPROCMASK_SETS_THREAD_MASK -no-cpp-precomp -DDARWIN_10 conftest.c
configure:36017: $? = 0
configure:36017: result: yes
configure:36017: checking for langinfo.h
configure:36017: result: yes
configure:36041: checking for nl_langinfo
configure:36041: gcc-4.2 -o conftest -Wall -force_cpusubtype_ALL -mmacosx-version-min=10.4 -arch i386 -arch ppc -arch x86_64 -I/opt/mapc/include:/opt/cuscus/include:/usr/local/include:/opt/local/include:/Developer/usr/include:/include:/usr/include:/opt/X11/include:/usr/X11/include:/opt/sw/include -DDARWIN -DSIGPROCMASK_SETS_THREAD_MASK -no-cpp-precomp -DDARWIN_10 -L/opt/mapc/lib:/opt/cuscus/lib:/usr/local/lib:/opt/local/lib:/Developer/usr/lib:/lib:/usr/lib:/opt/X11/lib:/usr/X11/lib:/opt/sw/lib conftest.c  -lstdc++ >&5
ld: warning: directory '/opt/mapc/lib:/opt/cuscus/lib:/usr/local/lib:/opt/local/lib:/Developer/usr/lib:/lib:/usr/lib:/opt/X11/lib:/usr/X11/lib:/opt/sw/lib' following -L not found
ld: warning: directory '/opt/mapc/lib:/opt/cuscus/lib:/usr/local/lib:/opt/local/lib:/Developer/usr/lib:/lib:/usr/lib:/opt/X11/lib:/usr/X11/lib:/opt/sw/lib' following -L not found
ld: warning: directory '/opt/mapc/lib:/opt/cuscus/lib:/usr/local/lib:/opt/local/lib:/Developer/usr/lib:/lib:/usr/lib:/opt/X11/lib:/usr/X11/lib:/opt/sw/lib' following -L not found
configure:36041: $? = 0
configure:36041: result: yes
configure:36061: checking for CODESET in langinfo.h
configure:36086: result: yes
configure:36110: checking whether APR has DSO support
configure:36135: result: yes
configure:36220: checking for library containing crypt
configure:36251: gcc-4.2 -o conftest -Wall -force_cpusubtype_ALL -mmacosx-version-min=10.4 -arch i386 -arch ppc -arch x86_64 -I/opt/mapc/include:/opt/cuscus/include:/usr/local/include:/opt/local/include:/Developer/usr/include:/include:/usr/include:/opt/X11/include:/usr/X11/include:/opt/sw/include -DDARWIN -DSIGPROCMASK_SETS_THREAD_MASK -no-cpp-precomp -DDARWIN_10 -L/opt/mapc/lib:/opt/cuscus/lib:/usr/local/lib:/opt/local/lib:/Developer/usr/lib:/lib:/usr/lib:/opt/X11/lib:/usr/X11/lib:/opt/sw/lib conftest.c  -lstdc++ >&5
ld: warning: directory '/opt/mapc/lib:/opt/cuscus/lib:/usr/local/lib:/opt/local/lib:/Developer/usr/lib:/lib:/usr/lib:/opt/X11/lib:/usr/X11/lib:/opt/sw/lib' following -L not found
ld: warning: directory '/opt/mapc/lib:/opt/cuscus/lib:/usr/local/lib:/opt/local/lib:/Developer/usr/lib:/lib:/usr/lib:/opt/X11/lib:/usr/X11/lib:/opt/sw/lib' following -L not found
ld: warning: directory '/opt/mapc/lib:/opt/cuscus/lib:/usr/local/lib:/opt/local/lib:/Developer/usr/lib:/lib:/usr/lib:/opt/X11/lib:/usr/X11/lib:/opt/sw/lib' following -L not found
configure:36251: $? = 0
configure:36268: result: none required
configure:36276: checking if system crypt() function is threadsafe
configure:36286: result: no
configure:36291: checking for crypt_r
configure:36291: gcc-4.2 -o conftest -Wall -force_cpusubtype_ALL -mmacosx-version-min=10.4 -arch i386 -arch ppc -arch x86_64 -I/opt/mapc/include:/opt/cuscus/include:/usr/local/include:/opt/local/include:/Developer/usr/include:/include:/usr/include:/opt/X11/include:/usr/X11/include:/opt/sw/include -DDARWIN -DSIGPROCMASK_SETS_THREAD_MASK -no-cpp-precomp -DDARWIN_10 -L/opt/mapc/lib:/opt/cuscus/lib:/usr/local/lib:/opt/local/lib:/Developer/usr/lib:/lib:/usr/lib:/opt/X11/lib:/usr/X11/lib:/opt/sw/lib conftest.c  -lstdc++ >&5
ld: warning: directory '/opt/mapc/lib:/opt/cuscus/lib:/usr/local/lib:/opt/local/lib:/Developer/usr/lib:/lib:/usr/lib:/opt/X11/lib:/usr/X11/lib:/opt/sw/lib' following -L not found
Undefined symbols for architecture i386:
  "_crypt_r", referenced from:
      _main in ccwH34t7.o
ld: symbol(s) not found for architecture i386
collect2: ld returned 1 exit status
ld: warning: directory '/opt/mapc/lib:/opt/cuscus/lib:/usr/local/lib:/opt/local/lib:/Developer/usr/lib:/lib:/usr/lib:/opt/X11/lib:/usr/X11/lib:/opt/sw/lib' following -L not found
Undefined symbols for architecture ppc:
  "_crypt_r", referenced from:
      _main in cchmbHgu.o
ld: symbol(s) not found for architecture ppc
collect2: ld returned 1 exit status
ld: warning: directory '/opt/mapc/lib:/opt/cuscus/lib:/usr/local/lib:/opt/local/lib:/Developer/usr/lib:/lib:/usr/lib:/opt/X11/lib:/usr/X11/lib:/opt/sw/lib' following -L not found
Undefined symbols for architecture x86_64:
  "_crypt_r", referenced from:
      _main in ccqGNRpL.o
ld: symbol(s) not found for architecture x86_64
collect2: ld returned 1 exit status
lipo: can't open input file: /var/tmp//ccHl8otS.out (No such file or directory)
configure:36291: $? = 1
configure: failed program was:
| /* confdefs.h */
| #define PACKAGE_NAME ""
| #define PACKAGE_TARNAME ""
| #define PACKAGE_VERSION ""
| #define PACKAGE_STRING ""
| #define PACKAGE_BUGREPORT ""
| #define PACKAGE_URL ""
| #define STDC_HEADERS 1
| #define HAVE_SYS_TYPES_H 1
| #define HAVE_SYS_STAT_H 1
| #define HAVE_STDLIB_H 1
| #define HAVE_STRING_H 1
| #define HAVE_MEMORY_H 1
| #define HAVE_STRINGS_H 1
| #define HAVE_INTTYPES_H 1
| #define HAVE_STDINT_H 1
| #define HAVE_UNISTD_H 1
| #define HAVE_SQLITE3_H 1
| #define HAVE_SQL_H 1
| #define HAVE_EXPAT_H 1
| #define HAVE_ICONV_H 1
| #define HAVE_LANGINFO_H 1
| #define HAVE_NL_LANGINFO 1
| #define HAVE_CODESET 1
| #define APU_DSO_BUILD 1
| /* end confdefs.h.  */
| /* Define crypt_r to an innocuous variant, in case <limits.h> declares crypt_r.
|    For example, HP-UX 11i <limits.h> declares gettimeofday.  */
| #define crypt_r innocuous_crypt_r
| 
| /* System header to define __stub macros and hopefully few prototypes,
|     which can conflict with char crypt_r (); below.
|     Prefer <limits.h> to <assert.h> if __STDC__ is defined, since
|     <limits.h> exists even on freestanding compilers.  */
| 
| #ifdef __STDC__
| # include <limits.h>
| #else
| # include <assert.h>
| #endif
| 
| #undef crypt_r
| 
| /* Override any GCC internal prototype to avoid an error.
|    Use char because int might match the return type of a GCC
|    builtin and then its argument prototype would still apply.  */
| #ifdef __cplusplus
| extern "C"
| #endif
| char crypt_r ();
| /* The GNU C library defines this for functions which it implements
|     to always fail with ENOSYS.  Some functions are actually named
|     something starting with __ and the normal name is an alias.  */
| #if defined __stub_crypt_r || defined __stub___crypt_r
| choke me
| #endif
| 
| int
| main ()
| {
| return crypt_r ();
|   ;
|   return 0;
| }
configure:36291: result: no
configure:36580: creating ./config.status

## ---------------------- ##
## Running config.status. ##
## ---------------------- ##

This file was extended by config.status, which was
generated by GNU Autoconf 2.68.  Invocation command line was

  CONFIG_FILES    = 
  CONFIG_HEADERS  = 
  CONFIG_LINKS    = 
  CONFIG_COMMANDS = 
  $ ./config.status 

on femputer.local

config.status:946: creating Makefile
config.status:946: creating export_vars.sh
config.status:946: creating build/pkg/pkginfo
config.status:946: creating apr-util.pc
config.status:946: creating apu-1-config
config.status:946: creating include/private/apu_select_dbm.h
config.status:946: creating include/apr_ldap.h
config.status:946: creating include/apu.h
config.status:946: creating include/apu_want.h
config.status:946: creating test/Makefile
config.status:946: creating include/private/apu_config.h
config.status:1135: executing default commands

## ---------------- ##
## Cache variables. ##
## ---------------- ##

ac_cv_build=x86_64-apple-darwin10.8.0
ac_cv_c_compiler_gnu=yes
ac_cv_define_CODESET=yes
ac_cv_env_CC_set=set
ac_cv_env_CC_value=gcc-4.2
ac_cv_env_CFLAGS_set=set
ac_cv_env_CFLAGS_value='-Wall -force_cpusubtype_ALL -mmacosx-version-min=10.4 -arch i386 -arch ppc -arch x86_64'
ac_cv_env_CPPFLAGS_set=set
ac_cv_env_CPPFLAGS_value=-I/opt/mapc/include:/opt/cuscus/include:/usr/local/include:/opt/local/include:/Developer/usr/include:/include:/usr/include:/opt/X11/include:/usr/X11/include:/opt/sw/include
ac_cv_env_CPP_set=
ac_cv_env_CPP_value=
ac_cv_env_LDFLAGS_set=set
ac_cv_env_LDFLAGS_value=-L/opt/mapc/lib:/opt/cuscus/lib:/usr/local/lib:/opt/local/lib:/Developer/usr/lib:/lib:/usr/lib:/opt/X11/lib:/usr/X11/lib:/opt/sw/lib
ac_cv_env_LIBS_set=set
ac_cv_env_LIBS_value=-lstdc++
ac_cv_env_build_alias_set=
ac_cv_env_build_alias_value=
ac_cv_env_host_alias_set=
ac_cv_env_host_alias_value=
ac_cv_env_target_alias_set=
ac_cv_env_target_alias_value=
ac_cv_func_crypt_r=no
ac_cv_func_nl_langinfo=yes
ac_cv_header_freetds_sybdb_h=no
ac_cv_header_iconv_h=yes
ac_cv_header_inttypes_h=yes
ac_cv_header_langinfo_h=yes
ac_cv_header_libpq_fe_h=no
ac_cv_header_memory_h=yes
ac_cv_header_odbc_sql_h=no
ac_cv_header_postgresql_libpq_fe_h=no
ac_cv_header_sql_h=yes
ac_cv_header_sqlite3_h=yes
ac_cv_header_sqlite_h=no
ac_cv_header_stdc=yes
ac_cv_header_stdint_h=yes
ac_cv_header_stdlib_h=yes
ac_cv_header_string_h=yes
ac_cv_header_strings_h=yes
ac_cv_header_sybdb_h=no
ac_cv_header_sys_stat_h=yes
ac_cv_header_sys_types_h=yes
ac_cv_header_unistd_h=yes
ac_cv_host=x86_64-apple-darwin10.8.0
ac_cv_lib_odbc_SQLAllocHandle=no
ac_cv_lib_sqlite3_sqlite3_open=yes
ac_cv_mkdir_p=yes
ac_cv_objext=o
ac_cv_path_EGREP='/usr/bin/grep -E'
ac_cv_path_GREP=/usr/bin/grep
ac_cv_path_install='/usr/bin/install -c'
ac_cv_prog_CPP='gcc-4.2 -E'
ac_cv_prog_ac_ct_CC=gcc-4.2
ac_cv_prog_cc_c89=
ac_cv_prog_cc_g=yes
ac_cv_search_crypt='none required'
ac_cv_target=x86_64-apple-darwin10.8.0
apu_cv_aprdso=yes
apu_cv_expat_system=yes

## ----------------- ##
## Output variables. ##
## ----------------- ##

APRUTIL_DOTTED_VERSION='1.4.1'
APRUTIL_EXPORT_LIBS='-lexpat -liconv'
APRUTIL_INCLUDES=''
APRUTIL_LDFLAGS=''
APRUTIL_LIBNAME='aprutil-${APRUTIL_MAJOR_VERSION}'
APRUTIL_LIBS='-lexpat -liconv /Developer/Projects/cube2/sauerbomber/trunk/src/xcode/Libs/lib/libapr-1.la -lpthread'
APRUTIL_MAJOR_VERSION='1'
APRUTIL_PRIV_INCLUDES='-I/Developer/Projects/cube2/sauerbomber/trunk/src/xcode/Libs/src/apr-util-1.4.1/include -I/Developer/Projects/cube2/sauerbomber/trunk/src/xcode/Libs/src/apr-util-1.4.1/include/private'
APR_BUILD_DIR='/Developer/Projects/cube2/sauerbomber/trunk/src/xcode/Libs/build-1'
APR_ICONV_DIR=''
APR_INCLUDES=' -I/Developer/Projects/cube2/sauerbomber/trunk/src/xcode/Libs/include/apr-1 '
APR_LIBS=' /Developer/Projects/cube2/sauerbomber/trunk/src/xcode/Libs/lib/libapr-1.la  -lpthread'
APR_XML_DIR=''
APU_CONFIG_LOCATION='source'
APU_DSO_LIBDIR='${libdir}/apr-util-1'
APU_HAVE_MODULES='yes'
APU_LTVERSION='-version-info 4:1:4'
APU_MODULES='  dbd/apr_dbd_sqlite3.la'
CC='gcc-4.2'
CFLAGS='-Wall -force_cpusubtype_ALL -mmacosx-version-min=10.4 -arch i386 -arch ppc -arch x86_64'
CPP='gcc-4.2 -E'
CPPFLAGS='-I/opt/mapc/include:/opt/cuscus/include:/usr/local/include:/opt/local/include:/Developer/usr/include:/include:/usr/include:/opt/X11/include:/usr/X11/include:/opt/sw/include -DDARWIN -DSIGPROCMASK_SETS_THREAD_MASK -no-cpp-precomp -DDARWIN_10'
DEFS='-DHAVE_CONFIG_H'
ECHO_C='\c'
ECHO_N=''
ECHO_T=''
EGREP='/usr/bin/grep -E'
EXEEXT=''
EXTRA_OBJECTS=''
GREP='/usr/bin/grep'
INCLUDE_OUTPUTS='include /Developer/Projects/cube2/sauerbomber/trunk/src/xcode/Libs/src/apr-util-1.4.1/build-outputs.mk'
INCLUDE_RULES='include /Developer/Projects/cube2/sauerbomber/trunk/src/xcode/Libs/src/apr-util-1.4.1/build/rules.mk'
INSTALL_DATA='${INSTALL} -m 644'
INSTALL_PROGRAM='${INSTALL}'
INSTALL_SCRIPT='${INSTALL}'
LDADD_crypto_nss=''
LDADD_crypto_openssl=''
LDADD_dbd_freetds=''
LDADD_dbd_mysql=''
LDADD_dbd_odbc=''
LDADD_dbd_oracle=''
LDADD_dbd_pgsql=''
LDADD_dbd_sqlite2=''
LDADD_dbd_sqlite3=' -lsqlite3'
LDADD_dbm_db=''
LDADD_dbm_gdbm=''
LDADD_dbm_ndbm=''
LDADD_ldap=''
LDFLAGS='-L/opt/mapc/lib:/opt/cuscus/lib:/usr/local/lib:/opt/local/lib:/Developer/usr/lib:/lib:/usr/lib:/opt/X11/lib:/usr/X11/lib:/opt/sw/lib'
LIBOBJS=''
LIBS=' -lstdc++'
LTLIBOBJS=''
LT_NO_INSTALL=''
MYSQL_CONFIG=''
OBJEXT='o'
ODBC_CONFIG=''
PACKAGE_BUGREPORT=''
PACKAGE_NAME=''
PACKAGE_STRING=''
PACKAGE_TARNAME=''
PACKAGE_URL=''
PACKAGE_VERSION=''
PATH_SEPARATOR=':'
PGSQL_CONFIG=''
PKG_CONFIG=''
SHELL='/bin/sh'
abs_builddir='/Developer/Projects/cube2/sauerbomber/trunk/src/xcode/Libs/src/apr-util-1.4.1'
abs_srcdir='/Developer/Projects/cube2/sauerbomber/trunk/src/xcode/Libs/src/apr-util-1.4.1'
ac_ct_CC='gcc-4.2'
apr_shlibpath_var='DYLD_LIBRARY_PATH'
apu_db_header='db.h'
apu_db_version='0'
apu_dbd_tests=' sqlite3'
apu_has_ldap='0'
apu_has_ldap_microsoft='0'
apu_has_ldap_mozilla='0'
apu_has_ldap_netscape='0'
apu_has_ldap_novell='0'
apu_has_ldap_openldap='0'
apu_has_ldap_other='0'
apu_has_ldap_solaris='0'
apu_has_ldap_sslinit='0'
apu_has_ldap_start_tls_s='0'
apu_has_ldap_tivoli='0'
apu_has_ldap_zos='0'
apu_has_ldapssl_add_trusted_cert='0'
apu_has_ldapssl_client_deinit='0'
apu_has_ldapssl_client_init='0'
apu_has_ldapssl_init='0'
apu_has_ldapssl_install_routines='0'
apu_have_crypto='0'
apu_have_db='0'
apu_have_freetds='0'
apu_have_gdbm='0'
apu_have_mysql='0'
apu_have_ndbm='0'
apu_have_nss='0'
apu_have_odbc='0'
apu_have_openssl='0'
apu_have_oracle='0'
apu_have_pgsql='0'
apu_have_sdbm='1'
apu_have_sqlite2='0'
apu_have_sqlite3='1'
apu_use_db='0'
apu_use_gdbm='0'
apu_use_ndbm='0'
apu_use_sdbm='1'
bindir='${exec_prefix}/bin'
build='x86_64-apple-darwin10.8.0'
build_alias=''
build_cpu='x86_64'
build_os='darwin10.8.0'
build_vendor='apple'
datadir='${prefix}'
datarootdir='${prefix}/share'
docdir='${datarootdir}/doc/${PACKAGE}'
dvidir='${docdir}'
exec_prefix='${prefix}'
have_apr_iconv='0'
have_iconv='1'
host='x86_64-apple-darwin10.8.0'
host_alias=''
host_cpu='x86_64'
host_os='darwin10.8.0'
host_vendor='apple'
htmldir='${docdir}'
includedir='${prefix}/include/apr-${APRUTIL_MAJOR_VERSION}'
infodir='${datarootdir}/info'
lber_h=''
ldap_h=''
ldap_ssl_h=''
lib_target='-rpath $(libdir) $(OBJECTS)'
libdir='${exec_prefix}/lib'
libexecdir='${exec_prefix}/modules'
localedir='${datarootdir}/locale'
localstatedir='${prefix}'
mandir='${prefix}/man'
oldincludedir='/usr/include'
pdfdir='${docdir}'
prefix='/Developer/Projects/cube2/sauerbomber/trunk/src/xcode/Libs'
program_transform_name='s,x,x,'
psdir='${docdir}'
sbindir='${exec_prefix}/bin'
sharedstatedir='${prefix}/com'
so_ext='lo'
sysconfdir='${prefix}/conf'
target='x86_64-apple-darwin10.8.0'
target_alias=''
target_cpu='x86_64'
target_os='darwin10.8.0'
target_vendor='apple'
top_builddir='/Developer/Projects/cube2/sauerbomber/trunk/src/xcode/Libs/src/apr-util-1.4.1'

## ----------- ##
## confdefs.h. ##
## ----------- ##

/* confdefs.h */
#define PACKAGE_NAME ""
#define PACKAGE_TARNAME ""
#define PACKAGE_VERSION ""
#define PACKAGE_STRING ""
#define PACKAGE_BUGREPORT ""
#define PACKAGE_URL ""
#define STDC_HEADERS 1
#define HAVE_SYS_TYPES_H 1
#define HAVE_SYS_STAT_H 1
#define HAVE_STDLIB_H 1
#define HAVE_STRING_H 1
#define HAVE_MEMORY_H 1
#define HAVE_STRINGS_H 1
#define HAVE_INTTYPES_H 1
#define HAVE_STDINT_H 1
#define HAVE_UNISTD_H 1
#define HAVE_SQLITE3_H 1
#define HAVE_SQL_H 1
#define HAVE_EXPAT_H 1
#define HAVE_ICONV_H 1
#define HAVE_LANGINFO_H 1
#define HAVE_NL_LANGINFO 1
#define HAVE_CODESET 1
#define APU_DSO_BUILD 1
#define APU_DSO_LIBDIR "/Developer/Projects/cube2/sauerbomber/trunk/src/xcode/Libs/lib/apr-util-1"

configure: exit 0
