This file contains any messages produced by compilers while
running configure, to aid debugging if configure makes a mistake.

It was created by subversion configure 1.7.2, which was
generated by GNU Autoconf 2.68.  Invocation command line was

  $ ./configure --prefix=/Developer/Projects/cube2/sauerbomber/trunk/src/xcode/Libs --with-apr=/Developer/Projects/cube2/sauerbomber/trunk/src/xcode/Libs --with-spr-util=/Developer/Projects/cube2/sauerbomber/trunk/src/xcode/Libs

## --------- ##
## Platform. ##
## --------- ##

hostname = femputer.local
uname -m = i386
uname -r = 10.8.0
uname -s = Darwin
uname -v = Darwin Kernel Version 10.8.0: Tue Jun  7 16:33:36 PDT 2011; root:xnu-1504.15.3~1/RELEASE_I386

/usr/bin/uname -p = i386
/bin/uname -X     = unknown

/bin/arch              = unknown
/usr/bin/arch -k       = unknown
/usr/convex/getsysinfo = unknown
/usr/bin/hostinfo      = Mach kernel version:
	 Darwin Kernel Version 10.8.0: Tue Jun  7 16:33:36 PDT 2011; root:xnu-1504.15.3~1/RELEASE_I386
Kernel configured for up to 2 processors.
2 processors are physically available.
2 processors are logically available.
Processor type: i486 (Intel 80486)
Processors active: 0 1
Primary memory available: 2.00 gigabytes
Default processor set: 94 tasks, 356 threads, 2 processors
Load average: 0.30, Mach factor: 1.69
/bin/machine           = unknown
/usr/bin/oslevel       = unknown
/bin/universe          = unknown

PATH: /Users/michael/usr/sbin
PATH: /sbin
PATH: /usr/sbin
PATH: /Users/michael/usr/bin
PATH: .
PATH: /opt/mapc/bin
PATH: /opt/mapc/sbin
PATH: /opt/cuscus/bin
PATH: /opt/cuscus/sbin
PATH: /usr/local/bin
PATH: /usr/local/sbin
PATH: /opt/local/bin
PATH: /opt/local/sbin
PATH: /Developer/usr/bin
PATH: /Developer/usr/sbin
PATH: /bin
PATH: /sbin
PATH: /usr/bin
PATH: /usr/sbin
PATH: /opt/X11/bin
PATH: /opt/X11/sbin
PATH: /usr/X11/bin
PATH: /usr/X11/sbin
PATH: /opt/sw/bin
PATH: /opt/sw/sbin
PATH: /Developer/SDKs/Android/tools
PATH: /usr/texbin
PATH: /var/root/.local/bin
PATH: .
PATH: /Users/michael/usr/games
PATH: /usr/local/games


## ----------- ##
## Core tests. ##
## ----------- ##

configure:2652: Configuring Subversion 1.7.2
configure:2671: creating config.nice
configure:2741: checking for gcc
configure:2768: result: gcc-4.2
configure:2997: checking for C compiler version
configure:3006: gcc-4.2 --version >&5
i686-apple-darwin10-gcc-4.2.1 (GCC) 4.2.1 (Apple Inc. build 5666) (dot 3)
Copyright (C) 2007 Free Software Foundation, Inc.
This is free software; see the source for copying conditions.  There is NO
warranty; not even for MERCHANTABILITY or FITNESS FOR A PARTICULAR PURPOSE.

configure:3017: $? = 0
configure:3006: gcc-4.2 -v >&5
Using built-in specs.
Target: i686-apple-darwin10
Configured with: /var/tmp/gcc/gcc-5666.3~6/src/configure --disable-checking --enable-werror --prefix=/usr --mandir=/share/man --enable-languages=c,objc,c++,obj-c++ --program-transform-name=/^[cg][^.-]*$/s/$/-4.2/ --with-slibdir=/usr/lib --build=i686-apple-darwin10 --program-prefix=i686-apple-darwin10- --host=x86_64-apple-darwin10 --target=i686-apple-darwin10 --with-gxx-include-dir=/include/c++/4.2.1
Thread model: posix
gcc version 4.2.1 (Apple Inc. build 5666) (dot 3)
configure:3017: $? = 0
configure:3006: gcc-4.2 -V >&5
gcc-4.2: argument to `-V' is missing
configure:3017: $? = 1
configure:3006: gcc-4.2 -qversion >&5
i686-apple-darwin10-gcc-4.2.1: no input files
configure:3017: $? = 1
configure:3037: checking whether the C compiler works
configure:3059: gcc-4.2 -Wall -force_cpusubtype_ALL -mmacosx-version-min=10.4 -arch i386 -arch ppc -arch x86_64  -I/opt/mapc/include -I/opt/cuscus/include -I/usr/local/include -I/opt/local/include -I/Developer/usr/include -I/include -I/usr/include -I/opt/X11/include -I/usr/X11/include -I/opt/sw/include -L/Developer/Projects/cube2/sauerbomber/trunk/src/xcode/Libs/lib/  -L/opt/mapc/lib -L/opt/cuscus/lib -L/usr/local/lib -L/opt/local/lib -L/Developer/usr/lib -L/lib -L/usr/lib -L/opt/X11/lib -L/usr/X11/lib -L/opt/sw/lib conftest.c -lstdc++ >&5
configure:3063: $? = 0
configure:3111: result: yes
configure:3114: checking for C compiler default output file name
configure:3116: result: a.out
configure:3122: checking for suffix of executables
configure:3129: gcc-4.2 -o conftest -Wall -force_cpusubtype_ALL -mmacosx-version-min=10.4 -arch i386 -arch ppc -arch x86_64  -I/opt/mapc/include -I/opt/cuscus/include -I/usr/local/include -I/opt/local/include -I/Developer/usr/include -I/include -I/usr/include -I/opt/X11/include -I/usr/X11/include -I/opt/sw/include -L/Developer/Projects/cube2/sauerbomber/trunk/src/xcode/Libs/lib/  -L/opt/mapc/lib -L/opt/cuscus/lib -L/usr/local/lib -L/opt/local/lib -L/Developer/usr/lib -L/lib -L/usr/lib -L/opt/X11/lib -L/usr/X11/lib -L/opt/sw/lib conftest.c -lstdc++ >&5
configure:3133: $? = 0
configure:3155: result: 
configure:3177: checking whether we are cross compiling
configure:3185: gcc-4.2 -o conftest -Wall -force_cpusubtype_ALL -mmacosx-version-min=10.4 -arch i386 -arch ppc -arch x86_64  -I/opt/mapc/include -I/opt/cuscus/include -I/usr/local/include -I/opt/local/include -I/Developer/usr/include -I/include -I/usr/include -I/opt/X11/include -I/usr/X11/include -I/opt/sw/include -L/Developer/Projects/cube2/sauerbomber/trunk/src/xcode/Libs/lib/  -L/opt/mapc/lib -L/opt/cuscus/lib -L/usr/local/lib -L/opt/local/lib -L/Developer/usr/lib -L/lib -L/usr/lib -L/opt/X11/lib -L/usr/X11/lib -L/opt/sw/lib conftest.c -lstdc++ >&5
configure:3189: $? = 0
configure:3196: ./conftest
configure:3200: $? = 0
configure:3215: result: no
configure:3220: checking for suffix of object files
configure:3242: gcc-4.2 -c -Wall -force_cpusubtype_ALL -mmacosx-version-min=10.4 -arch i386 -arch ppc -arch x86_64  -I/opt/mapc/include -I/opt/cuscus/include -I/usr/local/include -I/opt/local/include -I/Developer/usr/include -I/include -I/usr/include -I/opt/X11/include -I/usr/X11/include -I/opt/sw/include conftest.c >&5
configure:3246: $? = 0
configure:3267: result: o
configure:3271: checking whether we are using the GNU C compiler
configure:3290: gcc-4.2 -c -Wall -force_cpusubtype_ALL -mmacosx-version-min=10.4 -arch i386 -arch ppc -arch x86_64  -I/opt/mapc/include -I/opt/cuscus/include -I/usr/local/include -I/opt/local/include -I/Developer/usr/include -I/include -I/usr/include -I/opt/X11/include -I/usr/X11/include -I/opt/sw/include conftest.c >&5
configure:3290: $? = 0
configure:3299: result: yes
configure:3308: checking whether gcc-4.2 accepts -g
configure:3328: gcc-4.2 -c -g  -I/opt/mapc/include -I/opt/cuscus/include -I/usr/local/include -I/opt/local/include -I/Developer/usr/include -I/include -I/usr/include -I/opt/X11/include -I/usr/X11/include -I/opt/sw/include conftest.c >&5
configure:3328: $? = 0
configure:3369: result: yes
configure:3386: checking for gcc-4.2 option to accept ISO C89
configure:3450: gcc-4.2  -c -Wall -force_cpusubtype_ALL -mmacosx-version-min=10.4 -arch i386 -arch ppc -arch x86_64  -I/opt/mapc/include -I/opt/cuscus/include -I/usr/local/include -I/opt/local/include -I/Developer/usr/include -I/include -I/usr/include -I/opt/X11/include -I/usr/X11/include -I/opt/sw/include conftest.c >&5
configure:3450: $? = 0
configure:3463: result: none needed
configure:3597: checking for C++ compiler version
configure:3606: gcc-4.2 --version >&5
i686-apple-darwin10-gcc-4.2.1 (GCC) 4.2.1 (Apple Inc. build 5666) (dot 3)
Copyright (C) 2007 Free Software Foundation, Inc.
This is free software; see the source for copying conditions.  There is NO
warranty; not even for MERCHANTABILITY or FITNESS FOR A PARTICULAR PURPOSE.

configure:3617: $? = 0
configure:3606: gcc-4.2 -v >&5
Using built-in specs.
Target: i686-apple-darwin10
Configured with: /var/tmp/gcc/gcc-5666.3~6/src/configure --disable-checking --enable-werror --prefix=/usr --mandir=/share/man --enable-languages=c,objc,c++,obj-c++ --program-transform-name=/^[cg][^.-]*$/s/$/-4.2/ --with-slibdir=/usr/lib --build=i686-apple-darwin10 --program-prefix=i686-apple-darwin10- --host=x86_64-apple-darwin10 --target=i686-apple-darwin10 --with-gxx-include-dir=/include/c++/4.2.1
Thread model: posix
gcc version 4.2.1 (Apple Inc. build 5666) (dot 3)
configure:3617: $? = 0
configure:3606: gcc-4.2 -V >&5
gcc-4.2: argument to `-V' is missing
configure:3617: $? = 1
configure:3606: gcc-4.2 -qversion >&5
i686-apple-darwin10-gcc-4.2.1: no input files
configure:3617: $? = 1
configure:3621: checking whether we are using the GNU C++ compiler
configure:3640: gcc-4.2 -c -Wall -force_cpusubtype_ALL -mmacosx-version-min=10.4 -arch i386 -arch ppc -arch x86_64  -I/opt/mapc/include -I/opt/cuscus/include -I/usr/local/include -I/opt/local/include -I/Developer/usr/include -I/include -I/usr/include -I/opt/X11/include -I/usr/X11/include -I/opt/sw/include conftest.cpp >&5
configure:3640: $? = 0
configure:3649: result: yes
configure:3658: checking whether gcc-4.2 accepts -g
configure:3678: gcc-4.2 -c -g  -I/opt/mapc/include -I/opt/cuscus/include -I/usr/local/include -I/opt/local/include -I/Developer/usr/include -I/include -I/usr/include -I/opt/X11/include -I/usr/X11/include -I/opt/sw/include conftest.cpp >&5
configure:3678: $? = 0
configure:3719: result: yes
configure:3749: checking how to run the C preprocessor
configure:3780: gcc-4.2 -E  -I/opt/mapc/include -I/opt/cuscus/include -I/usr/local/include -I/opt/local/include -I/Developer/usr/include -I/include -I/usr/include -I/opt/X11/include -I/usr/X11/include -I/opt/sw/include conftest.c
configure:3780: $? = 0
configure:3794: gcc-4.2 -E  -I/opt/mapc/include -I/opt/cuscus/include -I/usr/local/include -I/opt/local/include -I/Developer/usr/include -I/include -I/usr/include -I/opt/X11/include -I/usr/X11/include -I/opt/sw/include conftest.c
conftest.c:9:28: error: ac_nonexistent.h: No such file or directory
configure:3794: $? = 1
configure: failed program was:
| /* confdefs.h */
| #define PACKAGE_NAME "subversion"
| #define PACKAGE_TARNAME "subversion"
| #define PACKAGE_VERSION "1.7.2"
| #define PACKAGE_STRING "subversion 1.7.2"
| #define PACKAGE_BUGREPORT "http://subversion.apache.org/"
| #define PACKAGE_URL ""
| /* end confdefs.h.  */
| #include <ac_nonexistent.h>
configure:3819: result: gcc-4.2 -E
configure:3839: gcc-4.2 -E  -I/opt/mapc/include -I/opt/cuscus/include -I/usr/local/include -I/opt/local/include -I/Developer/usr/include -I/include -I/usr/include -I/opt/X11/include -I/usr/X11/include -I/opt/sw/include conftest.c
configure:3839: $? = 0
configure:3853: gcc-4.2 -E  -I/opt/mapc/include -I/opt/cuscus/include -I/usr/local/include -I/opt/local/include -I/Developer/usr/include -I/include -I/usr/include -I/opt/X11/include -I/usr/X11/include -I/opt/sw/include conftest.c
conftest.c:9:28: error: ac_nonexistent.h: No such file or directory
configure:3853: $? = 1
configure: failed program was:
| /* confdefs.h */
| #define PACKAGE_NAME "subversion"
| #define PACKAGE_TARNAME "subversion"
| #define PACKAGE_VERSION "1.7.2"
| #define PACKAGE_STRING "subversion 1.7.2"
| #define PACKAGE_BUGREPORT "http://subversion.apache.org/"
| #define PACKAGE_URL ""
| /* end confdefs.h.  */
| #include <ac_nonexistent.h>
configure:3884: checking for a sed that does not truncate output
configure:3948: result: /usr/bin/sed
configure:3959: checking build system type
configure:3973: result: x86_64-apple-darwin10.8.0
configure:3993: checking host system type
configure:4006: result: x86_64-apple-darwin10.8.0
configure:4026: checking target system type
configure:4039: result: x86_64-apple-darwin10.8.0
configure:4067: checking for grep that handles long lines and -e
configure:4125: result: /usr/bin/grep
configure:4130: checking for egrep
configure:4192: result: /usr/bin/grep -E
configure:4198: checking whether ln -s works
configure:4202: result: yes
configure:4224: checking for a BSD-compatible install
configure:4292: result: /usr/bin/install -c
configure:4333: Apache Portable Runtime (APR) library configuration
configure:4361: checking for APR
configure:4437: result: yes
configure:4620: checking APR version
configure:4626: result: 1.4.5
configure:4747: Apache Portable Runtime Utility (APRUTIL) library configuration
configure:4775: checking for APR-util
configure:4851: result: yes
configure:5025: checking APR-UTIL version
configure:5039: result: 1.3.12
configure:5141: checking for pkg-config
configure:5159: found /usr/local/bin/pkg-config
configure:5171: result: /usr/local/bin/pkg-config
configure:5200: checking neon library
configure:5399: checking for neon-config
configure:5417: found /opt/local/bin/neon-config
configure:5429: result: /opt/local/bin/neon-config
configure:5440: checking neon library version
configure:5447: result: 0.29.5
configure:5590: checking for ANSI C header files
configure:5610: gcc-4.2 -c -Wall -force_cpusubtype_ALL -mmacosx-version-min=10.4 -arch i386 -arch ppc -arch x86_64     -I/opt/mapc/include -I/opt/cuscus/include -I/usr/local/include -I/opt/local/include -I/Developer/usr/include -I/include -I/usr/include -I/opt/X11/include -I/usr/X11/include -I/opt/sw/include   -DDARWIN -DSIGPROCMASK_SETS_THREAD_MASK -no-cpp-precomp -DDARWIN_10 conftest.c >&5
configure:5610: $? = 0
configure:5683: gcc-4.2 -o conftest -Wall -force_cpusubtype_ALL -mmacosx-version-min=10.4 -arch i386 -arch ppc -arch x86_64     -I/opt/mapc/include -I/opt/cuscus/include -I/usr/local/include -I/opt/local/include -I/Developer/usr/include -I/include -I/usr/include -I/opt/X11/include -I/usr/X11/include -I/opt/sw/include   -DDARWIN -DSIGPROCMASK_SETS_THREAD_MASK -no-cpp-precomp -DDARWIN_10 -L/Developer/Projects/cube2/sauerbomber/trunk/src/xcode/Libs/lib/  -L/opt/mapc/lib -L/opt/cuscus/lib -L/usr/local/lib -L/opt/local/lib -L/Developer/usr/lib -L/lib -L/usr/lib -L/opt/X11/lib -L/usr/X11/lib -L/opt/sw/lib  -L/opt/local/lib/db46 -L/opt/local/lib conftest.c -lstdc++ >&5
configure:5683: $? = 0
configure:5683: ./conftest
configure:5683: $? = 0
configure:5694: result: yes
configure:5707: checking for sys/types.h
configure:5707: gcc-4.2 -c -Wall -force_cpusubtype_ALL -mmacosx-version-min=10.4 -arch i386 -arch ppc -arch x86_64     -I/opt/mapc/include -I/opt/cuscus/include -I/usr/local/include -I/opt/local/include -I/Developer/usr/include -I/include -I/usr/include -I/opt/X11/include -I/usr/X11/include -I/opt/sw/include   -DDARWIN -DSIGPROCMASK_SETS_THREAD_MASK -no-cpp-precomp -DDARWIN_10 conftest.c >&5
configure:5707: $? = 0
configure:5707: result: yes
configure:5707: checking for sys/stat.h
configure:5707: gcc-4.2 -c -Wall -force_cpusubtype_ALL -mmacosx-version-min=10.4 -arch i386 -arch ppc -arch x86_64     -I/opt/mapc/include -I/opt/cuscus/include -I/usr/local/include -I/opt/local/include -I/Developer/usr/include -I/include -I/usr/include -I/opt/X11/include -I/usr/X11/include -I/opt/sw/include   -DDARWIN -DSIGPROCMASK_SETS_THREAD_MASK -no-cpp-precomp -DDARWIN_10 conftest.c >&5
configure:5707: $? = 0
configure:5707: result: yes
configure:5707: checking for stdlib.h
configure:5707: gcc-4.2 -c -Wall -force_cpusubtype_ALL -mmacosx-version-min=10.4 -arch i386 -arch ppc -arch x86_64     -I/opt/mapc/include -I/opt/cuscus/include -I/usr/local/include -I/opt/local/include -I/Developer/usr/include -I/include -I/usr/include -I/opt/X11/include -I/usr/X11/include -I/opt/sw/include   -DDARWIN -DSIGPROCMASK_SETS_THREAD_MASK -no-cpp-precomp -DDARWIN_10 conftest.c >&5
configure:5707: $? = 0
configure:5707: result: yes
configure:5707: checking for string.h
configure:5707: gcc-4.2 -c -Wall -force_cpusubtype_ALL -mmacosx-version-min=10.4 -arch i386 -arch ppc -arch x86_64     -I/opt/mapc/include -I/opt/cuscus/include -I/usr/local/include -I/opt/local/include -I/Developer/usr/include -I/include -I/usr/include -I/opt/X11/include -I/usr/X11/include -I/opt/sw/include   -DDARWIN -DSIGPROCMASK_SETS_THREAD_MASK -no-cpp-precomp -DDARWIN_10 conftest.c >&5
configure:5707: $? = 0
configure:5707: result: yes
configure:5707: checking for memory.h
configure:5707: gcc-4.2 -c -Wall -force_cpusubtype_ALL -mmacosx-version-min=10.4 -arch i386 -arch ppc -arch x86_64     -I/opt/mapc/include -I/opt/cuscus/include -I/usr/local/include -I/opt/local/include -I/Developer/usr/include -I/include -I/usr/include -I/opt/X11/include -I/usr/X11/include -I/opt/sw/include   -DDARWIN -DSIGPROCMASK_SETS_THREAD_MASK -no-cpp-precomp -DDARWIN_10 conftest.c >&5
configure:5707: $? = 0
configure:5707: result: yes
configure:5707: checking for strings.h
configure:5707: gcc-4.2 -c -Wall -force_cpusubtype_ALL -mmacosx-version-min=10.4 -arch i386 -arch ppc -arch x86_64     -I/opt/mapc/include -I/opt/cuscus/include -I/usr/local/include -I/opt/local/include -I/Developer/usr/include -I/include -I/usr/include -I/opt/X11/include -I/usr/X11/include -I/opt/sw/include   -DDARWIN -DSIGPROCMASK_SETS_THREAD_MASK -no-cpp-precomp -DDARWIN_10 conftest.c >&5
configure:5707: $? = 0
configure:5707: result: yes
configure:5707: checking for inttypes.h
configure:5707: gcc-4.2 -c -Wall -force_cpusubtype_ALL -mmacosx-version-min=10.4 -arch i386 -arch ppc -arch x86_64     -I/opt/mapc/include -I/opt/cuscus/include -I/usr/local/include -I/opt/local/include -I/Developer/usr/include -I/include -I/usr/include -I/opt/X11/include -I/usr/X11/include -I/opt/sw/include   -DDARWIN -DSIGPROCMASK_SETS_THREAD_MASK -no-cpp-precomp -DDARWIN_10 conftest.c >&5
configure:5707: $? = 0
configure:5707: result: yes
configure:5707: checking for stdint.h
configure:5707: gcc-4.2 -c -Wall -force_cpusubtype_ALL -mmacosx-version-min=10.4 -arch i386 -arch ppc -arch x86_64     -I/opt/mapc/include -I/opt/cuscus/include -I/usr/local/include -I/opt/local/include -I/Developer/usr/include -I/include -I/usr/include -I/opt/X11/include -I/usr/X11/include -I/opt/sw/include   -DDARWIN -DSIGPROCMASK_SETS_THREAD_MASK -no-cpp-precomp -DDARWIN_10 conftest.c >&5
configure:5707: $? = 0
configure:5707: result: yes
configure:5707: checking for unistd.h
configure:5707: gcc-4.2 -c -Wall -force_cpusubtype_ALL -mmacosx-version-min=10.4 -arch i386 -arch ppc -arch x86_64     -I/opt/mapc/include -I/opt/cuscus/include -I/usr/local/include -I/opt/local/include -I/Developer/usr/include -I/include -I/usr/include -I/opt/X11/include -I/usr/X11/include -I/opt/sw/include   -DDARWIN -DSIGPROCMASK_SETS_THREAD_MASK -no-cpp-precomp -DDARWIN_10 conftest.c >&5
configure:5707: $? = 0
configure:5707: result: yes
configure:6024: checking whether to look for GSSAPI (Kerberos)
configure:6143: result: no
configure:6228: looking for apr_memcache as part of apr-util
configure:6232: checking apr_memcache.h usability
configure:6232: gcc-4.2 -c -Wall -force_cpusubtype_ALL -mmacosx-version-min=10.4 -arch i386 -arch ppc -arch x86_64     -I/opt/mapc/include -I/opt/cuscus/include -I/usr/local/include -I/opt/local/include -I/Developer/usr/include -I/include -I/usr/include -I/opt/X11/include -I/usr/X11/include -I/opt/sw/include   -DDARWIN -DSIGPROCMASK_SETS_THREAD_MASK -no-cpp-precomp -DDARWIN_10  -I/Developer/Projects/cube2/sauerbomber/trunk/src/xcode/Libs/include/apr-1   -I/opt/local/include/apr-1 -I/opt/local/include conftest.c >&5
configure:6232: $? = 0
configure:6232: result: yes
configure:6232: checking apr_memcache.h presence
configure:6232: gcc-4.2 -E  -I/opt/mapc/include -I/opt/cuscus/include -I/usr/local/include -I/opt/local/include -I/Developer/usr/include -I/include -I/usr/include -I/opt/X11/include -I/usr/X11/include -I/opt/sw/include   -DDARWIN -DSIGPROCMASK_SETS_THREAD_MASK -no-cpp-precomp -DDARWIN_10  -I/Developer/Projects/cube2/sauerbomber/trunk/src/xcode/Libs/include/apr-1   -I/opt/local/include/apr-1 -I/opt/local/include conftest.c
configure:6232: $? = 0
configure:6232: result: yes
configure:6232: checking for apr_memcache.h
configure:6232: result: yes
configure:6237: checking for apr_memcache_create in -laprutil-1
configure:6262: gcc-4.2 -o conftest -Wall -force_cpusubtype_ALL -mmacosx-version-min=10.4 -arch i386 -arch ppc -arch x86_64     -I/opt/mapc/include -I/opt/cuscus/include -I/usr/local/include -I/opt/local/include -I/Developer/usr/include -I/include -I/usr/include -I/opt/X11/include -I/usr/X11/include -I/opt/sw/include   -DDARWIN -DSIGPROCMASK_SETS_THREAD_MASK -no-cpp-precomp -DDARWIN_10  -I/Developer/Projects/cube2/sauerbomber/trunk/src/xcode/Libs/include/apr-1   -I/opt/local/include/apr-1 -I/opt/local/include -L/Developer/Projects/cube2/sauerbomber/trunk/src/xcode/Libs/lib/  -L/opt/mapc/lib -L/opt/cuscus/lib -L/usr/local/lib -L/opt/local/lib -L/Developer/usr/lib -L/lib -L/usr/lib -L/opt/X11/lib -L/usr/X11/lib -L/opt/sw/lib  -L/opt/local/lib/db46 -L/opt/local/lib -L/opt/local/lib -laprutil-1 conftest.c -laprutil-1  -lstdc++ >&5
configure:6262: $? = 0
configure:6271: result: yes
configure:6471: checking for Apache module support via DSO through APXS
configure:6503: result: found at /usr/sbin/apxs
configure:6506: checking httpd version
configure:6518: result: recent enough
configure:6546: checking whether Apache version is compatible with APR version
configure:6573: result: yes
configure:6661: checking sqlite library
configure:6856: checking sqlite amalgamation
configure:6859: result: no
configure:6911: checking sqlite3.h usability
configure:6911: gcc-4.2 -c -Wall -force_cpusubtype_ALL -mmacosx-version-min=10.4 -arch i386 -arch ppc -arch x86_64     -I/opt/mapc/include -I/opt/cuscus/include -I/usr/local/include -I/opt/local/include -I/Developer/usr/include -I/include -I/usr/include -I/opt/X11/include -I/usr/X11/include -I/opt/sw/include   -DDARWIN -DSIGPROCMASK_SETS_THREAD_MASK -no-cpp-precomp -DDARWIN_10 conftest.c >&5
configure:6911: $? = 0
configure:6911: result: yes
configure:6911: checking sqlite3.h presence
configure:6911: gcc-4.2 -E  -I/opt/mapc/include -I/opt/cuscus/include -I/usr/local/include -I/opt/local/include -I/Developer/usr/include -I/include -I/usr/include -I/opt/X11/include -I/usr/X11/include -I/opt/sw/include   -DDARWIN -DSIGPROCMASK_SETS_THREAD_MASK -no-cpp-precomp -DDARWIN_10 conftest.c
configure:6911: $? = 0
configure:6911: result: yes
configure:6911: checking for sqlite3.h
configure:6911: result: yes
configure:6914: checking sqlite library version (via header)
configure:6926: result: okay
configure:6928: checking for sqlite3_close in -lsqlite3
configure:6953: gcc-4.2 -o conftest -Wall -force_cpusubtype_ALL -mmacosx-version-min=10.4 -arch i386 -arch ppc -arch x86_64     -I/opt/mapc/include -I/opt/cuscus/include -I/usr/local/include -I/opt/local/include -I/Developer/usr/include -I/include -I/usr/include -I/opt/X11/include -I/usr/X11/include -I/opt/sw/include   -DDARWIN -DSIGPROCMASK_SETS_THREAD_MASK -no-cpp-precomp -DDARWIN_10 -L/Developer/Projects/cube2/sauerbomber/trunk/src/xcode/Libs/lib/  -L/opt/mapc/lib -L/opt/cuscus/lib -L/usr/local/lib -L/opt/local/lib -L/Developer/usr/lib -L/lib -L/usr/lib -L/opt/X11/lib -L/usr/X11/lib -L/opt/sw/lib  -L/opt/local/lib/db46 -L/opt/local/lib conftest.c -lsqlite3  -lstdc++ >&5
ld: warning: in /opt/local/lib/libsqlite3.dylib, missing required architecture ppc in file
Undefined symbols for architecture ppc:
  "_sqlite3_close", referenced from:
      _main in ccBviffq.o
ld: symbol(s) not found for architecture ppc
collect2: ld returned 1 exit status
lipo: can't open input file: /var/tmp//ccKBADTY.out (No such file or directory)
configure:6953: $? = 1
configure: failed program was:
| /* confdefs.h */
| #define PACKAGE_NAME "subversion"
| #define PACKAGE_TARNAME "subversion"
| #define PACKAGE_VERSION "1.7.2"
| #define PACKAGE_STRING "subversion 1.7.2"
| #define PACKAGE_BUGREPORT "http://subversion.apache.org/"
| #define PACKAGE_URL ""
| #define SVN_NEON_0_26 1
| #define SVN_NEON_0_27 1
| #define SVN_NEON_0_28 1
| #define SVN_HAVE_NEON 1
| #define STDC_HEADERS 1
| #define HAVE_SYS_TYPES_H 1
| #define HAVE_SYS_STAT_H 1
| #define HAVE_STDLIB_H 1
| #define HAVE_STRING_H 1
| #define HAVE_MEMORY_H 1
| #define HAVE_STRINGS_H 1
| #define HAVE_INTTYPES_H 1
| #define HAVE_STDINT_H 1
| #define HAVE_UNISTD_H 1
| #define SVN_HAVE_MEMCACHE 1
| /* end confdefs.h.  */
| 
| /* Override any GCC internal prototype to avoid an error.
|    Use char because int might match the return type of a GCC
|    builtin and then its argument prototype would still apply.  */
| #ifdef __cplusplus
| extern "C"
| #endif
| char sqlite3_close ();
| int
| main ()
| {
| return sqlite3_close ();
|   ;
|   return 0;
| }
configure:6962: result: no
configure:7014: checking sqlite library version (via pkg-config)
configure:7032: result: 3.7.10
configure:7125: configuring libtool now
configure:7173: checking how to print strings
configure:7200: result: printf
configure:7221: checking for a sed that does not truncate output
configure:7285: result: /usr/bin/sed
configure:7303: checking for fgrep
configure:7365: result: /usr/bin/grep -F
configure:7400: checking for ld used by gcc-4.2
configure:7467: result: /Developer/usr/libexec/gcc/i686-apple-darwin10/4.2.1/ld
configure:7474: checking if the linker (/Developer/usr/libexec/gcc/i686-apple-darwin10/4.2.1/ld) is GNU ld
configure:7489: result: no
configure:7501: checking for BSD- or MS-compatible name lister (nm)
configure:7550: result: /Developer/usr/bin/nm
configure:7680: checking the name lister (/Developer/usr/bin/nm) interface
configure:7687: gcc-4.2 -c -Wall -force_cpusubtype_ALL -mmacosx-version-min=10.4 -arch i386 -arch ppc -arch x86_64     -I/opt/mapc/include -I/opt/cuscus/include -I/usr/local/include -I/opt/local/include -I/Developer/usr/include -I/include -I/usr/include -I/opt/X11/include -I/usr/X11/include -I/opt/sw/include   -DDARWIN -DSIGPROCMASK_SETS_THREAD_MASK -no-cpp-precomp -DDARWIN_10 conftest.c >&5
configure:7690: /Developer/usr/bin/nm "conftest.o"
configure:7693: output
0000000000000000 D _some_variable
configure:7700: result: BSD nm
configure:7704: checking the maximum length of command line arguments
configure:7834: result: 196608
configure:7851: checking whether the shell understands some XSI constructs
configure:7861: result: yes
configure:7865: checking whether the shell understands "+="
configure:7871: result: yes
configure:7906: checking how to convert x86_64-apple-darwin10.8.0 file names to x86_64-apple-darwin10.8.0 format
configure:7946: result: func_convert_file_noop
configure:7953: checking how to convert x86_64-apple-darwin10.8.0 file names to toolchain format
configure:7973: result: func_convert_file_noop
configure:7980: checking for /Developer/usr/libexec/gcc/i686-apple-darwin10/4.2.1/ld option to reload object files
configure:7987: result: -r
configure:8061: checking for objdump
configure:8091: result: no
configure:8120: checking how to recognize dependent libraries
configure:8322: result: pass_all
configure:8407: checking for dlltool
configure:8437: result: no
configure:8467: checking how to associate runtime and link libraries
configure:8494: result: printf %s\n
configure:8554: checking for ar
configure:8570: found /Developer/usr/bin/ar
configure:8581: result: ar
configure:8618: checking for archiver @FILE support
configure:8635: gcc-4.2 -c -Wall -force_cpusubtype_ALL -mmacosx-version-min=10.4 -arch i386 -arch ppc -arch x86_64     -I/opt/mapc/include -I/opt/cuscus/include -I/usr/local/include -I/opt/local/include -I/Developer/usr/include -I/include -I/usr/include -I/opt/X11/include -I/usr/X11/include -I/opt/sw/include   -DDARWIN -DSIGPROCMASK_SETS_THREAD_MASK -no-cpp-precomp -DDARWIN_10 conftest.c >&5
configure:8635: $? = 0
configure:8638: ar cru libconftest.a @conftest.lst >&5
ar: @conftest.lst: No such file or directory
configure:8641: $? = 1
configure:8661: result: no
configure:8719: checking for strip
configure:8735: found /Developer/usr/bin/strip
configure:8746: result: strip
configure:8818: checking for ranlib
configure:8834: found /Developer/usr/bin/ranlib
configure:8845: result: ranlib
configure:8922: checking for gawk
configure:8938: found /opt/local/bin/gawk
configure:8949: result: gawk
configure:8989: checking command to parse /Developer/usr/bin/nm output from gcc-4.2 object
configure:9109: gcc-4.2 -c -Wall -force_cpusubtype_ALL -mmacosx-version-min=10.4 -arch i386 -arch ppc -arch x86_64     -I/opt/mapc/include -I/opt/cuscus/include -I/usr/local/include -I/opt/local/include -I/Developer/usr/include -I/include -I/usr/include -I/opt/X11/include -I/usr/X11/include -I/opt/sw/include   -DDARWIN -DSIGPROCMASK_SETS_THREAD_MASK -no-cpp-precomp -DDARWIN_10 conftest.c >&5
configure:9112: $? = 0
configure:9116: /Developer/usr/bin/nm conftest.o \| sed -n -e 's/^.*[ ]\([BCDEGRST][BCDEGRST]*\)[ ][ ]*\([_A-Za-z][_A-Za-z0-9]*\)$/\1 \2 \2/p' | sed '/ __gnu_lto/d' \> conftest.nm
configure:9119: $? = 0
cannot find nm_test_var in conftest.nm
configure:9109: gcc-4.2 -c -Wall -force_cpusubtype_ALL -mmacosx-version-min=10.4 -arch i386 -arch ppc -arch x86_64     -I/opt/mapc/include -I/opt/cuscus/include -I/usr/local/include -I/opt/local/include -I/Developer/usr/include -I/include -I/usr/include -I/opt/X11/include -I/usr/X11/include -I/opt/sw/include   -DDARWIN -DSIGPROCMASK_SETS_THREAD_MASK -no-cpp-precomp -DDARWIN_10 conftest.c >&5
configure:9112: $? = 0
configure:9116: /Developer/usr/bin/nm conftest.o \| sed -n -e 's/^.*[ ]\([BCDEGRST][BCDEGRST]*\)[ ][ ]*_\([_A-Za-z][_A-Za-z0-9]*\)$/\1 _\2 \2/p' | sed '/ __gnu_lto/d' \> conftest.nm
configure:9119: $? = 0
configure:9185: gcc-4.2 -o conftest -Wall -force_cpusubtype_ALL -mmacosx-version-min=10.4 -arch i386 -arch ppc -arch x86_64     -I/opt/mapc/include -I/opt/cuscus/include -I/usr/local/include -I/opt/local/include -I/Developer/usr/include -I/include -I/usr/include -I/opt/X11/include -I/usr/X11/include -I/opt/sw/include   -DDARWIN -DSIGPROCMASK_SETS_THREAD_MASK -no-cpp-precomp -DDARWIN_10 -L/Developer/Projects/cube2/sauerbomber/trunk/src/xcode/Libs/lib/  -L/opt/mapc/lib -L/opt/cuscus/lib -L/usr/local/lib -L/opt/local/lib -L/Developer/usr/lib -L/lib -L/usr/lib -L/opt/X11/lib -L/usr/X11/lib -L/opt/sw/lib  -L/opt/local/lib/db46 -L/opt/local/lib conftest.c conftstm.o >&5
configure:9188: $? = 0
configure:9226: result: ok
configure:9263: checking for sysroot
configure:9293: result: no
configure:9549: checking for mt
configure:9579: result: no
configure:9599: checking if : is a manifest tool
configure:9605: : '-?'
configure:9613: result: no
configure:9669: checking for dsymutil
configure:9685: found /Developer/usr/bin/dsymutil
configure:9696: result: dsymutil
configure:9761: checking for nmedit
configure:9777: found /Developer/usr/bin/nmedit
configure:9788: result: nmedit
configure:9853: checking for lipo
configure:9869: found /usr/bin/lipo
configure:9880: result: lipo
configure:9945: checking for otool
configure:9961: found /Developer/usr/bin/otool
configure:9972: result: otool
configure:10037: checking for otool64
configure:10067: result: no
configure:10112: checking for -single_module linker flag
gcc-4.2 -Wall -force_cpusubtype_ALL -mmacosx-version-min=10.4 -arch i386 -arch ppc -arch x86_64    -L/Developer/Projects/cube2/sauerbomber/trunk/src/xcode/Libs/lib/  -L/opt/mapc/lib -L/opt/cuscus/lib -L/usr/local/lib -L/opt/local/lib -L/Developer/usr/lib -L/lib -L/usr/lib -L/opt/X11/lib -L/usr/X11/lib -L/opt/sw/lib  -L/opt/local/lib/db46 -L/opt/local/lib -o libconftest.dylib -dynamiclib -Wl,-single_module conftest.c
configure:10145: result: yes
configure:10148: checking for -exported_symbols_list linker flag
configure:10168: gcc-4.2 -o conftest -Wall -force_cpusubtype_ALL -mmacosx-version-min=10.4 -arch i386 -arch ppc -arch x86_64     -I/opt/mapc/include -I/opt/cuscus/include -I/usr/local/include -I/opt/local/include -I/Developer/usr/include -I/include -I/usr/include -I/opt/X11/include -I/usr/X11/include -I/opt/sw/include   -DDARWIN -DSIGPROCMASK_SETS_THREAD_MASK -no-cpp-precomp -DDARWIN_10 -L/Developer/Projects/cube2/sauerbomber/trunk/src/xcode/Libs/lib/  -L/opt/mapc/lib -L/opt/cuscus/lib -L/usr/local/lib -L/opt/local/lib -L/Developer/usr/lib -L/lib -L/usr/lib -L/opt/X11/lib -L/usr/X11/lib -L/opt/sw/lib  -L/opt/local/lib/db46 -L/opt/local/lib -Wl,-exported_symbols_list,conftest.sym conftest.c -lstdc++ >&5
configure:10168: $? = 0
configure:10178: result: yes
configure:10181: checking for -force_load linker flag
gcc-4.2 -Wall -force_cpusubtype_ALL -mmacosx-version-min=10.4 -arch i386 -arch ppc -arch x86_64    -c -o conftest.o conftest.c
ar cru libconftest.a conftest.o
ranlib libconftest.a
gcc-4.2 -Wall -force_cpusubtype_ALL -mmacosx-version-min=10.4 -arch i386 -arch ppc -arch x86_64    -L/Developer/Projects/cube2/sauerbomber/trunk/src/xcode/Libs/lib/  -L/opt/mapc/lib -L/opt/cuscus/lib -L/usr/local/lib -L/opt/local/lib -L/Developer/usr/lib -L/lib -L/usr/lib -L/opt/X11/lib -L/usr/X11/lib -L/opt/sw/lib  -L/opt/local/lib/db46 -L/opt/local/lib -o conftest conftest.c -Wl,-force_load,./libconftest.a
configure:10213: result: yes
configure:10252: checking for dlfcn.h
configure:10252: gcc-4.2 -c -Wall -force_cpusubtype_ALL -mmacosx-version-min=10.4 -arch i386 -arch ppc -arch x86_64     -I/opt/mapc/include -I/opt/cuscus/include -I/usr/local/include -I/opt/local/include -I/Developer/usr/include -I/include -I/usr/include -I/opt/X11/include -I/usr/X11/include -I/opt/sw/include   -DDARWIN -DSIGPROCMASK_SETS_THREAD_MASK -no-cpp-precomp -DDARWIN_10 conftest.c >&5
configure:10252: $? = 0
configure:10252: result: yes
configure:10469: checking for objdir
configure:10484: result: .libs
configure:10755: checking if gcc-4.2 supports -fno-rtti -fno-exceptions
configure:10773: gcc-4.2 -c -Wall -force_cpusubtype_ALL -mmacosx-version-min=10.4 -arch i386 -arch ppc -arch x86_64     -I/opt/mapc/include -I/opt/cuscus/include -I/usr/local/include -I/opt/local/include -I/Developer/usr/include -I/include -I/usr/include -I/opt/X11/include -I/usr/X11/include -I/opt/sw/include   -DDARWIN -DSIGPROCMASK_SETS_THREAD_MASK -no-cpp-precomp -DDARWIN_10 -fno-rtti -fno-exceptions conftest.c >&5
cc1: warning: command line option "-fno-rtti" is valid for C++/ObjC++ but not for C
cc1: warning: command line option "-fno-rtti" is valid for C++/ObjC++ but not for C
cc1: warning: command line option "-fno-rtti" is valid for C++/ObjC++ but not for C
configure:10777: $? = 0
configure:10790: result: no
configure:11117: checking for gcc-4.2 option to produce PIC
configure:11124: result: -fno-common -DPIC
configure:11132: checking if gcc-4.2 PIC flag -fno-common -DPIC works
configure:11150: gcc-4.2 -c -Wall -force_cpusubtype_ALL -mmacosx-version-min=10.4 -arch i386 -arch ppc -arch x86_64     -I/opt/mapc/include -I/opt/cuscus/include -I/usr/local/include -I/opt/local/include -I/Developer/usr/include -I/include -I/usr/include -I/opt/X11/include -I/usr/X11/include -I/opt/sw/include   -DDARWIN -DSIGPROCMASK_SETS_THREAD_MASK -no-cpp-precomp -DDARWIN_10 -fno-common -DPIC -DPIC conftest.c >&5
configure:11154: $? = 0
configure:11167: result: yes
configure:11196: checking if gcc-4.2 static flag -static works
configure:11224: result: no
configure:11239: checking if gcc-4.2 supports -c -o file.o
configure:11260: gcc-4.2 -c -Wall -force_cpusubtype_ALL -mmacosx-version-min=10.4 -arch i386 -arch ppc -arch x86_64     -I/opt/mapc/include -I/opt/cuscus/include -I/usr/local/include -I/opt/local/include -I/Developer/usr/include -I/include -I/usr/include -I/opt/X11/include -I/usr/X11/include -I/opt/sw/include   -DDARWIN -DSIGPROCMASK_SETS_THREAD_MASK -no-cpp-precomp -DDARWIN_10 -o out/conftest2.o conftest.c >&5
configure:11264: $? = 0
configure:11286: result: yes
configure:11294: checking if gcc-4.2 supports -c -o file.o
configure:11341: result: yes
configure:11374: checking whether the gcc-4.2 linker (/Developer/usr/libexec/gcc/i686-apple-darwin10/4.2.1/ld) supports shared libraries
configure:12527: result: yes
configure:12767: checking dynamic linker characteristics
configure:13500: result: darwin10.8.0 dyld
configure:13607: checking how to hardcode library paths into programs
configure:13632: result: immediate
configure:14172: checking whether stripping libraries is possible
configure:14186: result: yes
configure:14212: checking if libtool supports shared libraries
configure:14214: result: yes
configure:14217: checking whether to build shared libraries
configure:14238: result: yes
configure:14241: checking whether to build static libraries
configure:14245: result: yes
configure:14268: checking how to run the C++ preprocessor
configure:14334: result: gcc-4.2 -E
configure:14354: gcc-4.2 -E  -I/opt/mapc/include -I/opt/cuscus/include -I/usr/local/include -I/opt/local/include -I/Developer/usr/include -I/include -I/usr/include -I/opt/X11/include -I/usr/X11/include -I/opt/sw/include   -DDARWIN -DSIGPROCMASK_SETS_THREAD_MASK -no-cpp-precomp -DDARWIN_10 conftest.cpp
configure:14354: $? = 0
configure:14368: gcc-4.2 -E  -I/opt/mapc/include -I/opt/cuscus/include -I/usr/local/include -I/opt/local/include -I/Developer/usr/include -I/include -I/usr/include -I/opt/X11/include -I/usr/X11/include -I/opt/sw/include   -DDARWIN -DSIGPROCMASK_SETS_THREAD_MASK -no-cpp-precomp -DDARWIN_10 conftest.cpp
conftest.cpp:28:28: error: ac_nonexistent.h: No such file or directory
configure:14368: $? = 1
configure: failed program was:
| /* confdefs.h */
| #define PACKAGE_NAME "subversion"
| #define PACKAGE_TARNAME "subversion"
| #define PACKAGE_VERSION "1.7.2"
| #define PACKAGE_STRING "subversion 1.7.2"
| #define PACKAGE_BUGREPORT "http://subversion.apache.org/"
| #define PACKAGE_URL ""
| #define SVN_NEON_0_26 1
| #define SVN_NEON_0_27 1
| #define SVN_NEON_0_28 1
| #define SVN_HAVE_NEON 1
| #define STDC_HEADERS 1
| #define HAVE_SYS_TYPES_H 1
| #define HAVE_SYS_STAT_H 1
| #define HAVE_STDLIB_H 1
| #define HAVE_STRING_H 1
| #define HAVE_MEMORY_H 1
| #define HAVE_STRINGS_H 1
| #define HAVE_INTTYPES_H 1
| #define HAVE_STDINT_H 1
| #define HAVE_UNISTD_H 1
| #define SVN_HAVE_MEMCACHE 1
| #define SVN_BINDIR "/Developer/Projects/cube2/sauerbomber/trunk/src/xcode/Libs/bin"
| #define SVN_LOCALE_DIR "/Developer/Projects/cube2/sauerbomber/trunk/src/xcode/Libs/share/locale"
| #define HAVE_DLFCN_H 1
| #define LT_OBJDIR ".libs/"
| /* end confdefs.h.  */
| #include <ac_nonexistent.h>
configure:14537: checking for ld used by gcc-4.2
configure:14604: result: /Developer/usr/libexec/gcc/i686-apple-darwin10/4.2.1/ld
configure:14611: checking if the linker (/Developer/usr/libexec/gcc/i686-apple-darwin10/4.2.1/ld) is GNU ld
configure:14626: result: no
configure:14681: checking whether the gcc-4.2 linker (/Developer/usr/libexec/gcc/i686-apple-darwin10/4.2.1/ld) supports shared libraries
configure:15686: result: yes
configure:15722: gcc-4.2 -c -Wall -force_cpusubtype_ALL -mmacosx-version-min=10.4 -arch i386 -arch ppc -arch x86_64  -I/opt/mapc/include -I/opt/cuscus/include -I/usr/local/include -I/opt/local/include -I/Developer/usr/include -I/include -I/usr/include -I/opt/X11/include -I/usr/X11/include -I/opt/sw/include   -DDARWIN -DSIGPROCMASK_SETS_THREAD_MASK -no-cpp-precomp -DDARWIN_10 conftest.cpp >&5
configure:15725: $? = 0
configure:16245: checking for gcc-4.2 option to produce PIC
configure:16252: result: -fno-common -DPIC
configure:16260: checking if gcc-4.2 PIC flag -fno-common -DPIC works
configure:16278: gcc-4.2 -c -Wall -force_cpusubtype_ALL -mmacosx-version-min=10.4 -arch i386 -arch ppc -arch x86_64  -I/opt/mapc/include -I/opt/cuscus/include -I/usr/local/include -I/opt/local/include -I/Developer/usr/include -I/include -I/usr/include -I/opt/X11/include -I/usr/X11/include -I/opt/sw/include   -DDARWIN -DSIGPROCMASK_SETS_THREAD_MASK -no-cpp-precomp -DDARWIN_10 -fno-common -DPIC -DPIC conftest.cpp >&5
configure:16282: $? = 0
configure:16295: result: yes
configure:16318: checking if gcc-4.2 static flag -static works
configure:16346: result: no
configure:16358: checking if gcc-4.2 supports -c -o file.o
configure:16379: gcc-4.2 -c -Wall -force_cpusubtype_ALL -mmacosx-version-min=10.4 -arch i386 -arch ppc -arch x86_64  -I/opt/mapc/include -I/opt/cuscus/include -I/usr/local/include -I/opt/local/include -I/Developer/usr/include -I/include -I/usr/include -I/opt/X11/include -I/usr/X11/include -I/opt/sw/include   -DDARWIN -DSIGPROCMASK_SETS_THREAD_MASK -no-cpp-precomp -DDARWIN_10 -o out/conftest2.o conftest.cpp >&5
configure:16383: $? = 0
configure:16405: result: yes
configure:16410: checking if gcc-4.2 supports -c -o file.o
configure:16457: result: yes
configure:16487: checking whether the gcc-4.2 linker (/Developer/usr/libexec/gcc/i686-apple-darwin10/4.2.1/ld) supports shared libraries
configure:16523: result: yes
configure:16664: checking dynamic linker characteristics
configure:17331: result: darwin10.8.0 dyld
configure:17384: checking how to hardcode library paths into programs
configure:17409: result: immediate
configure:17513: building both shared and static libraries
configure:17569: checking whether libtool needs -no-undefined
configure:17578: result: no
configure:17585: checking whether to avoid circular linkage at all costs
configure:17596: result: no
configure:17613: checking for trang
configure:17644: result: none
configure:17669: checking for doxygen
configure:17700: result: none
configure:17725: checking for Expat
configure:17751: gcc-4.2 -o conftest -Wall -force_cpusubtype_ALL -mmacosx-version-min=10.4 -arch i386 -arch ppc -arch x86_64     -I/opt/mapc/include -I/opt/cuscus/include -I/usr/local/include -I/opt/local/include -I/Developer/usr/include -I/include -I/usr/include -I/opt/X11/include -I/usr/X11/include -I/opt/sw/include   -DDARWIN -DSIGPROCMASK_SETS_THREAD_MASK -no-cpp-precomp -DDARWIN_10  -L/Developer/Projects/cube2/sauerbomber/trunk/src/xcode/Libs/lib/  -L/opt/mapc/lib -L/opt/cuscus/lib -L/usr/local/lib -L/opt/local/lib -L/Developer/usr/lib -L/lib -L/usr/lib -L/opt/X11/lib -L/usr/X11/lib -L/opt/sw/lib  -L/opt/local/lib/db46 -L/opt/local/lib conftest.c -lstdc++ -lexpat >&5
conftest.c: In function 'main':
conftest.c:31: warning: control reaches end of non-void function
conftest.c: In function 'main':
conftest.c:31: warning: control reaches end of non-void function
ld: warning: in /opt/local/lib/libexpat.dylib, missing required architecture ppc in file
Undefined symbols for architecture ppc:
  "_XML_ParserCreate", referenced from:
      _main in ccPqXyUD.o
ld: symbol(s) not found for architecture ppc
collect2: ld returned 1 exit status
conftest.c: In function 'main':
conftest.c:31: warning: control reaches end of non-void function
lipo: can't open input file: /var/tmp//ccRqUtci.out (No such file or directory)
configure:17751: $? = 1
configure: failed program was:
| /* confdefs.h */
| #define PACKAGE_NAME "subversion"
| #define PACKAGE_TARNAME "subversion"
| #define PACKAGE_VERSION "1.7.2"
| #define PACKAGE_STRING "subversion 1.7.2"
| #define PACKAGE_BUGREPORT "http://subversion.apache.org/"
| #define PACKAGE_URL ""
| #define SVN_NEON_0_26 1
| #define SVN_NEON_0_27 1
| #define SVN_NEON_0_28 1
| #define SVN_HAVE_NEON 1
| #define STDC_HEADERS 1
| #define HAVE_SYS_TYPES_H 1
| #define HAVE_SYS_STAT_H 1
| #define HAVE_STDLIB_H 1
| #define HAVE_STRING_H 1
| #define HAVE_MEMORY_H 1
| #define HAVE_STRINGS_H 1
| #define HAVE_INTTYPES_H 1
| #define HAVE_STDINT_H 1
| #define HAVE_UNISTD_H 1
| #define SVN_HAVE_MEMCACHE 1
| #define SVN_BINDIR "/Developer/Projects/cube2/sauerbomber/trunk/src/xcode/Libs/bin"
| #define SVN_LOCALE_DIR "/Developer/Projects/cube2/sauerbomber/trunk/src/xcode/Libs/share/locale"
| #define HAVE_DLFCN_H 1
| #define LT_OBJDIR ".libs/"
| /* end confdefs.h.  */
| 
| #include <expat.h>
| int main()
| {XML_ParserCreate(NULL);}
configure:17776: gcc-4.2 -c -Wall -force_cpusubtype_ALL -mmacosx-version-min=10.4 -arch i386 -arch ppc -arch x86_64     -I/opt/mapc/include -I/opt/cuscus/include -I/usr/local/include -I/opt/local/include -I/Developer/usr/include -I/include -I/usr/include -I/opt/X11/include -I/usr/X11/include -I/opt/sw/include   -DDARWIN -DSIGPROCMASK_SETS_THREAD_MASK -no-cpp-precomp -DDARWIN_10   -I/opt/local/include/apr-1 -I/opt/local/include conftest.c >&5
conftest.c: In function 'main':
conftest.c:31: warning: control reaches end of non-void function
conftest.c: In function 'main':
conftest.c:31: warning: control reaches end of non-void function
conftest.c: In function 'main':
conftest.c:31: warning: control reaches end of non-void function
configure:17776: $? = 0
configure:17783: result: yes
configure:17785: WARNING: Expat found amongst libraries used by APR-Util, but Subversion libraries might be needlessly linked against additional unused libraries. It can be avoided by specifying exact location of Expat in argument of --with-expat option.
configure:17810: checking for socket in -lsocket
configure:17835: gcc-4.2 -o conftest -Wall -force_cpusubtype_ALL -mmacosx-version-min=10.4 -arch i386 -arch ppc -arch x86_64     -I/opt/mapc/include -I/opt/cuscus/include -I/usr/local/include -I/opt/local/include -I/Developer/usr/include -I/include -I/usr/include -I/opt/X11/include -I/usr/X11/include -I/opt/sw/include   -DDARWIN -DSIGPROCMASK_SETS_THREAD_MASK -no-cpp-precomp -DDARWIN_10 -L/Developer/Projects/cube2/sauerbomber/trunk/src/xcode/Libs/lib/  -L/opt/mapc/lib -L/opt/cuscus/lib -L/usr/local/lib -L/opt/local/lib -L/Developer/usr/lib -L/lib -L/usr/lib -L/opt/X11/lib -L/usr/X11/lib -L/opt/sw/lib  -L/opt/local/lib/db46 -L/opt/local/lib conftest.c -lsocket  -lstdc++ >&5
ld: library not found for -lsocket
collect2: ld returned 1 exit status
ld: library not found for -lsocket
collect2: ld returned 1 exit status
ld: library not found for -lsocket
collect2: ld returned 1 exit status
lipo: can't open input file: /var/tmp//ccjYUhkD.out (No such file or directory)
configure:17835: $? = 1
configure: failed program was:
| /* confdefs.h */
| #define PACKAGE_NAME "subversion"
| #define PACKAGE_TARNAME "subversion"
| #define PACKAGE_VERSION "1.7.2"
| #define PACKAGE_STRING "subversion 1.7.2"
| #define PACKAGE_BUGREPORT "http://subversion.apache.org/"
| #define PACKAGE_URL ""
| #define SVN_NEON_0_26 1
| #define SVN_NEON_0_27 1
| #define SVN_NEON_0_28 1
| #define SVN_HAVE_NEON 1
| #define STDC_HEADERS 1
| #define HAVE_SYS_TYPES_H 1
| #define HAVE_SYS_STAT_H 1
| #define HAVE_STDLIB_H 1
| #define HAVE_STRING_H 1
| #define HAVE_MEMORY_H 1
| #define HAVE_STRINGS_H 1
| #define HAVE_INTTYPES_H 1
| #define HAVE_STDINT_H 1
| #define HAVE_UNISTD_H 1
| #define SVN_HAVE_MEMCACHE 1
| #define SVN_BINDIR "/Developer/Projects/cube2/sauerbomber/trunk/src/xcode/Libs/bin"
| #define SVN_LOCALE_DIR "/Developer/Projects/cube2/sauerbomber/trunk/src/xcode/Libs/share/locale"
| #define HAVE_DLFCN_H 1
| #define LT_OBJDIR ".libs/"
| /* end confdefs.h.  */
| 
| /* Override any GCC internal prototype to avoid an error.
|    Use char because int might match the return type of a GCC
|    builtin and then its argument prototype would still apply.  */
| #ifdef __cplusplus
| extern "C"
| #endif
| char socket ();
| int
| main ()
| {
| return socket ();
|   ;
|   return 0;
| }
configure:17844: result: no
configure:17956: checking for availability of Berkeley DB
configure:18028: gcc-4.2 -o conftest -Wall -force_cpusubtype_ALL -mmacosx-version-min=10.4 -arch i386 -arch ppc -arch x86_64      -I/opt/local/include/apr-1 -I/opt/local/include  -I/opt/mapc/include -I/opt/cuscus/include -I/usr/local/include -I/opt/local/include -I/Developer/usr/include -I/include -I/usr/include -I/opt/X11/include -I/usr/X11/include -I/opt/sw/include   -DDARWIN -DSIGPROCMASK_SETS_THREAD_MASK -no-cpp-precomp -DDARWIN_10 -L/Developer/Projects/cube2/sauerbomber/trunk/src/xcode/Libs/lib/  -L/opt/mapc/lib -L/opt/cuscus/lib -L/usr/local/lib -L/opt/local/lib -L/Developer/usr/lib -L/lib -L/usr/lib -L/opt/X11/lib -L/usr/X11/lib -L/opt/sw/lib  -L/opt/local/lib/db46 -L/opt/local/lib conftest.c  -L/opt/local/lib/db46 -L/opt/local/lib -ldb-4.6 -lstdc++ >&5
ld: warning: in /opt/local/lib/db46/libdb-4.6.dylib, missing required architecture ppc in file
Undefined symbols for architecture ppc:
  "_db_version", referenced from:
      _main in ccQTX2ki.o
ld: symbol(s) not found for architecture ppc
collect2: ld returned 1 exit status
lipo: can't open input file: /var/tmp//ccJHOWA1.out (No such file or directory)
configure:18028: $? = 1
configure: program exited with status 1
configure: failed program was:
| /* confdefs.h */
| #define PACKAGE_NAME "subversion"
| #define PACKAGE_TARNAME "subversion"
| #define PACKAGE_VERSION "1.7.2"
| #define PACKAGE_STRING "subversion 1.7.2"
| #define PACKAGE_BUGREPORT "http://subversion.apache.org/"
| #define PACKAGE_URL ""
| #define SVN_NEON_0_26 1
| #define SVN_NEON_0_27 1
| #define SVN_NEON_0_28 1
| #define SVN_HAVE_NEON 1
| #define STDC_HEADERS 1
| #define HAVE_SYS_TYPES_H 1
| #define HAVE_SYS_STAT_H 1
| #define HAVE_STDLIB_H 1
| #define HAVE_STRING_H 1
| #define HAVE_MEMORY_H 1
| #define HAVE_STRINGS_H 1
| #define HAVE_INTTYPES_H 1
| #define HAVE_STDINT_H 1
| #define HAVE_UNISTD_H 1
| #define SVN_HAVE_MEMCACHE 1
| #define SVN_BINDIR "/Developer/Projects/cube2/sauerbomber/trunk/src/xcode/Libs/bin"
| #define SVN_LOCALE_DIR "/Developer/Projects/cube2/sauerbomber/trunk/src/xcode/Libs/share/locale"
| #define HAVE_DLFCN_H 1
| #define LT_OBJDIR ".libs/"
| /* end confdefs.h.  */
| 
| #include <stdlib.h>
| #define APU_WANT_DB
| #include <apu_want.h>
| 
| int main ()
| {
|   int major, minor, patch;
| 
|   db_version (&major, &minor, &patch);
| 
|   /* Sanity check: ensure that db.h constants actually match the db library */
|   if (major != DB_VERSION_MAJOR
|       || minor != DB_VERSION_MINOR
|       || patch != DB_VERSION_PATCH)
|     exit (1);
| 
|   /* Run-time check:  ensure the library claims to be the correct version. */
| 
|   if (major < 4)
|     exit (1);
|   if (major > 4)
|     exit (0);
| 
|   if (minor < 0)
|     exit (1);
|   if (minor > 0)
|     exit (0);
| 
|   if (patch >= 14)
|     exit (0);
|   else
|     exit (1);
| }
| 
configure:18047: result: no
configure:18092: checking whether to look for SASL
configure:18100: result: yes
configure:18106: Looking in default locations
configure:18108: checking sasl/sasl.h usability
configure:18108: gcc-4.2 -c -Wall -force_cpusubtype_ALL -mmacosx-version-min=10.4 -arch i386 -arch ppc -arch x86_64     -I/opt/mapc/include -I/opt/cuscus/include -I/usr/local/include -I/opt/local/include -I/Developer/usr/include -I/include -I/usr/include -I/opt/X11/include -I/usr/X11/include -I/opt/sw/include   -DDARWIN -DSIGPROCMASK_SETS_THREAD_MASK -no-cpp-precomp -DDARWIN_10 conftest.c >&5
configure:18108: $? = 0
configure:18108: result: yes
configure:18108: checking sasl/sasl.h presence
configure:18108: gcc-4.2 -E  -I/opt/mapc/include -I/opt/cuscus/include -I/usr/local/include -I/opt/local/include -I/Developer/usr/include -I/include -I/usr/include -I/opt/X11/include -I/usr/X11/include -I/opt/sw/include   -DDARWIN -DSIGPROCMASK_SETS_THREAD_MASK -no-cpp-precomp -DDARWIN_10 conftest.c
configure:18108: $? = 0
configure:18108: result: yes
configure:18108: checking for sasl/sasl.h
configure:18108: result: yes
configure:18110: checking sasl/saslutil.h usability
configure:18110: gcc-4.2 -c -Wall -force_cpusubtype_ALL -mmacosx-version-min=10.4 -arch i386 -arch ppc -arch x86_64     -I/opt/mapc/include -I/opt/cuscus/include -I/usr/local/include -I/opt/local/include -I/Developer/usr/include -I/include -I/usr/include -I/opt/X11/include -I/usr/X11/include -I/opt/sw/include   -DDARWIN -DSIGPROCMASK_SETS_THREAD_MASK -no-cpp-precomp -DDARWIN_10 conftest.c >&5
configure:18110: $? = 0
configure:18110: result: yes
configure:18110: checking sasl/saslutil.h presence
configure:18110: gcc-4.2 -E  -I/opt/mapc/include -I/opt/cuscus/include -I/usr/local/include -I/opt/local/include -I/Developer/usr/include -I/include -I/usr/include -I/opt/X11/include -I/usr/X11/include -I/opt/sw/include   -DDARWIN -DSIGPROCMASK_SETS_THREAD_MASK -no-cpp-precomp -DDARWIN_10 conftest.c
configure:18110: $? = 0
configure:18110: result: yes
configure:18110: checking for sasl/saslutil.h
configure:18110: result: yes
configure:18112: checking for prop_get in -lsasl2
configure:18137: gcc-4.2 -o conftest -Wall -force_cpusubtype_ALL -mmacosx-version-min=10.4 -arch i386 -arch ppc -arch x86_64     -I/opt/mapc/include -I/opt/cuscus/include -I/usr/local/include -I/opt/local/include -I/Developer/usr/include -I/include -I/usr/include -I/opt/X11/include -I/usr/X11/include -I/opt/sw/include   -DDARWIN -DSIGPROCMASK_SETS_THREAD_MASK -no-cpp-precomp -DDARWIN_10 -L/Developer/Projects/cube2/sauerbomber/trunk/src/xcode/Libs/lib/  -L/opt/mapc/lib -L/opt/cuscus/lib -L/usr/local/lib -L/opt/local/lib -L/Developer/usr/lib -L/lib -L/usr/lib -L/opt/X11/lib -L/usr/X11/lib -L/opt/sw/lib  -L/opt/local/lib/db46 -L/opt/local/lib conftest.c -lsasl2  -lstdc++ >&5
ld: warning: in /opt/local/lib/libsasl2.dylib, file was built for unsupported file format which is not the architecture being linked (i386)
Undefined symbols for architecture i386:
  "_prop_get", referenced from:
      _main in ccTkuiIY.o
ld: symbol(s) not found for architecture i386
collect2: ld returned 1 exit status
ld: warning: in /opt/local/lib/libsasl2.dylib, file was built for unsupported file format which is not the architecture being linked (ppc)
Undefined symbols for architecture ppc:
  "_prop_get", referenced from:
      _main in ccclFJat.o
ld: symbol(s) not found for architecture ppc
collect2: ld returned 1 exit status
lipo: can't open input file: /var/tmp//ccXYUiYv.out (No such file or directory)
configure:18137: $? = 1
configure: failed program was:
| /* confdefs.h */
| #define PACKAGE_NAME "subversion"
| #define PACKAGE_TARNAME "subversion"
| #define PACKAGE_VERSION "1.7.2"
| #define PACKAGE_STRING "subversion 1.7.2"
| #define PACKAGE_BUGREPORT "http://subversion.apache.org/"
| #define PACKAGE_URL ""
| #define SVN_NEON_0_26 1
| #define SVN_NEON_0_27 1
| #define SVN_NEON_0_28 1
| #define SVN_HAVE_NEON 1
| #define STDC_HEADERS 1
| #define HAVE_SYS_TYPES_H 1
| #define HAVE_SYS_STAT_H 1
| #define HAVE_STDLIB_H 1
| #define HAVE_STRING_H 1
| #define HAVE_MEMORY_H 1
| #define HAVE_STRINGS_H 1
| #define HAVE_INTTYPES_H 1
| #define HAVE_STDINT_H 1
| #define HAVE_UNISTD_H 1
| #define SVN_HAVE_MEMCACHE 1
| #define SVN_BINDIR "/Developer/Projects/cube2/sauerbomber/trunk/src/xcode/Libs/bin"
| #define SVN_LOCALE_DIR "/Developer/Projects/cube2/sauerbomber/trunk/src/xcode/Libs/share/locale"
| #define HAVE_DLFCN_H 1
| #define LT_OBJDIR ".libs/"
| #define SVN_FS_WANT_DB_MAJOR 4
| #define SVN_FS_WANT_DB_MINOR 0
| #define SVN_FS_WANT_DB_PATCH 14
| /* end confdefs.h.  */
| 
| /* Override any GCC internal prototype to avoid an error.
|    Use char because int might match the return type of a GCC
|    builtin and then its argument prototype would still apply.  */
| #ifdef __cplusplus
| extern "C"
| #endif
| char prop_get ();
| int
| main ()
| {
| return prop_get ();
|   ;
|   return 0;
| }
configure:18146: result: no
configure:18195: checking for sasl/sasl.h
configure:18195: result: yes
configure:18197: checking for sasl/saslutil.h
configure:18197: result: yes
configure:18199: checking for prop_get in -lsasl2
configure:18233: result: no
configure:18253: checking for availability of Cyrus SASL v2
configure:18260: result: no
configure:18293: checking for Mac OS KeyChain Services
configure:18311: gcc-4.2 -c -Wall -force_cpusubtype_ALL -mmacosx-version-min=10.4 -arch i386 -arch ppc -arch x86_64     -I/opt/mapc/include -I/opt/cuscus/include -I/usr/local/include -I/opt/local/include -I/Developer/usr/include -I/include -I/usr/include -I/opt/X11/include -I/usr/X11/include -I/opt/sw/include   -DDARWIN -DSIGPROCMASK_SETS_THREAD_MASK -no-cpp-precomp -DDARWIN_10 conftest.c >&5
configure:18311: $? = 0
configure:18326: result: yes
configure:18335: checking whether APR has support for DSOs
configure:18347: gcc-4.2 -E  -I/opt/mapc/include -I/opt/cuscus/include -I/usr/local/include -I/opt/local/include -I/Developer/usr/include -I/include -I/usr/include -I/opt/X11/include -I/usr/X11/include -I/opt/sw/include   -DDARWIN -DSIGPROCMASK_SETS_THREAD_MASK -no-cpp-precomp -DDARWIN_10  -I/Developer/Projects/cube2/sauerbomber/trunk/src/xcode/Libs/include/apr-1  conftest.c
configure:18347: $? = 0
configure:18349: result: yes
configure:18362: checking for D-Bus .pc file
configure:18365: result: yes
configure:18370: checking D-Bus version
configure:18373: result: 1.4.12
configure:18382: checking for D-Bus
configure:18391: gcc-4.2 -o conftest -Wall -force_cpusubtype_ALL -mmacosx-version-min=10.4 -arch i386 -arch ppc -arch x86_64     -I/opt/mapc/include -I/opt/cuscus/include -I/usr/local/include -I/opt/local/include -I/Developer/usr/include -I/include -I/usr/include -I/opt/X11/include -I/usr/X11/include -I/opt/sw/include   -DDARWIN -DSIGPROCMASK_SETS_THREAD_MASK -no-cpp-precomp -DDARWIN_10 -I/opt/local/include/dbus-1.0 -I/opt/local/lib/dbus-1.0/include   -L/Developer/Projects/cube2/sauerbomber/trunk/src/xcode/Libs/lib/  -L/opt/mapc/lib -L/opt/cuscus/lib -L/usr/local/lib -L/opt/local/lib -L/Developer/usr/lib -L/lib -L/usr/lib -L/opt/X11/lib -L/usr/X11/lib -L/opt/sw/lib  -L/opt/local/lib/db46 -L/opt/local/lib conftest.c -lstdc++ -framework Security -framework CoreFoundation -framework CoreServices -L/opt/local/lib -ldbus-1 -lpthread   >&5
conftest.c: In function 'main':
conftest.c:35: warning: control reaches end of non-void function
ld: warning: in /opt/local/lib/libdbus-1.dylib, file was built for unsupported file format which is not the architecture being linked (i386)
Undefined symbols for architecture i386:
  "_dbus_bus_get", referenced from:
      _main in ccnotgqf.o
ld: symbol(s) not found for architecture i386
collect2: ld returned 1 exit status
conftest.c: In function 'main':
conftest.c:35: warning: control reaches end of non-void function
ld: warning: in /opt/local/lib/libdbus-1.dylib, file was built for unsupported file format which is not the architecture being linked (ppc)
Undefined symbols for architecture ppc:
  "_dbus_bus_get", referenced from:
      _main in cc8ARyE1.o
ld: symbol(s) not found for architecture ppc
collect2: ld returned 1 exit status
conftest.c: In function 'main':
conftest.c:35: warning: control reaches end of non-void function
lipo: can't open input file: /var/tmp//cck4GHTR.out (No such file or directory)
configure:18391: $? = 1
configure: failed program was:
| /* confdefs.h */
| #define PACKAGE_NAME "subversion"
| #define PACKAGE_TARNAME "subversion"
| #define PACKAGE_VERSION "1.7.2"
| #define PACKAGE_STRING "subversion 1.7.2"
| #define PACKAGE_BUGREPORT "http://subversion.apache.org/"
| #define PACKAGE_URL ""
| #define SVN_NEON_0_26 1
| #define SVN_NEON_0_27 1
| #define SVN_NEON_0_28 1
| #define SVN_HAVE_NEON 1
| #define STDC_HEADERS 1
| #define HAVE_SYS_TYPES_H 1
| #define HAVE_SYS_STAT_H 1
| #define HAVE_STDLIB_H 1
| #define HAVE_STRING_H 1
| #define HAVE_MEMORY_H 1
| #define HAVE_STRINGS_H 1
| #define HAVE_INTTYPES_H 1
| #define HAVE_STDINT_H 1
| #define HAVE_UNISTD_H 1
| #define SVN_HAVE_MEMCACHE 1
| #define SVN_BINDIR "/Developer/Projects/cube2/sauerbomber/trunk/src/xcode/Libs/bin"
| #define SVN_LOCALE_DIR "/Developer/Projects/cube2/sauerbomber/trunk/src/xcode/Libs/share/locale"
| #define HAVE_DLFCN_H 1
| #define LT_OBJDIR ".libs/"
| #define SVN_FS_WANT_DB_MAJOR 4
| #define SVN_FS_WANT_DB_MINOR 0
| #define SVN_FS_WANT_DB_PATCH 14
| #define SVN_HAVE_KEYCHAIN_SERVICES 1
| /* end confdefs.h.  */
| 
| #include <dbus/dbus.h>
| int main()
| {dbus_bus_get(DBUS_BUS_SESSION, NULL);}
configure:18402: result: no
configure:18423: checking whether to look for GNOME Keyring
configure:18481: result: no
configure:18501: checking for msgfmt
configure:18519: found /opt/local/bin/msgfmt
configure:18532: result: /opt/local/bin/msgfmt
configure:18542: checking for msgmerge
configure:18560: found /opt/local/bin/msgmerge
configure:18573: result: /opt/local/bin/msgmerge
configure:18583: checking for xgettext
configure:18601: found /opt/local/bin/xgettext
configure:18614: result: /opt/local/bin/xgettext
configure:18623: checking for library containing bindtextdomain
configure:18654: gcc-4.2 -o conftest -Wall -force_cpusubtype_ALL -mmacosx-version-min=10.4 -arch i386 -arch ppc -arch x86_64     -I/opt/mapc/include -I/opt/cuscus/include -I/usr/local/include -I/opt/local/include -I/Developer/usr/include -I/include -I/usr/include -I/opt/X11/include -I/usr/X11/include -I/opt/sw/include   -DDARWIN -DSIGPROCMASK_SETS_THREAD_MASK -no-cpp-precomp -DDARWIN_10 -L/Developer/Projects/cube2/sauerbomber/trunk/src/xcode/Libs/lib/  -L/opt/mapc/lib -L/opt/cuscus/lib -L/usr/local/lib -L/opt/local/lib -L/Developer/usr/lib -L/lib -L/usr/lib -L/opt/X11/lib -L/usr/X11/lib -L/opt/sw/lib  -L/opt/local/lib/db46 -L/opt/local/lib conftest.c -lstdc++ -framework Security -framework CoreFoundation -framework CoreServices >&5
Undefined symbols for architecture i386:
  "_bindtextdomain", referenced from:
      _main in ccgKq1lT.o
ld: symbol(s) not found for architecture i386
collect2: ld returned 1 exit status
Undefined symbols for architecture ppc:
  "_bindtextdomain", referenced from:
      _main in ccRqaF4i.o
ld: symbol(s) not found for architecture ppc
collect2: ld returned 1 exit status
Undefined symbols for architecture x86_64:
  "_bindtextdomain", referenced from:
      _main in ccputsVi.o
ld: symbol(s) not found for architecture x86_64
collect2: ld returned 1 exit status
lipo: can't open input file: /var/tmp//ccLzX2gF.out (No such file or directory)
configure:18654: $? = 1
configure: failed program was:
| /* confdefs.h */
| #define PACKAGE_NAME "subversion"
| #define PACKAGE_TARNAME "subversion"
| #define PACKAGE_VERSION "1.7.2"
| #define PACKAGE_STRING "subversion 1.7.2"
| #define PACKAGE_BUGREPORT "http://subversion.apache.org/"
| #define PACKAGE_URL ""
| #define SVN_NEON_0_26 1
| #define SVN_NEON_0_27 1
| #define SVN_NEON_0_28 1
| #define SVN_HAVE_NEON 1
| #define STDC_HEADERS 1
| #define HAVE_SYS_TYPES_H 1
| #define HAVE_SYS_STAT_H 1
| #define HAVE_STDLIB_H 1
| #define HAVE_STRING_H 1
| #define HAVE_MEMORY_H 1
| #define HAVE_STRINGS_H 1
| #define HAVE_INTTYPES_H 1
| #define HAVE_STDINT_H 1
| #define HAVE_UNISTD_H 1
| #define SVN_HAVE_MEMCACHE 1
| #define SVN_BINDIR "/Developer/Projects/cube2/sauerbomber/trunk/src/xcode/Libs/bin"
| #define SVN_LOCALE_DIR "/Developer/Projects/cube2/sauerbomber/trunk/src/xcode/Libs/share/locale"
| #define HAVE_DLFCN_H 1
| #define LT_OBJDIR ".libs/"
| #define SVN_FS_WANT_DB_MAJOR 4
| #define SVN_FS_WANT_DB_MINOR 0
| #define SVN_FS_WANT_DB_PATCH 14
| #define SVN_HAVE_KEYCHAIN_SERVICES 1
| /* end confdefs.h.  */
| 
| /* Override any GCC internal prototype to avoid an error.
|    Use char because int might match the return type of a GCC
|    builtin and then its argument prototype would still apply.  */
| #ifdef __cplusplus
| extern "C"
| #endif
| char bindtextdomain ();
| int
| main ()
| {
| return bindtextdomain ();
|   ;
|   return 0;
| }
configure:18654: gcc-4.2 -o conftest -Wall -force_cpusubtype_ALL -mmacosx-version-min=10.4 -arch i386 -arch ppc -arch x86_64     -I/opt/mapc/include -I/opt/cuscus/include -I/usr/local/include -I/opt/local/include -I/Developer/usr/include -I/include -I/usr/include -I/opt/X11/include -I/usr/X11/include -I/opt/sw/include   -DDARWIN -DSIGPROCMASK_SETS_THREAD_MASK -no-cpp-precomp -DDARWIN_10 -L/Developer/Projects/cube2/sauerbomber/trunk/src/xcode/Libs/lib/  -L/opt/mapc/lib -L/opt/cuscus/lib -L/usr/local/lib -L/opt/local/lib -L/Developer/usr/lib -L/lib -L/usr/lib -L/opt/X11/lib -L/usr/X11/lib -L/opt/sw/lib  -L/opt/local/lib/db46 -L/opt/local/lib conftest.c -lintl  -lstdc++ -framework Security -framework CoreFoundation -framework CoreServices >&5
ld: warning: in /opt/local/lib/libintl.dylib, missing required architecture ppc in file
Undefined symbols for architecture ppc:
  "_bindtextdomain", referenced from:
      _main in ccWS8fEc.o
ld: symbol(s) not found for architecture ppc
collect2: ld returned 1 exit status
lipo: can't open input file: /var/tmp//ccKlSKKj.out (No such file or directory)
configure:18654: $? = 1
configure: failed program was:
| /* confdefs.h */
| #define PACKAGE_NAME "subversion"
| #define PACKAGE_TARNAME "subversion"
| #define PACKAGE_VERSION "1.7.2"
| #define PACKAGE_STRING "subversion 1.7.2"
| #define PACKAGE_BUGREPORT "http://subversion.apache.org/"
| #define PACKAGE_URL ""
| #define SVN_NEON_0_26 1
| #define SVN_NEON_0_27 1
| #define SVN_NEON_0_28 1
| #define SVN_HAVE_NEON 1
| #define STDC_HEADERS 1
| #define HAVE_SYS_TYPES_H 1
| #define HAVE_SYS_STAT_H 1
| #define HAVE_STDLIB_H 1
| #define HAVE_STRING_H 1
| #define HAVE_MEMORY_H 1
| #define HAVE_STRINGS_H 1
| #define HAVE_INTTYPES_H 1
| #define HAVE_STDINT_H 1
| #define HAVE_UNISTD_H 1
| #define SVN_HAVE_MEMCACHE 1
| #define SVN_BINDIR "/Developer/Projects/cube2/sauerbomber/trunk/src/xcode/Libs/bin"
| #define SVN_LOCALE_DIR "/Developer/Projects/cube2/sauerbomber/trunk/src/xcode/Libs/share/locale"
| #define HAVE_DLFCN_H 1
| #define LT_OBJDIR ".libs/"
| #define SVN_FS_WANT_DB_MAJOR 4
| #define SVN_FS_WANT_DB_MINOR 0
| #define SVN_FS_WANT_DB_PATCH 14
| #define SVN_HAVE_KEYCHAIN_SERVICES 1
| /* end confdefs.h.  */
| 
| /* Override any GCC internal prototype to avoid an error.
|    Use char because int might match the return type of a GCC
|    builtin and then its argument prototype would still apply.  */
| #ifdef __cplusplus
| extern "C"
| #endif
| char bindtextdomain ();
| int
| main ()
| {
| return bindtextdomain ();
|   ;
|   return 0;
| }
configure:18671: result: no
configure:18688: checking for library containing bindtextdomain
configure:18719: gcc-4.2 -o conftest -Wall -force_cpusubtype_ALL -mmacosx-version-min=10.4 -arch i386 -arch ppc -arch x86_64     -I/opt/mapc/include -I/opt/cuscus/include -I/usr/local/include -I/opt/local/include -I/Developer/usr/include -I/include -I/usr/include -I/opt/X11/include -I/usr/X11/include -I/opt/sw/include   -DDARWIN -DSIGPROCMASK_SETS_THREAD_MASK -no-cpp-precomp -DDARWIN_10 -L/Developer/Projects/cube2/sauerbomber/trunk/src/xcode/Libs/lib/  -L/opt/mapc/lib -L/opt/cuscus/lib -L/usr/local/lib -L/opt/local/lib -L/Developer/usr/lib -L/lib -L/usr/lib -L/opt/X11/lib -L/usr/X11/lib -L/opt/sw/lib  -L/opt/local/lib/db46 -L/opt/local/lib conftest.c -lstdc++ -framework Security -framework CoreFoundation -framework CoreServices >&5
Undefined symbols for architecture i386:
  "_bindtextdomain", referenced from:
      _main in cckUzmYA.o
ld: symbol(s) not found for architecture i386
collect2: ld returned 1 exit status
Undefined symbols for architecture ppc:
  "_bindtextdomain", referenced from:
      _main in ccQVFxC4.o
ld: symbol(s) not found for architecture ppc
collect2: ld returned 1 exit status
Undefined symbols for architecture x86_64:
  "_bindtextdomain", referenced from:
      _main in ccMC5HML.o
ld: symbol(s) not found for architecture x86_64
collect2: ld returned 1 exit status
lipo: can't open input file: /var/tmp//cc0UrmsC.out (No such file or directory)
configure:18719: $? = 1
configure: failed program was:
| /* confdefs.h */
| #define PACKAGE_NAME "subversion"
| #define PACKAGE_TARNAME "subversion"
| #define PACKAGE_VERSION "1.7.2"
| #define PACKAGE_STRING "subversion 1.7.2"
| #define PACKAGE_BUGREPORT "http://subversion.apache.org/"
| #define PACKAGE_URL ""
| #define SVN_NEON_0_26 1
| #define SVN_NEON_0_27 1
| #define SVN_NEON_0_28 1
| #define SVN_HAVE_NEON 1
| #define STDC_HEADERS 1
| #define HAVE_SYS_TYPES_H 1
| #define HAVE_SYS_STAT_H 1
| #define HAVE_STDLIB_H 1
| #define HAVE_STRING_H 1
| #define HAVE_MEMORY_H 1
| #define HAVE_STRINGS_H 1
| #define HAVE_INTTYPES_H 1
| #define HAVE_STDINT_H 1
| #define HAVE_UNISTD_H 1
| #define SVN_HAVE_MEMCACHE 1
| #define SVN_BINDIR "/Developer/Projects/cube2/sauerbomber/trunk/src/xcode/Libs/bin"
| #define SVN_LOCALE_DIR "/Developer/Projects/cube2/sauerbomber/trunk/src/xcode/Libs/share/locale"
| #define HAVE_DLFCN_H 1
| #define LT_OBJDIR ".libs/"
| #define SVN_FS_WANT_DB_MAJOR 4
| #define SVN_FS_WANT_DB_MINOR 0
| #define SVN_FS_WANT_DB_PATCH 14
| #define SVN_HAVE_KEYCHAIN_SERVICES 1
| /* end confdefs.h.  */
| 
| /* Override any GCC internal prototype to avoid an error.
|    Use char because int might match the return type of a GCC
|    builtin and then its argument prototype would still apply.  */
| #ifdef __cplusplus
| extern "C"
| #endif
| char bindtextdomain ();
| int
| main ()
| {
| return bindtextdomain ();
|   ;
|   return 0;
| }
configure:18719: gcc-4.2 -o conftest -Wall -force_cpusubtype_ALL -mmacosx-version-min=10.4 -arch i386 -arch ppc -arch x86_64     -I/opt/mapc/include -I/opt/cuscus/include -I/usr/local/include -I/opt/local/include -I/Developer/usr/include -I/include -I/usr/include -I/opt/X11/include -I/usr/X11/include -I/opt/sw/include   -DDARWIN -DSIGPROCMASK_SETS_THREAD_MASK -no-cpp-precomp -DDARWIN_10 -L/Developer/Projects/cube2/sauerbomber/trunk/src/xcode/Libs/lib/  -L/opt/mapc/lib -L/opt/cuscus/lib -L/usr/local/lib -L/opt/local/lib -L/Developer/usr/lib -L/lib -L/usr/lib -L/opt/X11/lib -L/usr/X11/lib -L/opt/sw/lib  -L/opt/local/lib/db46 -L/opt/local/lib conftest.c -lintl -liconv -lstdc++ -framework Security -framework CoreFoundation -framework CoreServices >&5
ld: warning: in /opt/local/lib/libintl.dylib, missing required architecture ppc in file
ld: warning: in /opt/local/lib/libiconv.dylib, missing required architecture ppc in file
Undefined symbols for architecture ppc:
  "_bindtextdomain", referenced from:
      _main in ccjzNNLl.o
ld: symbol(s) not found for architecture ppc
collect2: ld returned 1 exit status
lipo: can't open input file: /var/tmp//cckANnEF.out (No such file or directory)
configure:18719: $? = 1
configure: failed program was:
| /* confdefs.h */
| #define PACKAGE_NAME "subversion"
| #define PACKAGE_TARNAME "subversion"
| #define PACKAGE_VERSION "1.7.2"
| #define PACKAGE_STRING "subversion 1.7.2"
| #define PACKAGE_BUGREPORT "http://subversion.apache.org/"
| #define PACKAGE_URL ""
| #define SVN_NEON_0_26 1
| #define SVN_NEON_0_27 1
| #define SVN_NEON_0_28 1
| #define SVN_HAVE_NEON 1
| #define STDC_HEADERS 1
| #define HAVE_SYS_TYPES_H 1
| #define HAVE_SYS_STAT_H 1
| #define HAVE_STDLIB_H 1
| #define HAVE_STRING_H 1
| #define HAVE_MEMORY_H 1
| #define HAVE_STRINGS_H 1
| #define HAVE_INTTYPES_H 1
| #define HAVE_STDINT_H 1
| #define HAVE_UNISTD_H 1
| #define SVN_HAVE_MEMCACHE 1
| #define SVN_BINDIR "/Developer/Projects/cube2/sauerbomber/trunk/src/xcode/Libs/bin"
| #define SVN_LOCALE_DIR "/Developer/Projects/cube2/sauerbomber/trunk/src/xcode/Libs/share/locale"
| #define HAVE_DLFCN_H 1
| #define LT_OBJDIR ".libs/"
| #define SVN_FS_WANT_DB_MAJOR 4
| #define SVN_FS_WANT_DB_MINOR 0
| #define SVN_FS_WANT_DB_PATCH 14
| #define SVN_HAVE_KEYCHAIN_SERVICES 1
| /* end confdefs.h.  */
| 
| /* Override any GCC internal prototype to avoid an error.
|    Use char because int might match the return type of a GCC
|    builtin and then its argument prototype would still apply.  */
| #ifdef __cplusplus
| extern "C"
| #endif
| char bindtextdomain ();
| int
| main ()
| {
| return bindtextdomain ();
|   ;
|   return 0;
| }
configure:18736: result: no
configure:18793: WARNING: bindtextdomain() not found.  Disabling NLS.
configure:18970: checking magic.h usability
configure:18970: gcc-4.2 -c -Wall -force_cpusubtype_ALL -mmacosx-version-min=10.4 -arch i386 -arch ppc -arch x86_64     -I/opt/mapc/include -I/opt/cuscus/include -I/usr/local/include -I/opt/local/include -I/Developer/usr/include -I/include -I/usr/include -I/opt/X11/include -I/usr/X11/include -I/opt/sw/include   -DDARWIN -DSIGPROCMASK_SETS_THREAD_MASK -no-cpp-precomp -DDARWIN_10 conftest.c >&5
conftest.c:65:19: error: magic.h: No such file or directory
conftest.c:65:19: error: magic.h: No such file or directory
conftest.c:65:19: error: magic.h: No such file or directory
lipo: can't figure out the architecture type of: /var/tmp//cc7Cd26e.out
configure:18970: $? = 1
configure: failed program was:
| /* confdefs.h */
| #define PACKAGE_NAME "subversion"
| #define PACKAGE_TARNAME "subversion"
| #define PACKAGE_VERSION "1.7.2"
| #define PACKAGE_STRING "subversion 1.7.2"
| #define PACKAGE_BUGREPORT "http://subversion.apache.org/"
| #define PACKAGE_URL ""
| #define SVN_NEON_0_26 1
| #define SVN_NEON_0_27 1
| #define SVN_NEON_0_28 1
| #define SVN_HAVE_NEON 1
| #define STDC_HEADERS 1
| #define HAVE_SYS_TYPES_H 1
| #define HAVE_SYS_STAT_H 1
| #define HAVE_STDLIB_H 1
| #define HAVE_STRING_H 1
| #define HAVE_MEMORY_H 1
| #define HAVE_STRINGS_H 1
| #define HAVE_INTTYPES_H 1
| #define HAVE_STDINT_H 1
| #define HAVE_UNISTD_H 1
| #define SVN_HAVE_MEMCACHE 1
| #define SVN_BINDIR "/Developer/Projects/cube2/sauerbomber/trunk/src/xcode/Libs/bin"
| #define SVN_LOCALE_DIR "/Developer/Projects/cube2/sauerbomber/trunk/src/xcode/Libs/share/locale"
| #define HAVE_DLFCN_H 1
| #define LT_OBJDIR ".libs/"
| #define SVN_FS_WANT_DB_MAJOR 4
| #define SVN_FS_WANT_DB_MINOR 0
| #define SVN_FS_WANT_DB_PATCH 14
| #define SVN_HAVE_KEYCHAIN_SERVICES 1
| /* end confdefs.h.  */
| #include <stdio.h>
| #ifdef HAVE_SYS_TYPES_H
| # include <sys/types.h>
| #endif
| #ifdef HAVE_SYS_STAT_H
| # include <sys/stat.h>
| #endif
| #ifdef STDC_HEADERS
| # include <stdlib.h>
| # include <stddef.h>
| #else
| # ifdef HAVE_STDLIB_H
| #  include <stdlib.h>
| # endif
| #endif
| #ifdef HAVE_STRING_H
| # if !defined STDC_HEADERS && defined HAVE_MEMORY_H
| #  include <memory.h>
| # endif
| # include <string.h>
| #endif
| #ifdef HAVE_STRINGS_H
| # include <strings.h>
| #endif
| #ifdef HAVE_INTTYPES_H
| # include <inttypes.h>
| #endif
| #ifdef HAVE_STDINT_H
| # include <stdint.h>
| #endif
| #ifdef HAVE_UNISTD_H
| # include <unistd.h>
| #endif
| #include <magic.h>
configure:18970: result: no
configure:18970: checking magic.h presence
configure:18970: gcc-4.2 -E  -I/opt/mapc/include -I/opt/cuscus/include -I/usr/local/include -I/opt/local/include -I/Developer/usr/include -I/include -I/usr/include -I/opt/X11/include -I/usr/X11/include -I/opt/sw/include   -DDARWIN -DSIGPROCMASK_SETS_THREAD_MASK -no-cpp-precomp -DDARWIN_10 conftest.c
conftest.c:32:19: error: magic.h: No such file or directory
configure:18970: $? = 1
configure: failed program was:
| /* confdefs.h */
| #define PACKAGE_NAME "subversion"
| #define PACKAGE_TARNAME "subversion"
| #define PACKAGE_VERSION "1.7.2"
| #define PACKAGE_STRING "subversion 1.7.2"
| #define PACKAGE_BUGREPORT "http://subversion.apache.org/"
| #define PACKAGE_URL ""
| #define SVN_NEON_0_26 1
| #define SVN_NEON_0_27 1
| #define SVN_NEON_0_28 1
| #define SVN_HAVE_NEON 1
| #define STDC_HEADERS 1
| #define HAVE_SYS_TYPES_H 1
| #define HAVE_SYS_STAT_H 1
| #define HAVE_STDLIB_H 1
| #define HAVE_STRING_H 1
| #define HAVE_MEMORY_H 1
| #define HAVE_STRINGS_H 1
| #define HAVE_INTTYPES_H 1
| #define HAVE_STDINT_H 1
| #define HAVE_UNISTD_H 1
| #define SVN_HAVE_MEMCACHE 1
| #define SVN_BINDIR "/Developer/Projects/cube2/sauerbomber/trunk/src/xcode/Libs/bin"
| #define SVN_LOCALE_DIR "/Developer/Projects/cube2/sauerbomber/trunk/src/xcode/Libs/share/locale"
| #define HAVE_DLFCN_H 1
| #define LT_OBJDIR ".libs/"
| #define SVN_FS_WANT_DB_MAJOR 4
| #define SVN_FS_WANT_DB_MINOR 0
| #define SVN_FS_WANT_DB_PATCH 14
| #define SVN_HAVE_KEYCHAIN_SERVICES 1
| /* end confdefs.h.  */
| #include <magic.h>
configure:18970: result: no
configure:18970: checking for magic.h
configure:18970: result: no
configure:19065: checking whether to look for KWallet
configure:19234: result: no
configure:19298: checking for ANSI C header files
configure:19402: result: yes
configure:19412: checking for an ANSI C-conforming const
configure:19477: gcc-4.2 -c -Wall -force_cpusubtype_ALL -mmacosx-version-min=10.4 -arch i386 -arch ppc -arch x86_64     -I/opt/mapc/include -I/opt/cuscus/include -I/usr/local/include -I/opt/local/include -I/Developer/usr/include -I/include -I/usr/include -I/opt/X11/include -I/usr/X11/include -I/opt/sw/include   -DDARWIN -DSIGPROCMASK_SETS_THREAD_MASK -no-cpp-precomp -DDARWIN_10 conftest.c >&5
configure:19477: $? = 0
configure:19484: result: yes
configure:19493: checking for size_t
configure:19493: gcc-4.2 -c -Wall -force_cpusubtype_ALL -mmacosx-version-min=10.4 -arch i386 -arch ppc -arch x86_64     -I/opt/mapc/include -I/opt/cuscus/include -I/usr/local/include -I/opt/local/include -I/Developer/usr/include -I/include -I/usr/include -I/opt/X11/include -I/usr/X11/include -I/opt/sw/include   -DDARWIN -DSIGPROCMASK_SETS_THREAD_MASK -no-cpp-precomp -DDARWIN_10 conftest.c >&5
configure:19493: $? = 0
configure:19493: gcc-4.2 -c -Wall -force_cpusubtype_ALL -mmacosx-version-min=10.4 -arch i386 -arch ppc -arch x86_64     -I/opt/mapc/include -I/opt/cuscus/include -I/usr/local/include -I/opt/local/include -I/Developer/usr/include -I/include -I/usr/include -I/opt/X11/include -I/usr/X11/include -I/opt/sw/include   -DDARWIN -DSIGPROCMASK_SETS_THREAD_MASK -no-cpp-precomp -DDARWIN_10 conftest.c >&5
conftest.c: In function 'main':
conftest.c:69: error: expected expression before ')' token
conftest.c: In function 'main':
conftest.c:69: error: expected expression before ')' token
conftest.c: In function 'main':
conftest.c:69: error: expected expression before ')' token
lipo: can't figure out the architecture type of: /var/tmp//ccksMnmi.out
configure:19493: $? = 1
configure: failed program was:
| /* confdefs.h */
| #define PACKAGE_NAME "subversion"
| #define PACKAGE_TARNAME "subversion"
| #define PACKAGE_VERSION "1.7.2"
| #define PACKAGE_STRING "subversion 1.7.2"
| #define PACKAGE_BUGREPORT "http://subversion.apache.org/"
| #define PACKAGE_URL ""
| #define SVN_NEON_0_26 1
| #define SVN_NEON_0_27 1
| #define SVN_NEON_0_28 1
| #define SVN_HAVE_NEON 1
| #define STDC_HEADERS 1
| #define HAVE_SYS_TYPES_H 1
| #define HAVE_SYS_STAT_H 1
| #define HAVE_STDLIB_H 1
| #define HAVE_STRING_H 1
| #define HAVE_MEMORY_H 1
| #define HAVE_STRINGS_H 1
| #define HAVE_INTTYPES_H 1
| #define HAVE_STDINT_H 1
| #define HAVE_UNISTD_H 1
| #define SVN_HAVE_MEMCACHE 1
| #define SVN_BINDIR "/Developer/Projects/cube2/sauerbomber/trunk/src/xcode/Libs/bin"
| #define SVN_LOCALE_DIR "/Developer/Projects/cube2/sauerbomber/trunk/src/xcode/Libs/share/locale"
| #define HAVE_DLFCN_H 1
| #define LT_OBJDIR ".libs/"
| #define SVN_FS_WANT_DB_MAJOR 4
| #define SVN_FS_WANT_DB_MINOR 0
| #define SVN_FS_WANT_DB_PATCH 14
| #define SVN_HAVE_KEYCHAIN_SERVICES 1
| #define STDC_HEADERS 1
| /* end confdefs.h.  */
| #include <stdio.h>
| #ifdef HAVE_SYS_TYPES_H
| # include <sys/types.h>
| #endif
| #ifdef HAVE_SYS_STAT_H
| # include <sys/stat.h>
| #endif
| #ifdef STDC_HEADERS
| # include <stdlib.h>
| # include <stddef.h>
| #else
| # ifdef HAVE_STDLIB_H
| #  include <stdlib.h>
| # endif
| #endif
| #ifdef HAVE_STRING_H
| # if !defined STDC_HEADERS && defined HAVE_MEMORY_H
| #  include <memory.h>
| # endif
| # include <string.h>
| #endif
| #ifdef HAVE_STRINGS_H
| # include <strings.h>
| #endif
| #ifdef HAVE_INTTYPES_H
| # include <inttypes.h>
| #endif
| #ifdef HAVE_STDINT_H
| # include <stdint.h>
| #endif
| #ifdef HAVE_UNISTD_H
| # include <unistd.h>
| #endif
| int
| main ()
| {
| if (sizeof ((size_t)))
| 	    return 0;
|   ;
|   return 0;
| }
configure:19493: result: yes
configure:19507: checking for working memcmp
configure:19550: gcc-4.2 -o conftest -Wall -force_cpusubtype_ALL -mmacosx-version-min=10.4 -arch i386 -arch ppc -arch x86_64     -I/opt/mapc/include -I/opt/cuscus/include -I/usr/local/include -I/opt/local/include -I/Developer/usr/include -I/include -I/usr/include -I/opt/X11/include -I/usr/X11/include -I/opt/sw/include   -DDARWIN -DSIGPROCMASK_SETS_THREAD_MASK -no-cpp-precomp -DDARWIN_10 -L/Developer/Projects/cube2/sauerbomber/trunk/src/xcode/Libs/lib/  -L/opt/mapc/lib -L/opt/cuscus/lib -L/usr/local/lib -L/opt/local/lib -L/Developer/usr/lib -L/lib -L/usr/lib -L/opt/X11/lib -L/usr/X11/lib -L/opt/sw/lib  -L/opt/local/lib/db46 -L/opt/local/lib conftest.c -lstdc++ -framework Security -framework CoreFoundation -framework CoreServices >&5
configure:19550: $? = 0
configure:19550: ./conftest
configure:19550: $? = 0
configure:19560: result: yes
configure:19572: checking for vprintf
configure:19572: gcc-4.2 -o conftest -Wall -force_cpusubtype_ALL -mmacosx-version-min=10.4 -arch i386 -arch ppc -arch x86_64     -I/opt/mapc/include -I/opt/cuscus/include -I/usr/local/include -I/opt/local/include -I/Developer/usr/include -I/include -I/usr/include -I/opt/X11/include -I/usr/X11/include -I/opt/sw/include   -DDARWIN -DSIGPROCMASK_SETS_THREAD_MASK -no-cpp-precomp -DDARWIN_10 -L/Developer/Projects/cube2/sauerbomber/trunk/src/xcode/Libs/lib/  -L/opt/mapc/lib -L/opt/cuscus/lib -L/usr/local/lib -L/opt/local/lib -L/Developer/usr/lib -L/lib -L/usr/lib -L/opt/X11/lib -L/usr/X11/lib -L/opt/sw/lib  -L/opt/local/lib/db46 -L/opt/local/lib conftest.c -lstdc++ -framework Security -framework CoreFoundation -framework CoreServices >&5
conftest.c:56: warning: conflicting types for built-in function 'vprintf'
conftest.c:56: warning: conflicting types for built-in function 'vprintf'
conftest.c:56: warning: conflicting types for built-in function 'vprintf'
configure:19572: $? = 0
configure:19572: result: yes
configure:19578: checking for _doprnt
configure:19578: gcc-4.2 -o conftest -Wall -force_cpusubtype_ALL -mmacosx-version-min=10.4 -arch i386 -arch ppc -arch x86_64     -I/opt/mapc/include -I/opt/cuscus/include -I/usr/local/include -I/opt/local/include -I/Developer/usr/include -I/include -I/usr/include -I/opt/X11/include -I/usr/X11/include -I/opt/sw/include   -DDARWIN -DSIGPROCMASK_SETS_THREAD_MASK -no-cpp-precomp -DDARWIN_10 -L/Developer/Projects/cube2/sauerbomber/trunk/src/xcode/Libs/lib/  -L/opt/mapc/lib -L/opt/cuscus/lib -L/usr/local/lib -L/opt/local/lib -L/Developer/usr/lib -L/lib -L/usr/lib -L/opt/X11/lib -L/usr/X11/lib -L/opt/sw/lib  -L/opt/local/lib/db46 -L/opt/local/lib conftest.c -lstdc++ -framework Security -framework CoreFoundation -framework CoreServices >&5
Undefined symbols for architecture i386:
  "__doprnt", referenced from:
      _main in ccj43HhR.o
ld: symbol(s) not found for architecture i386
collect2: ld returned 1 exit status
Undefined symbols for architecture ppc:
  "__doprnt", referenced from:
      _main in ccz6MNeC.o
ld: symbol(s) not found for architecture ppc
collect2: ld returned 1 exit status
Undefined symbols for architecture x86_64:
  "__doprnt", referenced from:
      _main in ccg99rZp.o
ld: symbol(s) not found for architecture x86_64
collect2: ld returned 1 exit status
lipo: can't open input file: /var/tmp//ccsWcd7D.out (No such file or directory)
configure:19578: $? = 1
configure: failed program was:
| /* confdefs.h */
| #define PACKAGE_NAME "subversion"
| #define PACKAGE_TARNAME "subversion"
| #define PACKAGE_VERSION "1.7.2"
| #define PACKAGE_STRING "subversion 1.7.2"
| #define PACKAGE_BUGREPORT "http://subversion.apache.org/"
| #define PACKAGE_URL ""
| #define SVN_NEON_0_26 1
| #define SVN_NEON_0_27 1
| #define SVN_NEON_0_28 1
| #define SVN_HAVE_NEON 1
| #define STDC_HEADERS 1
| #define HAVE_SYS_TYPES_H 1
| #define HAVE_SYS_STAT_H 1
| #define HAVE_STDLIB_H 1
| #define HAVE_STRING_H 1
| #define HAVE_MEMORY_H 1
| #define HAVE_STRINGS_H 1
| #define HAVE_INTTYPES_H 1
| #define HAVE_STDINT_H 1
| #define HAVE_UNISTD_H 1
| #define SVN_HAVE_MEMCACHE 1
| #define SVN_BINDIR "/Developer/Projects/cube2/sauerbomber/trunk/src/xcode/Libs/bin"
| #define SVN_LOCALE_DIR "/Developer/Projects/cube2/sauerbomber/trunk/src/xcode/Libs/share/locale"
| #define HAVE_DLFCN_H 1
| #define LT_OBJDIR ".libs/"
| #define SVN_FS_WANT_DB_MAJOR 4
| #define SVN_FS_WANT_DB_MINOR 0
| #define SVN_FS_WANT_DB_PATCH 14
| #define SVN_HAVE_KEYCHAIN_SERVICES 1
| #define STDC_HEADERS 1
| #define HAVE_VPRINTF 1
| /* end confdefs.h.  */
| /* Define _doprnt to an innocuous variant, in case <limits.h> declares _doprnt.
|    For example, HP-UX 11i <limits.h> declares gettimeofday.  */
| #define _doprnt innocuous__doprnt
| 
| /* System header to define __stub macros and hopefully few prototypes,
|     which can conflict with char _doprnt (); below.
|     Prefer <limits.h> to <assert.h> if __STDC__ is defined, since
|     <limits.h> exists even on freestanding compilers.  */
| 
| #ifdef __STDC__
| # include <limits.h>
| #else
| # include <assert.h>
| #endif
| 
| #undef _doprnt
| 
| /* Override any GCC internal prototype to avoid an error.
|    Use char because int might match the return type of a GCC
|    builtin and then its argument prototype would still apply.  */
| #ifdef __cplusplus
| extern "C"
| #endif
| char _doprnt ();
| /* The GNU C library defines this for functions which it implements
|     to always fail with ENOSYS.  Some functions are actually named
|     something starting with __ and the normal name is an alias.  */
| #if defined __stub__doprnt || defined __stub____doprnt
| choke me
| #endif
| 
| int
| main ()
| {
| return _doprnt ();
|   ;
|   return 0;
| }
configure:19578: result: no
configure:19593: checking for symlink
configure:19593: gcc-4.2 -o conftest -Wall -force_cpusubtype_ALL -mmacosx-version-min=10.4 -arch i386 -arch ppc -arch x86_64     -I/opt/mapc/include -I/opt/cuscus/include -I/usr/local/include -I/opt/local/include -I/Developer/usr/include -I/include -I/usr/include -I/opt/X11/include -I/usr/X11/include -I/opt/sw/include   -DDARWIN -DSIGPROCMASK_SETS_THREAD_MASK -no-cpp-precomp -DDARWIN_10 -L/Developer/Projects/cube2/sauerbomber/trunk/src/xcode/Libs/lib/  -L/opt/mapc/lib -L/opt/cuscus/lib -L/usr/local/lib -L/opt/local/lib -L/Developer/usr/lib -L/lib -L/usr/lib -L/opt/X11/lib -L/usr/X11/lib -L/opt/sw/lib  -L/opt/local/lib/db46 -L/opt/local/lib conftest.c -lstdc++ -framework Security -framework CoreFoundation -framework CoreServices >&5
configure:19593: $? = 0
configure:19593: result: yes
configure:19593: checking for readlink
configure:19593: gcc-4.2 -o conftest -Wall -force_cpusubtype_ALL -mmacosx-version-min=10.4 -arch i386 -arch ppc -arch x86_64     -I/opt/mapc/include -I/opt/cuscus/include -I/usr/local/include -I/opt/local/include -I/Developer/usr/include -I/include -I/usr/include -I/opt/X11/include -I/usr/X11/include -I/opt/sw/include   -DDARWIN -DSIGPROCMASK_SETS_THREAD_MASK -no-cpp-precomp -DDARWIN_10 -L/Developer/Projects/cube2/sauerbomber/trunk/src/xcode/Libs/lib/  -L/opt/mapc/lib -L/opt/cuscus/lib -L/usr/local/lib -L/opt/local/lib -L/Developer/usr/lib -L/lib -L/usr/lib -L/opt/X11/lib -L/usr/X11/lib -L/opt/sw/lib  -L/opt/local/lib/db46 -L/opt/local/lib conftest.c -lstdc++ -framework Security -framework CoreFoundation -framework CoreServices >&5
configure:19593: $? = 0
configure:19593: result: yes
configure:19650: gcc-4.2 -c -Wall -force_cpusubtype_ALL -mmacosx-version-min=10.4 -arch i386 -arch ppc -arch x86_64    -Werror=implicit-function-declaration  -I/opt/mapc/include -I/opt/cuscus/include -I/usr/local/include -I/opt/local/include -I/Developer/usr/include -I/include -I/usr/include -I/opt/X11/include -I/usr/X11/include -I/opt/sw/include   -DDARWIN -DSIGPROCMASK_SETS_THREAD_MASK -no-cpp-precomp -DDARWIN_10 conftest.c >&5
configure:19650: $? = 0
configure:19985: checking zlib.h usability
configure:19985: gcc-4.2 -c -Wall -force_cpusubtype_ALL -mmacosx-version-min=10.4 -arch i386 -arch ppc -arch x86_64    -Werror=implicit-function-declaration  -I/opt/mapc/include -I/opt/cuscus/include -I/usr/local/include -I/opt/local/include -I/Developer/usr/include -I/include -I/usr/include -I/opt/X11/include -I/usr/X11/include -I/opt/sw/include   -DDARWIN -DSIGPROCMASK_SETS_THREAD_MASK -no-cpp-precomp -DDARWIN_10 conftest.c >&5
configure:19985: $? = 0
configure:19985: result: yes
configure:19985: checking zlib.h presence
configure:19985: gcc-4.2 -E  -I/opt/mapc/include -I/opt/cuscus/include -I/usr/local/include -I/opt/local/include -I/Developer/usr/include -I/include -I/usr/include -I/opt/X11/include -I/usr/X11/include -I/opt/sw/include   -DDARWIN -DSIGPROCMASK_SETS_THREAD_MASK -no-cpp-precomp -DDARWIN_10 conftest.c
configure:19985: $? = 0
configure:19985: result: yes
configure:19985: checking for zlib.h
configure:19985: result: yes
configure:19988: checking for inflate in -lz
configure:20013: gcc-4.2 -o conftest -Wall -force_cpusubtype_ALL -mmacosx-version-min=10.4 -arch i386 -arch ppc -arch x86_64    -Werror=implicit-function-declaration  -I/opt/mapc/include -I/opt/cuscus/include -I/usr/local/include -I/opt/local/include -I/Developer/usr/include -I/include -I/usr/include -I/opt/X11/include -I/usr/X11/include -I/opt/sw/include   -DDARWIN -DSIGPROCMASK_SETS_THREAD_MASK -no-cpp-precomp -DDARWIN_10 -L/Developer/Projects/cube2/sauerbomber/trunk/src/xcode/Libs/lib/  -L/opt/mapc/lib -L/opt/cuscus/lib -L/usr/local/lib -L/opt/local/lib -L/Developer/usr/lib -L/lib -L/usr/lib -L/opt/X11/lib -L/usr/X11/lib -L/opt/sw/lib  -L/opt/local/lib/db46 -L/opt/local/lib conftest.c -lz  -lstdc++ -framework Security -framework CoreFoundation -framework CoreServices >&5
configure:20013: $? = 0
configure:20022: result: yes
configure:20142: checking for python
configure:20160: found /opt/local/bin/python
configure:20172: result: /opt/local/bin/python
configure:20527: checking for JDK
configure:20585: result: /Library/Java/Home/include/jni.h
configure:20675: checking for perl
configure:20693: found /opt/local/bin/perl
configure:20706: result: /opt/local/bin/perl
configure:20762: checking for ruby
configure:20780: found /usr/local/bin/ruby
configure:20792: result: /usr/local/bin/ruby
configure:20806: checking rb_hash_foreach
configure:20809: result: yes
configure:20858: checking for rdoc
configure:20876: found /usr/local/bin/rdoc
configure:20888: result: /usr/local/bin/rdoc
configure:20901: checking for Ruby major version
configure:20910: result: 1
configure:20914: checking for Ruby minor version
configure:20923: result: 9
configure:20933: WARNING: The detected Ruby is too new for Subversion to use
configure:20935: WARNING: Only 1.8.x releases are supported at this time
configure:22367: checking for swig
configure:22385: found /usr/bin/swig
configure:22398: result: /usr/bin/swig
configure:22418: checking swig version
configure:22434: result: 1.3.31
configure:22456: Configuring python swig binding
configure:22459: checking for Python includes
configure:22468: result: -I/opt/local/Library/Frameworks/Python.framework/Versions/2.6/include/python2.6
configure:22477: checking for compiling Python extensions
configure:22486: result: /usr/bin/gcc-4.2 
configure:22490: checking for linking Python extensions
configure:22499: result: /usr/bin/gcc-4.2 -L/opt/local/lib -bundle -undefined dynamic_lookup -F/opt/local/Library/Frameworks -framework Python
configure:22503: checking for linking Python libraries
configure:22512: result: -L/opt/local/lib -bundle -undefined dynamic_lookup -F/opt/local/Library/Frameworks -framework Python
configure:22537: checking for apr_int64_t Python/C API format string
configure:22585: result: l
configure:22599: checking perl version
configure:22602: result: 5012003
configure:23061: checking for ctypesgen.py
configure:23092: result: none
configure:23472: creating ./config.status

## ---------------------- ##
## Running config.status. ##
## ---------------------- ##

This file was extended by subversion config.status 1.7.2, which was
generated by GNU Autoconf 2.68.  Invocation command line was

  CONFIG_FILES    = 
  CONFIG_HEADERS  = 
  CONFIG_LINKS    = 
  CONFIG_COMMANDS = 
  $ ./config.status 

on femputer.local

config.status:1281: creating Makefile
config.status:1281: creating tools/backup/hot-backup.py
config.status:1281: creating tools/hook-scripts/commit-access-control.pl
config.status:1281: creating subversion/bindings/swig/perl/native/Makefile.PL
config.status:1281: creating subversion/svn_private_config.h.tmp
config.status:1470: executing libtool commands
config.status:1470: executing svn_private_config.h.tmp commands
configure:25848: WARNING: unrecognized options: --with-spr-util
configure:25866: WARNING: we have configured without BDB filesystem support


You don't seem to have Berkeley DB version 4.0.14 or newer
installed and linked to APR-UTIL.  We have created Makefile which will build
Subversion without support for the Berkeley DB back-end.  You can find the
latest version of Berkeley DB here:
  http://www.oracle.com/technology/software/products/berkeley-db/index.html


## ---------------- ##
## Cache variables. ##
## ---------------- ##

ac_cv_build=x86_64-apple-darwin10.8.0
ac_cv_c_compiler_gnu=yes
ac_cv_c_const=yes
ac_cv_cxx_compiler_gnu=yes
ac_cv_env_CCC_set=
ac_cv_env_CCC_value=
ac_cv_env_CC_set=set
ac_cv_env_CC_value=gcc-4.2
ac_cv_env_CFLAGS_set=set
ac_cv_env_CFLAGS_value='-Wall -force_cpusubtype_ALL -mmacosx-version-min=10.4 -arch i386 -arch ppc -arch x86_64'
ac_cv_env_CPPFLAGS_set=set
ac_cv_env_CPPFLAGS_value=' -I/opt/mapc/include -I/opt/cuscus/include -I/usr/local/include -I/opt/local/include -I/Developer/usr/include -I/include -I/usr/include -I/opt/X11/include -I/usr/X11/include -I/opt/sw/include'
ac_cv_env_CPP_set=
ac_cv_env_CPP_value=
ac_cv_env_CXXCPP_set=set
ac_cv_env_CXXCPP_value='gcc-4.2 -E'
ac_cv_env_CXXFLAGS_set=set
ac_cv_env_CXXFLAGS_value='-Wall -force_cpusubtype_ALL -mmacosx-version-min=10.4 -arch i386 -arch ppc -arch x86_64'
ac_cv_env_CXX_set=set
ac_cv_env_CXX_value=gcc-4.2
ac_cv_env_LDFLAGS_set=set
ac_cv_env_LDFLAGS_value='-L/Developer/Projects/cube2/sauerbomber/trunk/src/xcode/Libs/lib/  -L/opt/mapc/lib -L/opt/cuscus/lib -L/usr/local/lib -L/opt/local/lib -L/Developer/usr/lib -L/lib -L/usr/lib -L/opt/X11/lib -L/usr/X11/lib -L/opt/sw/lib'
ac_cv_env_LIBS_set=set
ac_cv_env_LIBS_value=-lstdc++
ac_cv_env_build_alias_set=
ac_cv_env_build_alias_value=
ac_cv_env_host_alias_set=
ac_cv_env_host_alias_value=
ac_cv_env_target_alias_set=
ac_cv_env_target_alias_value=
ac_cv_func__doprnt=no
ac_cv_func_memcmp_working=yes
ac_cv_func_readlink=yes
ac_cv_func_symlink=yes
ac_cv_func_vprintf=yes
ac_cv_header_apr_memcache_h=yes
ac_cv_header_dlfcn_h=yes
ac_cv_header_inttypes_h=yes
ac_cv_header_magic_h=no
ac_cv_header_memory_h=yes
ac_cv_header_sasl_sasl_h=yes
ac_cv_header_sasl_saslutil_h=yes
ac_cv_header_sqlite3_h=yes
ac_cv_header_stdc=yes
ac_cv_header_stdint_h=yes
ac_cv_header_stdlib_h=yes
ac_cv_header_string_h=yes
ac_cv_header_strings_h=yes
ac_cv_header_sys_stat_h=yes
ac_cv_header_sys_types_h=yes
ac_cv_header_unistd_h=yes
ac_cv_header_zlib_h=yes
ac_cv_host=x86_64-apple-darwin10.8.0
ac_cv_lib_aprutil_1_apr_memcache_create=yes
ac_cv_lib_sasl2_prop_get=no
ac_cv_lib_socket_socket=no
ac_cv_lib_sqlite3_sqlite3_close=no
ac_cv_lib_z_inflate=yes
ac_cv_objext=o
ac_cv_path_CTYPESGEN=none
ac_cv_path_DOXYGEN=none
ac_cv_path_EGREP='/usr/bin/grep -E'
ac_cv_path_FGREP='/usr/bin/grep -F'
ac_cv_path_GREP=/usr/bin/grep
ac_cv_path_MSGFMT=/opt/local/bin/msgfmt
ac_cv_path_MSGMERGE=/opt/local/bin/msgmerge
ac_cv_path_PERL=/opt/local/bin/perl
ac_cv_path_PKG_CONFIG=/usr/local/bin/pkg-config
ac_cv_path_PYTHON=/opt/local/bin/python
ac_cv_path_RDOC=/usr/local/bin/rdoc
ac_cv_path_RUBY=/usr/local/bin/ruby
ac_cv_path_SED=/usr/bin/sed
ac_cv_path_SWIG=/usr/bin/swig
ac_cv_path_TRANG=none
ac_cv_path_XGETTEXT=/opt/local/bin/xgettext
ac_cv_path_install='/usr/bin/install -c'
ac_cv_path_neon_config=/opt/local/bin/neon-config
ac_cv_prog_AWK=gawk
ac_cv_prog_CPP='gcc-4.2 -E'
ac_cv_prog_CXXCPP='gcc-4.2 -E'
ac_cv_prog_ac_ct_AR=ar
ac_cv_prog_ac_ct_CC=gcc-4.2
ac_cv_prog_ac_ct_DSYMUTIL=dsymutil
ac_cv_prog_ac_ct_LIPO=lipo
ac_cv_prog_ac_ct_NMEDIT=nmedit
ac_cv_prog_ac_ct_OTOOL=otool
ac_cv_prog_ac_ct_RANLIB=ranlib
ac_cv_prog_ac_ct_STRIP=strip
ac_cv_prog_cc_c89=
ac_cv_prog_cc_g=yes
ac_cv_prog_cxx_g=yes
ac_cv_python_compile='/usr/bin/gcc-4.2 '
ac_cv_python_includes=-I/opt/local/Library/Frameworks/Python.framework/Versions/2.6/include/python2.6
ac_cv_python_libs='-L/opt/local/lib -bundle -undefined dynamic_lookup -F/opt/local/Library/Frameworks -framework Python'
ac_cv_python_link='/usr/bin/gcc-4.2 -L/opt/local/lib -bundle -undefined dynamic_lookup -F/opt/local/Library/Frameworks -framework Python'
ac_cv_search_bindtextdomain=no
ac_cv_target=x86_64-apple-darwin10.8.0
ac_cv_type_size_t=yes
lt_cv_apple_cc_single_mod=yes
lt_cv_ar_at_file=no
lt_cv_deplibs_check_method=pass_all
lt_cv_file_magic_cmd='$MAGIC_CMD'
lt_cv_file_magic_test_file=
lt_cv_ld_exported_symbols_list=yes
lt_cv_ld_force_load=yes
lt_cv_ld_reload_flag=-r
lt_cv_nm_interface='BSD nm'
lt_cv_objdir=.libs
lt_cv_path_LD=/Developer/usr/libexec/gcc/i686-apple-darwin10/4.2.1/ld
lt_cv_path_LDCXX=/Developer/usr/libexec/gcc/i686-apple-darwin10/4.2.1/ld
lt_cv_path_NM=/Developer/usr/bin/nm
lt_cv_path_mainfest_tool=no
lt_cv_prog_compiler_c_o=yes
lt_cv_prog_compiler_c_o_CXX=yes
lt_cv_prog_compiler_pic='-fno-common -DPIC'
lt_cv_prog_compiler_pic_CXX='-fno-common -DPIC'
lt_cv_prog_compiler_pic_works=yes
lt_cv_prog_compiler_pic_works_CXX=yes
lt_cv_prog_compiler_rtti_exceptions=no
lt_cv_prog_compiler_static_works=no
lt_cv_prog_compiler_static_works_CXX=no
lt_cv_prog_gnu_ld=no
lt_cv_prog_gnu_ldcxx=no
lt_cv_sharedlib_from_linklib_cmd='printf %s\n'
lt_cv_sys_global_symbol_pipe='sed -n -e '\''s/^.*[	 ]\([BCDEGRST][BCDEGRST]*\)[	 ][	 ]*_\([_A-Za-z][_A-Za-z0-9]*\)$/\1 _\2 \2/p'\'' | sed '\''/ __gnu_lto/d'\'''
lt_cv_sys_global_symbol_to_c_name_address='sed -n -e '\''s/^: \([^ ]*\)[ ]*$/  {\"\1\", (void *) 0},/p'\'' -e '\''s/^[BCDEGRST]* \([^ ]*\) \([^ ]*\)$/  {"\2", (void *) \&\2},/p'\'''
lt_cv_sys_global_symbol_to_c_name_address_lib_prefix='sed -n -e '\''s/^: \([^ ]*\)[ ]*$/  {\"\1\", (void *) 0},/p'\'' -e '\''s/^[BCDEGRST]* \([^ ]*\) \(lib[^ ]*\)$/  {"\2", (void *) \&\2},/p'\'' -e '\''s/^[BCDEGRST]* \([^ ]*\) \([^ ]*\)$/  {"lib\2", (void *) \&\2},/p'\'''
lt_cv_sys_global_symbol_to_cdecl='sed -n -e '\''s/^T .* \(.*\)$/extern int \1();/p'\'' -e '\''s/^[BCDEGRST]* .* \(.*\)$/extern char \1;/p'\'''
lt_cv_sys_max_cmd_len=196608
lt_cv_to_host_file_cmd=func_convert_file_noop
lt_cv_to_tool_file_cmd=func_convert_file_noop
svn_cv_pycfmt_apr_int64_t=l
svn_cv_ruby_major=1
svn_cv_ruby_minor=9

## ----------------- ##
## Output variables. ##
## ----------------- ##

APACHE_INCLUDES=' -I/usr/include/apache2'
APACHE_LDFLAGS=''
APACHE_LIBEXECDIR='/usr/libexec/apache2'
APXS='/usr/sbin/apxs'
AR='ar'
AWK='gawk'
BDB_TEST_DEPS=''
BDB_TEST_PROGRAMS=''
BUILD_RULES='fsmod-lib ramod-lib lib bin test apache-mod tools neon-lib'
CC='gcc-4.2'
CFLAGS='-Wall -force_cpusubtype_ALL -mmacosx-version-min=10.4 -arch i386 -arch ppc -arch x86_64    -Werror=implicit-function-declaration'
CPP='gcc-4.2 -E'
CPPFLAGS=' -I/opt/mapc/include -I/opt/cuscus/include -I/usr/local/include -I/opt/local/include -I/Developer/usr/include -I/include -I/usr/include -I/opt/X11/include -I/usr/X11/include -I/opt/sw/include   -DDARWIN -DSIGPROCMASK_SETS_THREAD_MASK -no-cpp-precomp -DDARWIN_10'
CTYPESGEN='none'
CXX='gcc-4.2'
CXXCPP='gcc-4.2 -E'
CXXFLAGS='-Wall -force_cpusubtype_ALL -mmacosx-version-min=10.4 -arch i386 -arch ppc -arch x86_64'
DEFS='-DHAVE_CONFIG_H'
DLLTOOL='false'
DOXYGEN='none'
DSYMUTIL='dsymutil'
DUMPBIN=''
ECHO_C='\c'
ECHO_N=''
ECHO_T=''
EGREP='/usr/bin/grep -E'
EXEEXT=''
FGREP='/usr/bin/grep -F'
FIX_JAVAHL_LIB=''
GETTEXT_CODESET='#'
GREP='/usr/bin/grep'
INCLUDE_OUTPUTS='include $(top_srcdir)/build-outputs.mk'
INSTALL_DATA='${INSTALL} -m 644'
INSTALL_EXTRA_JAVAHL_LIB=''
INSTALL_PROGRAM='${INSTALL}'
INSTALL_RULES='install-fsmod-lib install-ramod-lib install-neon-lib install-lib install-include install-static install-mods-shared'
INSTALL_SCRIPT='${INSTALL}'
INSTALL_STATIC_RULES='install-bin install-docs install-neon-lib'
JAR='$(JDK)/bin/jar'
JAVA='$(JDK)/bin/java'
JAVAC='$(JDK)/bin/javac'
JAVAC_FLAGS='-target 1.5 -source 1.5'
JAVADOC='$(JDK)/bin/javadoc'
JAVAH='$(JDK)/bin/javah'
JAVAHL_COMPAT_TESTS_TARGET=''
JAVAHL_OBJDIR=''
JAVAHL_TESTS_TARGET=''
JAVA_CLASSPATH=''
JDK='/Library/Java/Home'
JNI_INCLUDES='-I/Library/Java/Home/include'
KDE4_CONFIG=''
KRB5_CONFIG=''
LD='/Developer/usr/libexec/gcc/i686-apple-darwin10/4.2.1/ld'
LDFLAGS='-L/Developer/Projects/cube2/sauerbomber/trunk/src/xcode/Libs/lib/  -L/opt/mapc/lib -L/opt/cuscus/lib -L/usr/local/lib -L/opt/local/lib -L/Developer/usr/lib -L/lib -L/usr/lib -L/opt/X11/lib -L/usr/X11/lib -L/opt/sw/lib  -L/opt/local/lib/db46 -L/opt/local/lib'
LIBOBJS=''
LIBS='-lstdc++ -framework Security -framework CoreFoundation -framework CoreServices'
LIBTOOL='$(SHELL) $(top_builddir)/libtool'
LIPO='lipo'
LN_S='ln -s'
LTLIBOBJS=''
LT_CFLAGS=''
LT_CXX_LIBADD=''
LT_LDFLAGS=''
LT_NO_UNDEFINED=''
MANIFEST_TOOL=':'
MKDIR='/usr/bin/install -c -d'
MOD_ACTIVATION=''
MSGFMT='/opt/local/bin/msgfmt'
MSGFMTFLAGS=''
MSGMERGE='/opt/local/bin/msgmerge'
NEON_LIBS='-L/opt/local/lib -arch x86_64 -L/opt/local/lib -lneon -lintl -lz -L/opt/local/lib -lssl -lcrypto -lz -dynamic -O2 -arch x86_64 -Wl,-search_paths_first -lgssapi_krb5 -lkrb5 -lk5crypto -lcom_err -lresolv -lexpat'
NM='/Developer/usr/bin/nm'
NMEDIT='nmedit'
NO_GETTEXT_CODESET='#'
OBJDUMP='false'
OBJEXT='o'
OTOOL64=':'
OTOOL='otool'
PACKAGE_BUGREPORT='http://subversion.apache.org/'
PACKAGE_NAME='subversion'
PACKAGE_STRING='subversion 1.7.2'
PACKAGE_TARNAME='subversion'
PACKAGE_URL=''
PACKAGE_VERSION='1.7.2'
PATH_SEPARATOR=':'
PERL='/opt/local/bin/perl'
PKG_CONFIG='/usr/local/bin/pkg-config'
PYTHON='/opt/local/bin/python'
RANLIB='ranlib'
RDOC='/usr/local/bin/rdoc'
RUBY='none'
RUBY_MAJOR='1'
RUBY_MINOR='9'
SED='/usr/bin/sed'
SHELL='/bin/sh'
STRIP='strip'
SVN_APRUTIL_CONFIG='apu-1-config'
SVN_APRUTIL_INCLUDES=' -I/opt/local/include/apr-1 -I/opt/local/include'
SVN_APRUTIL_LIBS='-L/opt/local/lib -laprutil-1   -ldb-4.6    -lexpat -liconv'
SVN_APRUTIL_PREFIX='/opt/local'
SVN_APR_CONFIG='/Developer/Projects/cube2/sauerbomber/trunk/src/xcode/Libs/bin/apr-1-config'
SVN_APR_INCLUDES=' -I/Developer/Projects/cube2/sauerbomber/trunk/src/xcode/Libs/include/apr-1 '
SVN_APR_LIBS='-L/Developer/Projects/cube2/sauerbomber/trunk/src/xcode/Libs/lib -lapr-1'
SVN_APR_MEMCACHE_INCLUDES=''
SVN_APR_MEMCACHE_LIBS=''
SVN_APR_MEMCACHE_PREFIX=''
SVN_APR_PREFIX='/Developer/Projects/cube2/sauerbomber/trunk/src/xcode/Libs'
SVN_APR_SHLIB_PATH_VAR='DYLD_LIBRARY_PATH'
SVN_BINDIR='/Developer/Projects/cube2/sauerbomber/trunk/src/xcode/Libs/bin'
SVN_CONFIG_SCRIPT_FILES=' tools/backup/hot-backup.py tools/hook-scripts/commit-access-control.pl subversion/bindings/swig/perl/native/Makefile.PL'
SVN_DB_INCLUDES=''
SVN_DB_LIBS='-ldb-4.6'
SVN_EXTERNAL_PROJECT_SUBDIRS=''
SVN_FS_LIB_DEPS='$(FS_FS_DEPS)'
SVN_FS_LIB_INSTALL_DEPS='install-fsmod-lib'
SVN_FS_LIB_LINK='$(FS_FS_LINK)'
SVN_GNOME_KEYRING_INCLUDES=''
SVN_GNOME_KEYRING_LIBS=''
SVN_GSSAPI_INCLUDES=''
SVN_GSSAPI_LIBS=''
SVN_KWALLET_INCLUDES=''
SVN_KWALLET_LIBS=''
SVN_LIBTOOL='$(SHELL) /Developer/Projects/cube2/sauerbomber/trunk/src/xcode/Libs/src/subversion-1.7.2/libtool'
SVN_LT_SOVERSION='-version-info 0'
SVN_MAGIC_INCLUDES=''
SVN_MAGIC_LIBS=''
SVN_NEON_INCLUDES='-I/opt/local/include/neon'
SVN_RA_LIB_DEPS='$(RA_LOCAL_DEPS) $(RA_SVN_DEPS) $(RA_NEON_DEPS)'
SVN_RA_LIB_INSTALL_DEPS='install-ramod-lib install-neon-lib'
SVN_RA_LIB_LINK='$(RA_LOCAL_LINK) $(RA_SVN_LINK) $(RA_NEON_LINK)'
SVN_SASL_INCLUDES=''
SVN_SASL_LIBS=''
SVN_SERF_INCLUDES=''
SVN_SERF_LIBS=''
SVN_SERF_PREFIX=''
SVN_SQLITE_INCLUDES='-I/opt/local/include  '
SVN_SQLITE_LIBS='-L/opt/local/lib -lsqlite3  '
SVN_XML_INCLUDES=''
SVN_XML_LIBS=''
SVN_ZLIB_INCLUDES=''
SVN_ZLIB_LIBS='-lz'
SVN_ZLIB_PREFIX=''
SWIG='/usr/bin/swig'
SWIG_LDFLAGS='-L/Developer/Projects/cube2/sauerbomber/trunk/src/xcode/Libs/lib/  -L/opt/mapc/lib -L/opt/cuscus/lib -L/usr/local/lib -L/opt/local/lib -L/Developer/usr/lib -L/lib -L/usr/lib -L/opt/X11/lib -L/usr/X11/lib -L/opt/sw/lib'
SWIG_PL_INCLUDES='$(SWIG_INCLUDES)  -O2   -fno-common -DPERL_DARWIN -I/opt/local/include -no-cpp-precomp -fno-strict-aliasing -pipe -fstack-protector -I/opt/local/include  -I/opt/local/lib/perl5/5.12.3/darwin-multi-2level/CORE '
SWIG_PY_COMPILE='/usr/bin/gcc-4.2  -Wall -force_cpusubtype_ALL -mmacosx-version-min=10.4 -arch i386 -arch ppc -arch x86_64    -Werror=implicit-function-declaration'
SWIG_PY_INCLUDES='$(SWIG_INCLUDES) -I/opt/local/Library/Frameworks/Python.framework/Versions/2.6/include/python2.6'
SWIG_PY_LIBS='-L/opt/local/lib -bundle -undefined dynamic_lookup -F/opt/local/Library/Frameworks -framework Python'
SWIG_PY_LINK='/usr/bin/gcc-4.2 -L/opt/local/lib -bundle -undefined dynamic_lookup -F/opt/local/Library/Frameworks -framework Python'
SWIG_RB_COMPILE='none'
SWIG_RB_INCLUDES=''
SWIG_RB_LIBS=''
SWIG_RB_LINK='none'
SWIG_RB_SITE_ARCH_DIR=''
SWIG_RB_SITE_LIB_DIR=''
SWIG_RB_TEST_VERBOSE=''
TRANG='none'
TRANSFORM_LIBTOOL_SCRIPTS=''
XGETTEXT='/opt/local/bin/xgettext'
abs_builddir='/Developer/Projects/cube2/sauerbomber/trunk/src/xcode/Libs/src/subversion-1.7.2'
abs_srcdir='/Developer/Projects/cube2/sauerbomber/trunk/src/xcode/Libs/src/subversion-1.7.2'
ac_ct_AR='ar'
ac_ct_CC='gcc-4.2'
ac_ct_CXX=''
ac_ct_DUMPBIN=''
bindir='${exec_prefix}/bin'
build='x86_64-apple-darwin10.8.0'
build_alias=''
build_cpu='x86_64'
build_os='darwin10.8.0'
build_vendor='apple'
canonicalized_srcdir=''
datadir='${datarootdir}'
datarootdir='${prefix}/share'
docdir='${datarootdir}/doc/${PACKAGE_TARNAME}'
dvidir='${docdir}'
exec_prefix='${prefix}'
host='x86_64-apple-darwin10.8.0'
host_alias=''
host_cpu='x86_64'
host_os='darwin10.8.0'
host_vendor='apple'
htmldir='${docdir}'
includedir='${prefix}/include'
infodir='${datarootdir}/info'
libdir='${exec_prefix}/lib'
libexecdir='${exec_prefix}/libexec'
libsvn_auth_gnome_keyring_LDFLAGS=''
libsvn_auth_kwallet_LDFLAGS=''
libsvn_client_LDFLAGS=''
libsvn_delta_LDFLAGS=''
libsvn_diff_LDFLAGS=''
libsvn_fs_LDFLAGS=''
libsvn_fs_base_LDFLAGS=''
libsvn_fs_fs_LDFLAGS=''
libsvn_fs_util_LDFLAGS=''
libsvn_ra_LDFLAGS=''
libsvn_ra_local_LDFLAGS=''
libsvn_ra_neon_LDFLAGS=''
libsvn_ra_serf_LDFLAGS=''
libsvn_ra_svn_LDFLAGS=''
libsvn_repos_LDFLAGS=''
libsvn_subr_LDFLAGS=''
libsvn_wc_LDFLAGS=''
localedir='${datadir}/locale'
localstatedir='${prefix}/var'
mandir='${datarootdir}/man'
neon_config='/opt/local/bin/neon-config'
oldincludedir='/usr/include'
pdfdir='${docdir}'
prefix='/Developer/Projects/cube2/sauerbomber/trunk/src/xcode/Libs'
program_transform_name='s,x,x,'
psdir='${docdir}'
sbindir='${exec_prefix}/sbin'
sharedstatedir='${prefix}/com'
sysconfdir='${prefix}/etc'
target='x86_64-apple-darwin10.8.0'
target_alias=''
target_cpu='x86_64'
target_os='darwin10.8.0'
target_vendor='apple'

## ----------- ##
## confdefs.h. ##
## ----------- ##

/* confdefs.h */
#define PACKAGE_NAME "subversion"
#define PACKAGE_TARNAME "subversion"
#define PACKAGE_VERSION "1.7.2"
#define PACKAGE_STRING "subversion 1.7.2"
#define PACKAGE_BUGREPORT "http://subversion.apache.org/"
#define PACKAGE_URL ""
#define SVN_NEON_0_26 1
#define SVN_NEON_0_27 1
#define SVN_NEON_0_28 1
#define SVN_HAVE_NEON 1
#define STDC_HEADERS 1
#define HAVE_SYS_TYPES_H 1
#define HAVE_SYS_STAT_H 1
#define HAVE_STDLIB_H 1
#define HAVE_STRING_H 1
#define HAVE_MEMORY_H 1
#define HAVE_STRINGS_H 1
#define HAVE_INTTYPES_H 1
#define HAVE_STDINT_H 1
#define HAVE_UNISTD_H 1
#define SVN_HAVE_MEMCACHE 1
#define SVN_BINDIR "/Developer/Projects/cube2/sauerbomber/trunk/src/xcode/Libs/bin"
#define SVN_LOCALE_DIR "/Developer/Projects/cube2/sauerbomber/trunk/src/xcode/Libs/share/locale"
#define HAVE_DLFCN_H 1
#define LT_OBJDIR ".libs/"
#define SVN_FS_WANT_DB_MAJOR 4
#define SVN_FS_WANT_DB_MINOR 0
#define SVN_FS_WANT_DB_PATCH 14
#define SVN_HAVE_KEYCHAIN_SERVICES 1
#define STDC_HEADERS 1
#define HAVE_VPRINTF 1
#define HAVE_SYMLINK 1
#define HAVE_READLINK 1
#define SVN_APR_INT64_T_PYCFMT "l"
#define SVN_LIBSVN_CLIENT_LINKS_RA_LOCAL 1
#define SVN_LIBSVN_CLIENT_LINKS_RA_SVN 1
#define SVN_LIBSVN_CLIENT_LINKS_RA_NEON 1
#define SVN_LIBSVN_FS_LINKS_FS_FS 1
#define SVN_PATH_LOCAL_SEPARATOR '/'
#define SVN_NULL_DEVICE_NAME "/dev/null"
#define DEFAULT_FS_TYPE "fsfs"
#define DEFAULT_HTTP_LIBRARY "neon"

configure: exit 0
